<?xml version="1.0" encoding="UTF-8"?>
<coverage generated="1717029854138" clover="3.2.0">
  <project timestamp="1717029854138" name="All files">
    <metrics statements="25" coveredstatements="25" conditionals="11" coveredconditionals="11" methods="11" coveredmethods="11" elements="47" coveredelements="47" complexity="0" loc="25" ncloc="25" packages="3" files="3" classes="3"/>
    <package name="ActualityButton">
      <metrics statements="19" coveredstatements="19" conditionals="6" coveredconditionals="6" methods="9" coveredmethods="9"/>
      <file name="index.tsx" path="C:\Users\Kacper\Desktop\Pracownia_webowych\ProjektWebowe\frontend\src\components\ActualityButton\index.tsx">
        <metrics statements="19" coveredstatements="19" conditionals="6" coveredconditionals="6" methods="9" coveredmethods="9"/>
        <line num="1" count="1" type="stmt"/>
        <line num="9" count="1" type="stmt"/>
        <line num="11" count="6" type="stmt"/>
        <line num="13" count="6" type="stmt"/>
        <line num="14" count="2" type="stmt"/>
        <line num="17" count="2" type="stmt"/>
        <line num="22" count="2" type="stmt"/>
        <line num="23" count="2" type="stmt"/>
        <line num="24" count="1" type="stmt"/>
        <line num="26" count="1" type="stmt"/>
        <line num="29" count="1" type="stmt"/>
        <line num="33" count="6" type="stmt"/>
        <line num="34" count="2" type="stmt"/>
        <line num="37" count="2" type="stmt"/>
        <line num="42" count="2" type="stmt"/>
        <line num="43" count="1" type="stmt"/>
        <line num="45" count="1" type="stmt"/>
        <line num="48" count="1" type="stmt"/>
        <line num="52" count="6" type="stmt"/>
      </file>
    </package>
    <package name="Heading">
      <metrics statements="4" coveredstatements="4" conditionals="2" coveredconditionals="2" methods="1" coveredmethods="1"/>
      <file name="index.tsx" path="C:\Users\Kacper\Desktop\Pracownia_webowych\ProjektWebowe\frontend\src\components\Heading\index.tsx">
        <metrics statements="4" coveredstatements="4" conditionals="2" coveredconditionals="2" methods="1" coveredmethods="1"/>
        <line num="1" count="1" type="stmt"/>
        <line num="8" count="1" type="cond" truecount="2" falsecount="0"/>
        <line num="9" count="4" type="stmt"/>
        <line num="10" count="4" type="stmt"/>
      </file>
    </package>
    <package name="LinkButton">
      <metrics statements="2" coveredstatements="2" conditionals="3" coveredconditionals="3" methods="1" coveredmethods="1"/>
      <file name="index.tsx" path="C:\Users\Kacper\Desktop\Pracownia_webowych\ProjektWebowe\frontend\src\components\LinkButton\index.tsx">
        <metrics statements="2" coveredstatements="2" conditionals="3" coveredconditionals="3" methods="1" coveredmethods="1"/>
        <line num="8" count="1" type="cond" truecount="1" falsecount="0"/>
        <line num="9" count="5" type="stmt"/>
      </file>
    </package>
  </project>
</coverage>
