{"C:\\Users\\Kacper\\Desktop\\Pracownia_webowych\\ProjektWebowe\\frontend\\src\\components\\ActualityButton\\index.tsx": {"path":"C:\\Users\\Kacper\\Desktop\\Pracownia_webowych\\ProjektWebowe\\frontend\\src\\components\\ActualityButton\\index.tsx","statementMap":{"0":{"start":{"line":1,"column":0},"end":{"line":1,"column":33}},"1":{"start":{"line":11,"column":37},"end":{"line":11,"column":55}},"2":{"start":{"line":13,"column":24},"end":{"line":31,"column":5}},"3":{"start":{"line":14,"column":24},"end":{"line":16,"column":10}},"4":{"start":{"line":17,"column":31},"end":{"line":21,"column":10}},"5":{"start":{"line":22,"column":8},"end":{"line":22,"column":45}},"6":{"start":{"line":23,"column":8},"end":{"line":30,"column":15}},"7":{"start":{"line":24,"column":30},"end":{"line":24,"column":45}},"8":{"start":{"line":26,"column":16},"end":{"line":26,"column":35}},"9":{"start":{"line":29,"column":16},"end":{"line":29,"column":33}},"10":{"start":{"line":33,"column":25},"end":{"line":50,"column":5}},"11":{"start":{"line":34,"column":24},"end":{"line":36,"column":10}},"12":{"start":{"line":37,"column":31},"end":{"line":41,"column":10}},"13":{"start":{"line":42,"column":8},"end":{"line":49,"column":15}},"14":{"start":{"line":43,"column":30},"end":{"line":43,"column":45}},"15":{"start":{"line":45,"column":16},"end":{"line":45,"column":36}},"16":{"start":{"line":48,"column":16},"end":{"line":48,"column":33}},"17":{"start":{"line":52,"column":4},"end":{"line":56,"column":6}},"18":{"start":{"line":9,"column":0},"end":{"line":9,"column":24}}},"fnMap":{"0":{"name":"ActualityButton","decl":{"start":{"line":9,"column":24},"end":{"line":9,"column":39}},"loc":{"start":{"line":9,"column":84},"end":{"line":57,"column":1}}},"1":{"name":"(anonymous_1)","decl":{"start":{"line":13,"column":24},"end":{"line":13,"column":27}},"loc":{"start":{"line":13,"column":29},"end":{"line":31,"column":5}}},"2":{"name":"(anonymous_2)","decl":{"start":{"line":24,"column":18},"end":{"line":24,"column":26}},"loc":{"start":{"line":24,"column":30},"end":{"line":24,"column":45}}},"3":{"name":"(anonymous_3)","decl":{"start":{"line":25,"column":26},"end":{"line":25,"column":29}},"loc":{"start":{"line":25,"column":31},"end":{"line":27,"column":13}}},"4":{"name":"(anonymous_4)","decl":{"start":{"line":28,"column":19},"end":{"line":28,"column":22}},"loc":{"start":{"line":28,"column":25},"end":{"line":30,"column":13}}},"5":{"name":"(anonymous_5)","decl":{"start":{"line":33,"column":25},"end":{"line":33,"column":28}},"loc":{"start":{"line":33,"column":30},"end":{"line":50,"column":5}}},"6":{"name":"(anonymous_6)","decl":{"start":{"line":43,"column":18},"end":{"line":43,"column":26}},"loc":{"start":{"line":43,"column":30},"end":{"line":43,"column":45}}},"7":{"name":"(anonymous_7)","decl":{"start":{"line":44,"column":26},"end":{"line":44,"column":29}},"loc":{"start":{"line":44,"column":31},"end":{"line":46,"column":13}}},"8":{"name":"(anonymous_8)","decl":{"start":{"line":47,"column":19},"end":{"line":47,"column":22}},"loc":{"start":{"line":47,"column":25},"end":{"line":49,"column":13}}}},"branchMap":{"0":{"loc":{"start":{"line":53,"column":34},"end":{"line":53,"column":73}},"type":"cond-expr","locations":[{"start":{"line":53,"column":45},"end":{"line":53,"column":57}},{"start":{"line":53,"column":60},"end":{"line":53,"column":73}}]},"1":{"loc":{"start":{"line":53,"column":86},"end":{"line":53,"column":123}},"type":"cond-expr","locations":[{"start":{"line":53,"column":97},"end":{"line":53,"column":109}},{"start":{"line":53,"column":112},"end":{"line":53,"column":123}}]},"2":{"loc":{"start":{"line":54,"column":13},"end":{"line":54,"column":70}},"type":"cond-expr","locations":[{"start":{"line":54,"column":24},"end":{"line":54,"column":47}},{"start":{"line":54,"column":50},"end":{"line":54,"column":70}}]}},"s":{"0":1,"1":6,"2":6,"3":2,"4":2,"5":2,"6":2,"7":1,"8":1,"9":1,"10":6,"11":2,"12":2,"13":2,"14":1,"15":1,"16":1,"17":6,"18":1},"f":{"0":6,"1":2,"2":1,"3":1,"4":1,"5":2,"6":1,"7":1,"8":1},"b":{"0":[3,3],"1":[3,3],"2":[3,3]}}
,"C:\\Users\\Kacper\\Desktop\\Pracownia_webowych\\ProjektWebowe\\frontend\\src\\components\\Heading\\index.tsx": {"path":"C:\\Users\\Kacper\\Desktop\\Pracownia_webowych\\ProjektWebowe\\frontend\\src\\components\\Heading\\index.tsx","statementMap":{"0":{"start":{"line":1,"column":0},"end":{"line":1,"column":31}},"1":{"start":{"line":9,"column":17},"end":{"line":9,"column":28}},"2":{"start":{"line":10,"column":4},"end":{"line":10,"column":62}},"3":{"start":{"line":8,"column":0},"end":{"line":8,"column":24}}},"fnMap":{"0":{"name":"Heading","decl":{"start":{"line":8,"column":24},"end":{"line":8,"column":31}},"loc":{"start":{"line":8,"column":82},"end":{"line":11,"column":1}}}},"branchMap":{"0":{"loc":{"start":{"line":8,"column":33},"end":{"line":8,"column":42}},"type":"default-arg","locations":[{"start":{"line":8,"column":41},"end":{"line":8,"column":42}}]},"1":{"loc":{"start":{"line":8,"column":53},"end":{"line":8,"column":67}},"type":"default-arg","locations":[{"start":{"line":8,"column":65},"end":{"line":8,"column":67}}]}},"s":{"0":1,"1":4,"2":4,"3":1},"f":{"0":4},"b":{"0":[1],"1":[3]}}
,"C:\\Users\\Kacper\\Desktop\\Pracownia_webowych\\ProjektWebowe\\frontend\\src\\components\\LinkButton\\index.tsx": {"path":"C:\\Users\\Kacper\\Desktop\\Pracownia_webowych\\ProjektWebowe\\frontend\\src\\components\\LinkButton\\index.tsx","statementMap":{"0":{"start":{"line":9,"column":4},"end":{"line":14,"column":6}},"1":{"start":{"line":8,"column":0},"end":{"line":8,"column":24}}},"fnMap":{"0":{"name":"LinkButton","decl":{"start":{"line":8,"column":24},"end":{"line":8,"column":34}},"loc":{"start":{"line":8,"column":106},"end":{"line":15,"column":1}}}},"branchMap":{"0":{"loc":{"start":{"line":8,"column":52},"end":{"line":8,"column":81}},"type":"default-arg","locations":[{"start":{"line":8,"column":64},"end":{"line":8,"column":81}}]},"1":{"loc":{"start":{"line":12,"column":13},"end":{"line":12,"column":57}},"type":"binary-expr","locations":[{"start":{"line":12,"column":13},"end":{"line":12,"column":17}},{"start":{"line":12,"column":21},"end":{"line":12,"column":57}}]}},"s":{"0":5,"1":1},"f":{"0":5},"b":{"0":[4],"1":[5,1]}}
}
