{"C:\\Users\\Kacper\\Desktop\\Pracownia_webowych\\ProjektWebowe\\frontend\\src\\store.tsx": {"path":"C:\\Users\\Kacper\\Desktop\\Pracownia_webowych\\ProjektWebowe\\frontend\\src\\store.tsx","statementMap":{"0":{"start":{"line":1,"column":0},"end":{"line":1,"column":53}},"1":{"start":{"line":7,"column":13},"end":{"line":12,"column":3}}},"fnMap":{},"branchMap":{},"s":{"0":3,"1":3},"f":{},"b":{}}
,"C:\\Users\\Kacper\\Desktop\\Pracownia_webowych\\ProjektWebowe\\frontend\\src\\components\\ActualityButton\\index.tsx": {"path":"C:\\Users\\Kacper\\Desktop\\Pracownia_webowych\\ProjektWebowe\\frontend\\src\\components\\ActualityButton\\index.tsx","statementMap":{"0":{"start":{"line":1,"column":0},"end":{"line":1,"column":33}},"1":{"start":{"line":11,"column":37},"end":{"line":11,"column":55}},"2":{"start":{"line":13,"column":24},"end":{"line":31,"column":5}},"3":{"start":{"line":14,"column":24},"end":{"line":16,"column":10}},"4":{"start":{"line":17,"column":31},"end":{"line":21,"column":10}},"5":{"start":{"line":22,"column":8},"end":{"line":22,"column":45}},"6":{"start":{"line":23,"column":8},"end":{"line":30,"column":15}},"7":{"start":{"line":24,"column":30},"end":{"line":24,"column":45}},"8":{"start":{"line":26,"column":16},"end":{"line":26,"column":35}},"9":{"start":{"line":29,"column":16},"end":{"line":29,"column":33}},"10":{"start":{"line":33,"column":25},"end":{"line":50,"column":5}},"11":{"start":{"line":34,"column":24},"end":{"line":36,"column":10}},"12":{"start":{"line":37,"column":31},"end":{"line":41,"column":10}},"13":{"start":{"line":42,"column":8},"end":{"line":49,"column":15}},"14":{"start":{"line":43,"column":30},"end":{"line":43,"column":45}},"15":{"start":{"line":45,"column":16},"end":{"line":45,"column":36}},"16":{"start":{"line":48,"column":16},"end":{"line":48,"column":33}},"17":{"start":{"line":52,"column":4},"end":{"line":56,"column":6}},"18":{"start":{"line":9,"column":0},"end":{"line":9,"column":24}}},"fnMap":{"0":{"name":"ActualityButton","decl":{"start":{"line":9,"column":24},"end":{"line":9,"column":39}},"loc":{"start":{"line":9,"column":84},"end":{"line":57,"column":1}}},"1":{"name":"(anonymous_1)","decl":{"start":{"line":13,"column":24},"end":{"line":13,"column":27}},"loc":{"start":{"line":13,"column":29},"end":{"line":31,"column":5}}},"2":{"name":"(anonymous_2)","decl":{"start":{"line":24,"column":18},"end":{"line":24,"column":26}},"loc":{"start":{"line":24,"column":30},"end":{"line":24,"column":45}}},"3":{"name":"(anonymous_3)","decl":{"start":{"line":25,"column":26},"end":{"line":25,"column":29}},"loc":{"start":{"line":25,"column":31},"end":{"line":27,"column":13}}},"4":{"name":"(anonymous_4)","decl":{"start":{"line":28,"column":19},"end":{"line":28,"column":22}},"loc":{"start":{"line":28,"column":25},"end":{"line":30,"column":13}}},"5":{"name":"(anonymous_5)","decl":{"start":{"line":33,"column":25},"end":{"line":33,"column":28}},"loc":{"start":{"line":33,"column":30},"end":{"line":50,"column":5}}},"6":{"name":"(anonymous_6)","decl":{"start":{"line":43,"column":18},"end":{"line":43,"column":26}},"loc":{"start":{"line":43,"column":30},"end":{"line":43,"column":45}}},"7":{"name":"(anonymous_7)","decl":{"start":{"line":44,"column":26},"end":{"line":44,"column":29}},"loc":{"start":{"line":44,"column":31},"end":{"line":46,"column":13}}},"8":{"name":"(anonymous_8)","decl":{"start":{"line":47,"column":19},"end":{"line":47,"column":22}},"loc":{"start":{"line":47,"column":25},"end":{"line":49,"column":13}}}},"branchMap":{"0":{"loc":{"start":{"line":53,"column":34},"end":{"line":53,"column":73}},"type":"cond-expr","locations":[{"start":{"line":53,"column":45},"end":{"line":53,"column":57}},{"start":{"line":53,"column":60},"end":{"line":53,"column":73}}]},"1":{"loc":{"start":{"line":53,"column":86},"end":{"line":53,"column":123}},"type":"cond-expr","locations":[{"start":{"line":53,"column":97},"end":{"line":53,"column":109}},{"start":{"line":53,"column":112},"end":{"line":53,"column":123}}]},"2":{"loc":{"start":{"line":54,"column":13},"end":{"line":54,"column":70}},"type":"cond-expr","locations":[{"start":{"line":54,"column":24},"end":{"line":54,"column":47}},{"start":{"line":54,"column":50},"end":{"line":54,"column":70}}]}},"s":{"0":3,"1":7,"2":7,"3":2,"4":2,"5":2,"6":2,"7":1,"8":1,"9":1,"10":7,"11":2,"12":2,"13":2,"14":1,"15":1,"16":1,"17":7,"18":3},"f":{"0":7,"1":2,"2":1,"3":1,"4":1,"5":2,"6":1,"7":1,"8":1},"b":{"0":[4,3],"1":[4,3],"2":[4,3]}}
,"C:\\Users\\Kacper\\Desktop\\Pracownia_webowych\\ProjektWebowe\\frontend\\src\\components\\FindTarget\\index.tsx": {"path":"C:\\Users\\Kacper\\Desktop\\Pracownia_webowych\\ProjektWebowe\\frontend\\src\\components\\FindTarget\\index.tsx","statementMap":{"0":{"start":{"line":1,"column":4},"end":{"line":1,"column":37}},"1":{"start":{"line":9,"column":32},"end":{"line":9,"column":44}},"2":{"start":{"line":10,"column":38},"end":{"line":10,"column":67}},"3":{"start":{"line":12,"column":24},"end":{"line":33,"column":9}},"4":{"start":{"line":13,"column":35},"end":{"line":15,"column":14}},"5":{"start":{"line":17,"column":12},"end":{"line":32,"column":13}},"6":{"start":{"line":18,"column":16},"end":{"line":18,"column":null}},"7":{"start":{"line":19,"column":36},"end":{"line":23,"column":18}},"8":{"start":{"line":25,"column":16},"end":{"line":31,"column":23}},"9":{"start":{"line":26,"column":38},"end":{"line":26,"column":53}},"10":{"start":{"line":28,"column":24},"end":{"line":28,"column":null}},"11":{"start":{"line":29,"column":24},"end":{"line":29,"column":53}},"12":{"start":{"line":30,"column":24},"end":{"line":30,"column":54}},"13":{"start":{"line":35,"column":23},"end":{"line":44,"column":9}},"14":{"start":{"line":36,"column":12},"end":{"line":36,"column":65}},"15":{"start":{"line":37,"column":37},"end":{"line":37,"column":86}},"16":{"start":{"line":38,"column":12},"end":{"line":38,"column":31}},"17":{"start":{"line":39,"column":12},"end":{"line":43,"column":null}},"18":{"start":{"line":40,"column":16},"end":{"line":42,"column":17}},"19":{"start":{"line":41,"column":20},"end":{"line":41,"column":41}},"20":{"start":{"line":46,"column":8},"end":{"line":76,"column":10}},"21":{"start":{"line":50,"column":24},"end":{"line":50,"column":null}},"22":{"start":{"line":51,"column":24},"end":{"line":51,"column":48}},"23":{"start":{"line":52,"column":24},"end":{"line":52,"column":34}},"24":{"start":{"line":53,"column":24},"end":{"line":53,"column":64}},"25":{"start":{"line":63,"column":24},"end":{"line":64,"column":null}},"26":{"start":{"line":8,"column":4},"end":{"line":8,"column":28}}},"fnMap":{"0":{"name":"FindTarget","decl":{"start":{"line":8,"column":28},"end":{"line":8,"column":38}},"loc":{"start":{"line":8,"column":68},"end":{"line":77,"column":5}}},"1":{"name":"(anonymous_1)","decl":{"start":{"line":12,"column":24},"end":{"line":12,"column":27}},"loc":{"start":{"line":12,"column":29},"end":{"line":33,"column":9}}},"2":{"name":"(anonymous_2)","decl":{"start":{"line":26,"column":26},"end":{"line":26,"column":34}},"loc":{"start":{"line":26,"column":38},"end":{"line":26,"column":53}}},"3":{"name":"(anonymous_3)","decl":{"start":{"line":27,"column":26},"end":{"line":27,"column":30}},"loc":{"start":{"line":27,"column":33},"end":{"line":31,"column":21}}},"4":{"name":"(anonymous_4)","decl":{"start":{"line":35,"column":23},"end":{"line":35,"column":24}},"loc":{"start":{"line":35,"column":35},"end":{"line":44,"column":9}}},"5":{"name":"(anonymous_5)","decl":{"start":{"line":39,"column":25},"end":{"line":39,"column":31}},"loc":{"start":{"line":39,"column":33},"end":{"line":43,"column":13}}},"6":{"name":"(anonymous_6)","decl":{"start":{"line":49,"column":30},"end":{"line":49,"column":31}},"loc":{"start":{"line":49,"column":36},"end":{"line":54,"column":21}}},"7":{"name":"(anonymous_7)","decl":{"start":{"line":62,"column":34},"end":{"line":62,"column":35}},"loc":{"start":{"line":63,"column":24},"end":{"line":64,"column":null}}}},"branchMap":{"0":{"loc":{"start":{"line":17,"column":12},"end":{"line":32,"column":13}},"type":"if","locations":[{"start":{"line":17,"column":12},"end":{"line":32,"column":13}}]},"1":{"loc":{"start":{"line":40,"column":16},"end":{"line":42,"column":17}},"type":"if","locations":[{"start":{"line":40,"column":16},"end":{"line":42,"column":17}}]}},"s":{"0":2,"1":6,"2":6,"3":6,"4":3,"5":3,"6":2,"7":2,"8":2,"9":2,"10":2,"11":2,"12":2,"13":6,"14":0,"15":0,"16":0,"17":0,"18":0,"19":0,"20":6,"21":3,"22":3,"23":3,"24":3,"25":1,"26":2},"f":{"0":6,"1":3,"2":2,"3":2,"4":0,"5":0,"6":3,"7":1},"b":{"0":[2],"1":[0]}}
,"C:\\Users\\Kacper\\Desktop\\Pracownia_webowych\\ProjektWebowe\\frontend\\src\\components\\FollowButton\\index.tsx": {"path":"C:\\Users\\Kacper\\Desktop\\Pracownia_webowych\\ProjektWebowe\\frontend\\src\\components\\FollowButton\\index.tsx","statementMap":{"0":{"start":{"line":1,"column":0},"end":{"line":1,"column":33}},"1":{"start":{"line":2,"column":0},"end":{"line":2,"column":59}},"2":{"start":{"line":14,"column":17},"end":{"line":14,"column":42}},"3":{"start":{"line":15,"column":40},"end":{"line":15,"column":60}},"4":{"start":{"line":17,"column":19},"end":{"line":36,"column":5}},"5":{"start":{"line":18,"column":24},"end":{"line":21,"column":10}},"6":{"start":{"line":22,"column":31},"end":{"line":26,"column":10}},"7":{"start":{"line":27,"column":8},"end":{"line":27,"column":45}},"8":{"start":{"line":28,"column":8},"end":{"line":35,"column":15}},"9":{"start":{"line":29,"column":30},"end":{"line":29,"column":45}},"10":{"start":{"line":31,"column":16},"end":{"line":31,"column":35}},"11":{"start":{"line":34,"column":16},"end":{"line":34,"column":33}},"12":{"start":{"line":38,"column":21},"end":{"line":55,"column":5}},"13":{"start":{"line":39,"column":28},"end":{"line":42,"column":10}},"14":{"start":{"line":43,"column":31},"end":{"line":45,"column":10}},"15":{"start":{"line":46,"column":8},"end":{"line":46,"column":33}},"16":{"start":{"line":47,"column":8},"end":{"line":54,"column":15}},"17":{"start":{"line":48,"column":30},"end":{"line":48,"column":45}},"18":{"start":{"line":50,"column":16},"end":{"line":50,"column":36}},"19":{"start":{"line":53,"column":16},"end":{"line":53,"column":33}},"20":{"start":{"line":57,"column":4},"end":{"line":61,"column":6}},"21":{"start":{"line":13,"column":0},"end":{"line":13,"column":24}}},"fnMap":{"0":{"name":"FollowButton","decl":{"start":{"line":13,"column":24},"end":{"line":13,"column":36}},"loc":{"start":{"line":13,"column":80},"end":{"line":62,"column":1}}},"1":{"name":"(anonymous_1)","decl":{"start":{"line":17,"column":19},"end":{"line":17,"column":22}},"loc":{"start":{"line":17,"column":24},"end":{"line":36,"column":5}}},"2":{"name":"(anonymous_2)","decl":{"start":{"line":29,"column":18},"end":{"line":29,"column":26}},"loc":{"start":{"line":29,"column":30},"end":{"line":29,"column":45}}},"3":{"name":"(anonymous_3)","decl":{"start":{"line":30,"column":18},"end":{"line":30,"column":21}},"loc":{"start":{"line":30,"column":23},"end":{"line":32,"column":13}}},"4":{"name":"(anonymous_4)","decl":{"start":{"line":33,"column":19},"end":{"line":33,"column":22}},"loc":{"start":{"line":33,"column":25},"end":{"line":35,"column":13}}},"5":{"name":"(anonymous_5)","decl":{"start":{"line":38,"column":21},"end":{"line":38,"column":24}},"loc":{"start":{"line":38,"column":26},"end":{"line":55,"column":5}}},"6":{"name":"(anonymous_6)","decl":{"start":{"line":48,"column":18},"end":{"line":48,"column":26}},"loc":{"start":{"line":48,"column":30},"end":{"line":48,"column":45}}},"7":{"name":"(anonymous_7)","decl":{"start":{"line":49,"column":18},"end":{"line":49,"column":21}},"loc":{"start":{"line":49,"column":23},"end":{"line":51,"column":13}}},"8":{"name":"(anonymous_8)","decl":{"start":{"line":52,"column":19},"end":{"line":52,"column":22}},"loc":{"start":{"line":52,"column":25},"end":{"line":54,"column":13}}}},"branchMap":{"0":{"loc":{"start":{"line":58,"column":92},"end":{"line":58,"column":134}},"type":"cond-expr","locations":[{"start":{"line":58,"column":106},"end":{"line":58,"column":118}},{"start":{"line":58,"column":121},"end":{"line":58,"column":134}}]},"1":{"loc":{"start":{"line":58,"column":147},"end":{"line":58,"column":178}},"type":"cond-expr","locations":[{"start":{"line":58,"column":161},"end":{"line":58,"column":169}},{"start":{"line":58,"column":172},"end":{"line":58,"column":178}}]},"2":{"loc":{"start":{"line":59,"column":13},"end":{"line":59,"column":48}},"type":"cond-expr","locations":[{"start":{"line":59,"column":27},"end":{"line":59,"column":37}},{"start":{"line":59,"column":40},"end":{"line":59,"column":48}}]}},"s":{"0":2,"1":2,"2":4,"3":4,"4":4,"5":1,"6":1,"7":1,"8":1,"9":1,"10":1,"11":0,"12":4,"13":1,"14":1,"15":1,"16":1,"17":1,"18":1,"19":0,"20":4,"21":2},"f":{"0":4,"1":1,"2":1,"3":1,"4":0,"5":1,"6":1,"7":1,"8":0},"b":{"0":[2,2],"1":[2,2],"2":[2,2]}}
,"C:\\Users\\Kacper\\Desktop\\Pracownia_webowych\\ProjektWebowe\\frontend\\src\\components\\Footer\\index.tsx": {"path":"C:\\Users\\Kacper\\Desktop\\Pracownia_webowych\\ProjektWebowe\\frontend\\src\\components\\Footer\\index.tsx","statementMap":{"0":{"start":{"line":3,"column":4},"end":{"line":7,"column":null}},"1":{"start":{"line":2,"column":0},"end":{"line":2,"column":24}}},"fnMap":{"0":{"name":"Footer","decl":{"start":{"line":2,"column":24},"end":{"line":2,"column":30}},"loc":{"start":{"line":2,"column":30},"end":{"line":8,"column":1}}}},"branchMap":{},"s":{"0":2,"1":1},"f":{"0":2},"b":{}}
,"C:\\Users\\Kacper\\Desktop\\Pracownia_webowych\\ProjektWebowe\\frontend\\src\\components\\Heading\\index.tsx": {"path":"C:\\Users\\Kacper\\Desktop\\Pracownia_webowych\\ProjektWebowe\\frontend\\src\\components\\Heading\\index.tsx","statementMap":{"0":{"start":{"line":1,"column":0},"end":{"line":1,"column":31}},"1":{"start":{"line":9,"column":17},"end":{"line":9,"column":28}},"2":{"start":{"line":10,"column":4},"end":{"line":10,"column":62}},"3":{"start":{"line":8,"column":0},"end":{"line":8,"column":24}}},"fnMap":{"0":{"name":"Heading","decl":{"start":{"line":8,"column":24},"end":{"line":8,"column":31}},"loc":{"start":{"line":8,"column":82},"end":{"line":11,"column":1}}}},"branchMap":{"0":{"loc":{"start":{"line":8,"column":33},"end":{"line":8,"column":42}},"type":"default-arg","locations":[{"start":{"line":8,"column":41},"end":{"line":8,"column":42}}]},"1":{"loc":{"start":{"line":8,"column":53},"end":{"line":8,"column":67}},"type":"default-arg","locations":[{"start":{"line":8,"column":65},"end":{"line":8,"column":67}}]}},"s":{"0":3,"1":10,"2":10,"3":3},"f":{"0":10},"b":{"0":[1],"1":[3]}}
,"C:\\Users\\Kacper\\Desktop\\Pracownia_webowych\\ProjektWebowe\\frontend\\src\\components\\LinkButton\\index.tsx": {"path":"C:\\Users\\Kacper\\Desktop\\Pracownia_webowych\\ProjektWebowe\\frontend\\src\\components\\LinkButton\\index.tsx","statementMap":{"0":{"start":{"line":9,"column":4},"end":{"line":14,"column":6}},"1":{"start":{"line":8,"column":0},"end":{"line":8,"column":24}}},"fnMap":{"0":{"name":"LinkButton","decl":{"start":{"line":8,"column":24},"end":{"line":8,"column":34}},"loc":{"start":{"line":8,"column":106},"end":{"line":15,"column":1}}}},"branchMap":{"0":{"loc":{"start":{"line":8,"column":52},"end":{"line":8,"column":81}},"type":"default-arg","locations":[{"start":{"line":8,"column":64},"end":{"line":8,"column":81}}]},"1":{"loc":{"start":{"line":12,"column":13},"end":{"line":12,"column":57}},"type":"binary-expr","locations":[{"start":{"line":12,"column":13},"end":{"line":12,"column":17}},{"start":{"line":12,"column":21},"end":{"line":12,"column":57}}]}},"s":{"0":5,"1":2},"f":{"0":5},"b":{"0":[4],"1":[5,1]}}
,"C:\\Users\\Kacper\\Desktop\\Pracownia_webowych\\ProjektWebowe\\frontend\\src\\components\\LoginForm\\index.tsx": {"path":"C:\\Users\\Kacper\\Desktop\\Pracownia_webowych\\ProjektWebowe\\frontend\\src\\components\\LoginForm\\index.tsx","statementMap":{"0":{"start":{"line":1,"column":0},"end":{"line":1,"column":26}},"1":{"start":{"line":2,"column":0},"end":{"line":2,"column":33}},"2":{"start":{"line":3,"column":0},"end":{"line":3,"column":55}},"3":{"start":{"line":4,"column":0},"end":{"line":4,"column":35}},"4":{"start":{"line":5,"column":0},"end":{"line":5,"column":47}},"5":{"start":{"line":6,"column":0},"end":{"line":6,"column":60}},"6":{"start":{"line":9,"column":19},"end":{"line":9,"column":30}},"7":{"start":{"line":10,"column":36},"end":{"line":10,"column":73}},"8":{"start":{"line":11,"column":32},"end":{"line":11,"column":44}},"9":{"start":{"line":12,"column":21},"end":{"line":12,"column":34}},"10":{"start":{"line":14,"column":21},"end":{"line":49,"column":5}},"11":{"start":{"line":15,"column":8},"end":{"line":15,"column":27}},"12":{"start":{"line":16,"column":8},"end":{"line":19,"column":9}},"13":{"start":{"line":17,"column":12},"end":{"line":17,"column":25}},"14":{"start":{"line":18,"column":12},"end":{"line":18,"column":55}},"15":{"start":{"line":21,"column":24},"end":{"line":24,"column":10}},"16":{"start":{"line":26,"column":8},"end":{"line":48,"column":15}},"17":{"start":{"line":28,"column":16},"end":{"line":44,"column":17}},"18":{"start":{"line":29,"column":20},"end":{"line":43,"column":21}},"19":{"start":{"line":39,"column":24},"end":{"line":39,"column":null}},"20":{"start":{"line":40,"column":24},"end":{"line":40,"column":37}},"21":{"start":{"line":42,"column":24},"end":{"line":42,"column":52}},"22":{"start":{"line":46,"column":16},"end":{"line":46,"column":33}},"23":{"start":{"line":51,"column":4},"end":{"line":65,"column":6}},"24":{"start":{"line":55,"column":49},"end":{"line":55,"column":100}},"25":{"start":{"line":59,"column":49},"end":{"line":59,"column":103}},"26":{"start":{"line":8,"column":0},"end":{"line":8,"column":24}}},"fnMap":{"0":{"name":"LoginForm","decl":{"start":{"line":8,"column":24},"end":{"line":8,"column":33}},"loc":{"start":{"line":8,"column":33},"end":{"line":66,"column":1}}},"1":{"name":"(anonymous_1)","decl":{"start":{"line":14,"column":21},"end":{"line":14,"column":22}},"loc":{"start":{"line":14,"column":33},"end":{"line":49,"column":5}}},"2":{"name":"(anonymous_2)","decl":{"start":{"line":27,"column":18},"end":{"line":27,"column":19}},"loc":{"start":{"line":27,"column":26},"end":{"line":45,"column":13}}},"3":{"name":"(anonymous_3)","decl":{"start":{"line":45,"column":21},"end":{"line":45,"column":22}},"loc":{"start":{"line":45,"column":29},"end":{"line":48,"column":13}}},"4":{"name":"(anonymous_4)","decl":{"start":{"line":55,"column":42},"end":{"line":55,"column":43}},"loc":{"start":{"line":55,"column":49},"end":{"line":55,"column":100}}},"5":{"name":"(anonymous_5)","decl":{"start":{"line":59,"column":42},"end":{"line":59,"column":43}},"loc":{"start":{"line":59,"column":49},"end":{"line":59,"column":103}}}},"branchMap":{"0":{"loc":{"start":{"line":16,"column":8},"end":{"line":19,"column":9}},"type":"if","locations":[{"start":{"line":16,"column":8},"end":{"line":19,"column":9}}]},"1":{"loc":{"start":{"line":28,"column":16},"end":{"line":44,"column":17}},"type":"if","locations":[{"start":{"line":28,"column":16},"end":{"line":44,"column":17}}]},"2":{"loc":{"start":{"line":29,"column":20},"end":{"line":43,"column":21}},"type":"if","locations":[{"start":{"line":29,"column":20},"end":{"line":43,"column":21}},{"start":{"line":41,"column":27},"end":{"line":43,"column":21}}]}},"s":{"0":3,"1":3,"2":3,"3":3,"4":3,"5":3,"6":18,"7":18,"8":18,"9":18,"10":18,"11":5,"12":5,"13":2,"14":2,"15":3,"16":3,"17":2,"18":2,"19":0,"20":0,"21":1,"22":2,"23":18,"24":5,"25":5,"26":3},"f":{"0":18,"1":5,"2":2,"3":2,"4":5,"5":5},"b":{"0":[2],"1":[2],"2":[0,1]}}
,"C:\\Users\\Kacper\\Desktop\\Pracownia_webowych\\ProjektWebowe\\frontend\\src\\components\\Navbar\\index.tsx": {"path":"C:\\Users\\Kacper\\Desktop\\Pracownia_webowych\\ProjektWebowe\\frontend\\src\\components\\Navbar\\index.tsx","statementMap":{"0":{"start":{"line":1,"column":0},"end":{"line":1,"column":53}},"1":{"start":{"line":2,"column":0},"end":{"line":2,"column":51}},"2":{"start":{"line":3,"column":0},"end":{"line":3,"column":59}},"3":{"start":{"line":4,"column":0},"end":{"line":4,"column":57}},"4":{"start":{"line":8,"column":17},"end":{"line":8,"column":50}},"5":{"start":{"line":10,"column":20},"end":{"line":10,"column":32}},"6":{"start":{"line":11,"column":21},"end":{"line":11,"column":34}},"7":{"start":{"line":12,"column":26},"end":{"line":15,"column":5}},"8":{"start":{"line":13,"column":8},"end":{"line":13,"column":18}},"9":{"start":{"line":14,"column":8},"end":{"line":14,"column":22}},"10":{"start":{"line":17,"column":4},"end":{"line":55,"column":6}},"11":{"start":{"line":25,"column":48},"end":{"line":25,"column":61}},"12":{"start":{"line":26,"column":28},"end":{"line":26,"column":null}},"13":{"start":{"line":7,"column":0},"end":{"line":7,"column":24}}},"fnMap":{"0":{"name":"Navbar","decl":{"start":{"line":7,"column":24},"end":{"line":7,"column":30}},"loc":{"start":{"line":7,"column":30},"end":{"line":56,"column":1}}},"1":{"name":"(anonymous_1)","decl":{"start":{"line":12,"column":26},"end":{"line":12,"column":29}},"loc":{"start":{"line":12,"column":31},"end":{"line":15,"column":5}}},"2":{"name":"(anonymous_2)","decl":{"start":{"line":25,"column":39},"end":{"line":25,"column":44}},"loc":{"start":{"line":25,"column":48},"end":{"line":25,"column":61}}},"3":{"name":"(anonymous_3)","decl":{"start":{"line":25,"column":67},"end":{"line":25,"column":68}},"loc":{"start":{"line":26,"column":28},"end":{"line":26,"column":null}}}},"branchMap":{"0":{"loc":{"start":{"line":33,"column":21},"end":{"line":50,"column":null}},"type":"cond-expr","locations":[{"start":{"line":34,"column":24},"end":{"line":40,"column":null}},{"start":{"line":43,"column":24},"end":{"line":49,"column":null}}]}},"s":{"0":1,"1":1,"2":1,"3":1,"4":4,"5":4,"6":4,"7":4,"8":1,"9":1,"10":4,"11":40,"12":16,"13":1},"f":{"0":4,"1":1,"2":40,"3":16},"b":{"0":[2,2]}}
,"C:\\Users\\Kacper\\Desktop\\Pracownia_webowych\\ProjektWebowe\\frontend\\src\\components\\RegisterForm\\index.tsx": {"path":"C:\\Users\\Kacper\\Desktop\\Pracownia_webowych\\ProjektWebowe\\frontend\\src\\components\\RegisterForm\\index.tsx","statementMap":{"0":{"start":{"line":1,"column":0},"end":{"line":1,"column":33}},"1":{"start":{"line":2,"column":0},"end":{"line":2,"column":55}},"2":{"start":{"line":3,"column":0},"end":{"line":3,"column":36}},"3":{"start":{"line":4,"column":0},"end":{"line":4,"column":26}},"4":{"start":{"line":5,"column":0},"end":{"line":5,"column":47}},"5":{"start":{"line":6,"column":0},"end":{"line":6,"column":60}},"6":{"start":{"line":7,"column":0},"end":{"line":7,"column":70}},"7":{"start":{"line":10,"column":19},"end":{"line":10,"column":30}},"8":{"start":{"line":11,"column":36},"end":{"line":11,"column":99}},"9":{"start":{"line":12,"column":32},"end":{"line":12,"column":54}},"10":{"start":{"line":13,"column":21},"end":{"line":13,"column":34}},"11":{"start":{"line":15,"column":21},"end":{"line":69,"column":5}},"12":{"start":{"line":16,"column":8},"end":{"line":16,"column":27}},"13":{"start":{"line":17,"column":31},"end":{"line":17,"column":67}},"14":{"start":{"line":18,"column":8},"end":{"line":68,"column":9}},"15":{"start":{"line":19,"column":12},"end":{"line":19,"column":62}},"16":{"start":{"line":20,"column":12},"end":{"line":20,"column":38}},"17":{"start":{"line":21,"column":15},"end":{"line":68,"column":9}},"18":{"start":{"line":22,"column":12},"end":{"line":22,"column":38}},"19":{"start":{"line":23,"column":15},"end":{"line":68,"column":9}},"20":{"start":{"line":24,"column":29},"end":{"line":24,"column":90}},"21":{"start":{"line":25,"column":28},"end":{"line":29,"column":14}},"22":{"start":{"line":30,"column":12},"end":{"line":65,"column":19}},"23":{"start":{"line":33,"column":20},"end":{"line":61,"column":21}},"24":{"start":{"line":35,"column":24},"end":{"line":58,"column":31}},"25":{"start":{"line":37,"column":32},"end":{"line":55,"column":33}},"26":{"start":{"line":39,"column":36},"end":{"line":54,"column":37}},"27":{"start":{"line":49,"column":40},"end":{"line":49,"column":null}},"28":{"start":{"line":50,"column":40},"end":{"line":50,"column":61}},"29":{"start":{"line":53,"column":40},"end":{"line":53,"column":70}},"30":{"start":{"line":57,"column":32},"end":{"line":57,"column":71}},"31":{"start":{"line":60,"column":24},"end":{"line":60,"column":72}},"32":{"start":{"line":64,"column":20},"end":{"line":64,"column":43}},"33":{"start":{"line":67,"column":12},"end":{"line":67,"column":51}},"34":{"start":{"line":71,"column":4},"end":{"line":93,"column":6}},"35":{"start":{"line":75,"column":49},"end":{"line":75,"column":99}},"36":{"start":{"line":79,"column":49},"end":{"line":79,"column":100}},"37":{"start":{"line":83,"column":49},"end":{"line":83,"column":104}},"38":{"start":{"line":87,"column":49},"end":{"line":87,"column":104}},"39":{"start":{"line":89,"column":66},"end":{"line":89,"column":82}},"40":{"start":{"line":9,"column":0},"end":{"line":9,"column":24}}},"fnMap":{"0":{"name":"RegisterForm","decl":{"start":{"line":9,"column":24},"end":{"line":9,"column":36}},"loc":{"start":{"line":9,"column":36},"end":{"line":94,"column":1}}},"1":{"name":"(anonymous_1)","decl":{"start":{"line":15,"column":21},"end":{"line":15,"column":22}},"loc":{"start":{"line":15,"column":33},"end":{"line":69,"column":5}}},"2":{"name":"(anonymous_2)","decl":{"start":{"line":31,"column":22},"end":{"line":31,"column":23}},"loc":{"start":{"line":31,"column":30},"end":{"line":62,"column":17}}},"3":{"name":"(anonymous_3)","decl":{"start":{"line":36,"column":34},"end":{"line":36,"column":35}},"loc":{"start":{"line":36,"column":42},"end":{"line":56,"column":29}}},"4":{"name":"(anonymous_4)","decl":{"start":{"line":56,"column":37},"end":{"line":56,"column":38}},"loc":{"start":{"line":56,"column":45},"end":{"line":58,"column":29}}},"5":{"name":"(anonymous_5)","decl":{"start":{"line":63,"column":23},"end":{"line":63,"column":24}},"loc":{"start":{"line":63,"column":31},"end":{"line":65,"column":17}}},"6":{"name":"(anonymous_6)","decl":{"start":{"line":75,"column":42},"end":{"line":75,"column":43}},"loc":{"start":{"line":75,"column":49},"end":{"line":75,"column":99}}},"7":{"name":"(anonymous_7)","decl":{"start":{"line":79,"column":42},"end":{"line":79,"column":43}},"loc":{"start":{"line":79,"column":49},"end":{"line":79,"column":100}}},"8":{"name":"(anonymous_8)","decl":{"start":{"line":83,"column":42},"end":{"line":83,"column":43}},"loc":{"start":{"line":83,"column":49},"end":{"line":83,"column":104}}},"9":{"name":"(anonymous_9)","decl":{"start":{"line":87,"column":42},"end":{"line":87,"column":43}},"loc":{"start":{"line":87,"column":49},"end":{"line":87,"column":104}}},"10":{"name":"(anonymous_10)","decl":{"start":{"line":89,"column":54},"end":{"line":89,"column":55}},"loc":{"start":{"line":89,"column":66},"end":{"line":89,"column":82}}}},"branchMap":{"0":{"loc":{"start":{"line":18,"column":8},"end":{"line":68,"column":9}},"type":"if","locations":[{"start":{"line":18,"column":8},"end":{"line":68,"column":9}},{"start":{"line":21,"column":15},"end":{"line":68,"column":9}}]},"1":{"loc":{"start":{"line":21,"column":15},"end":{"line":68,"column":9}},"type":"if","locations":[{"start":{"line":21,"column":15},"end":{"line":68,"column":9}},{"start":{"line":23,"column":15},"end":{"line":68,"column":9}}]},"2":{"loc":{"start":{"line":23,"column":15},"end":{"line":68,"column":9}},"type":"if","locations":[{"start":{"line":23,"column":15},"end":{"line":68,"column":9}},{"start":{"line":66,"column":15},"end":{"line":68,"column":9}}]},"3":{"loc":{"start":{"line":33,"column":20},"end":{"line":61,"column":21}},"type":"if","locations":[{"start":{"line":33,"column":20},"end":{"line":61,"column":21}},{"start":{"line":59,"column":27},"end":{"line":61,"column":21}}]},"4":{"loc":{"start":{"line":37,"column":32},"end":{"line":55,"column":33}},"type":"if","locations":[{"start":{"line":37,"column":32},"end":{"line":55,"column":33}}]},"5":{"loc":{"start":{"line":39,"column":36},"end":{"line":54,"column":37}},"type":"if","locations":[{"start":{"line":39,"column":36},"end":{"line":54,"column":37}},{"start":{"line":51,"column":43},"end":{"line":54,"column":37}}]}},"s":{"0":2,"1":2,"2":2,"3":2,"4":2,"5":2,"6":2,"7":49,"8":49,"9":48,"10":48,"11":48,"12":8,"13":8,"14":8,"15":1,"16":1,"17":7,"18":1,"19":6,"20":5,"21":5,"22":5,"23":3,"24":2,"25":1,"26":1,"27":0,"28":0,"29":1,"30":1,"31":1,"32":2,"33":1,"34":48,"35":8,"36":8,"37":8,"38":8,"39":8,"40":2},"f":{"0":49,"1":8,"2":3,"3":1,"4":1,"5":2,"6":8,"7":8,"8":8,"9":8,"10":8},"b":{"0":[1,7],"1":[1,6],"2":[5,1],"3":[2,1],"4":[1],"5":[0,1]}}
,"C:\\Users\\Kacper\\Desktop\\Pracownia_webowych\\ProjektWebowe\\frontend\\src\\components\\ReportDetails\\index.tsx": {"path":"C:\\Users\\Kacper\\Desktop\\Pracownia_webowych\\ProjektWebowe\\frontend\\src\\components\\ReportDetails\\index.tsx","statementMap":{"0":{"start":{"line":2,"column":0},"end":{"line":2,"column":33}},"1":{"start":{"line":3,"column":0},"end":{"line":3,"column":42}},"2":{"start":{"line":4,"column":0},"end":{"line":4,"column":43}},"3":{"start":{"line":5,"column":0},"end":{"line":5,"column":59}},"4":{"start":{"line":6,"column":0},"end":{"line":6,"column":49}},"5":{"start":{"line":7,"column":0},"end":{"line":7,"column":37}},"6":{"start":{"line":8,"column":0},"end":{"line":8,"column":50}},"7":{"start":{"line":15,"column":40},"end":{"line":15,"column":69}},"8":{"start":{"line":16,"column":32},"end":{"line":16,"column":59}},"9":{"start":{"line":18,"column":26},"end":{"line":18,"column":37}},"10":{"start":{"line":20,"column":17},"end":{"line":20,"column":42}},"11":{"start":{"line":22,"column":4},"end":{"line":66,"column":11}},"12":{"start":{"line":23,"column":31},"end":{"line":25,"column":10}},"13":{"start":{"line":26,"column":31},"end":{"line":63,"column":9}},"14":{"start":{"line":27,"column":12},"end":{"line":62,"column":13}},"15":{"start":{"line":29,"column":16},"end":{"line":59,"column":23}},"16":{"start":{"line":30,"column":38},"end":{"line":30,"column":53}},"17":{"start":{"line":32,"column":24},"end":{"line":32,"column":51}},"18":{"start":{"line":36,"column":24},"end":{"line":54,"column":25}},"19":{"start":{"line":38,"column":49},"end":{"line":41,"column":30}},"20":{"start":{"line":43,"column":28},"end":{"line":53,"column":35}},"21":{"start":{"line":44,"column":50},"end":{"line":44,"column":65}},"22":{"start":{"line":46,"column":36},"end":{"line":49,"column":37}},"23":{"start":{"line":47,"column":40},"end":{"line":47,"column":null}},"24":{"start":{"line":48,"column":40},"end":{"line":48,"column":84}},"25":{"start":{"line":52,"column":36},"end":{"line":52,"column":86}},"26":{"start":{"line":58,"column":24},"end":{"line":58,"column":74}},"27":{"start":{"line":61,"column":16},"end":{"line":61,"column":62}},"28":{"start":{"line":64,"column":8},"end":{"line":64,"column":24}},"29":{"start":{"line":68,"column":25},"end":{"line":113,"column":5}},"30":{"start":{"line":70,"column":8},"end":{"line":112,"column":9}},"31":{"start":{"line":71,"column":28},"end":{"line":75,"column":14}},"32":{"start":{"line":77,"column":35},"end":{"line":81,"column":14}},"33":{"start":{"line":83,"column":12},"end":{"line":90,"column":19}},"34":{"start":{"line":84,"column":34},"end":{"line":84,"column":49}},"35":{"start":{"line":89,"column":20},"end":{"line":89,"column":48}},"36":{"start":{"line":92,"column":28},"end":{"line":96,"column":14}},"37":{"start":{"line":98,"column":35},"end":{"line":102,"column":14}},"38":{"start":{"line":104,"column":12},"end":{"line":111,"column":19}},"39":{"start":{"line":105,"column":34},"end":{"line":105,"column":49}},"40":{"start":{"line":107,"column":20},"end":{"line":107,"column":null}},"41":{"start":{"line":110,"column":20},"end":{"line":110,"column":48}},"42":{"start":{"line":115,"column":4},"end":{"line":117,"column":5}},"43":{"start":{"line":116,"column":8},"end":{"line":116,"column":null}},"44":{"start":{"line":118,"column":4},"end":{"line":146,"column":null}},"45":{"start":{"line":137,"column":32},"end":{"line":137,"column":null}},"46":{"start":{"line":138,"column":32},"end":{"line":138,"column":null}},"47":{"start":{"line":139,"column":32},"end":{"line":139,"column":57}},"48":{"start":{"line":14,"column":0},"end":{"line":14,"column":24}}},"fnMap":{"0":{"name":"ReportDetails","decl":{"start":{"line":14,"column":24},"end":{"line":14,"column":37}},"loc":{"start":{"line":14,"column":37},"end":{"line":147,"column":1}}},"1":{"name":"(anonymous_1)","decl":{"start":{"line":22,"column":14},"end":{"line":22,"column":17}},"loc":{"start":{"line":22,"column":19},"end":{"line":66,"column":5}}},"2":{"name":"(anonymous_2)","decl":{"start":{"line":26,"column":31},"end":{"line":26,"column":34}},"loc":{"start":{"line":26,"column":36},"end":{"line":63,"column":9}}},"3":{"name":"(anonymous_3)","decl":{"start":{"line":30,"column":26},"end":{"line":30,"column":34}},"loc":{"start":{"line":30,"column":38},"end":{"line":30,"column":53}}},"4":{"name":"(anonymous_4)","decl":{"start":{"line":31,"column":26},"end":{"line":31,"column":30}},"loc":{"start":{"line":31,"column":33},"end":{"line":56,"column":21}}},"5":{"name":"(anonymous_5)","decl":{"start":{"line":44,"column":38},"end":{"line":44,"column":46}},"loc":{"start":{"line":44,"column":50},"end":{"line":44,"column":65}}},"6":{"name":"(anonymous_6)","decl":{"start":{"line":45,"column":38},"end":{"line":45,"column":49}},"loc":{"start":{"line":45,"column":52},"end":{"line":50,"column":33}}},"7":{"name":"(anonymous_7)","decl":{"start":{"line":51,"column":39},"end":{"line":51,"column":44}},"loc":{"start":{"line":51,"column":47},"end":{"line":53,"column":33}}},"8":{"name":"(anonymous_8)","decl":{"start":{"line":57,"column":27},"end":{"line":57,"column":32}},"loc":{"start":{"line":57,"column":35},"end":{"line":59,"column":21}}},"9":{"name":"(anonymous_9)","decl":{"start":{"line":68,"column":25},"end":{"line":68,"column":26}},"loc":{"start":{"line":68,"column":47},"end":{"line":113,"column":5}}},"10":{"name":"(anonymous_10)","decl":{"start":{"line":84,"column":22},"end":{"line":84,"column":30}},"loc":{"start":{"line":84,"column":34},"end":{"line":84,"column":49}}},"11":{"name":"(anonymous_11)","decl":{"start":{"line":85,"column":22},"end":{"line":85,"column":25}},"loc":{"start":{"line":85,"column":27},"end":{"line":87,"column":17}}},"12":{"name":"(anonymous_12)","decl":{"start":{"line":88,"column":23},"end":{"line":88,"column":26}},"loc":{"start":{"line":88,"column":29},"end":{"line":90,"column":17}}},"13":{"name":"(anonymous_13)","decl":{"start":{"line":105,"column":22},"end":{"line":105,"column":30}},"loc":{"start":{"line":105,"column":34},"end":{"line":105,"column":49}}},"14":{"name":"(anonymous_14)","decl":{"start":{"line":106,"column":22},"end":{"line":106,"column":25}},"loc":{"start":{"line":106,"column":27},"end":{"line":108,"column":17}}},"15":{"name":"(anonymous_15)","decl":{"start":{"line":109,"column":23},"end":{"line":109,"column":26}},"loc":{"start":{"line":109,"column":29},"end":{"line":111,"column":17}}},"16":{"name":"(anonymous_16)","decl":{"start":{"line":136,"column":38},"end":{"line":136,"column":39}},"loc":{"start":{"line":136,"column":58},"end":{"line":140,"column":29}}}},"branchMap":{"0":{"loc":{"start":{"line":36,"column":24},"end":{"line":54,"column":25}},"type":"if","locations":[{"start":{"line":36,"column":24},"end":{"line":54,"column":25}}]},"1":{"loc":{"start":{"line":46,"column":36},"end":{"line":49,"column":37}},"type":"if","locations":[{"start":{"line":46,"column":36},"end":{"line":49,"column":37}}]},"2":{"loc":{"start":{"line":70,"column":8},"end":{"line":112,"column":9}},"type":"if","locations":[{"start":{"line":70,"column":8},"end":{"line":112,"column":9}},{"start":{"line":91,"column":14},"end":{"line":112,"column":9}}]},"3":{"loc":{"start":{"line":115,"column":4},"end":{"line":117,"column":5}},"type":"if","locations":[{"start":{"line":115,"column":4},"end":{"line":117,"column":5}}]},"4":{"loc":{"start":{"line":124,"column":26},"end":{"line":124,"column":59}},"type":"cond-expr","locations":[{"start":{"line":124,"column":46},"end":{"line":124,"column":51}},{"start":{"line":124,"column":54},"end":{"line":124,"column":59}}]},"5":{"loc":{"start":{"line":127,"column":13},"end":{"line":142,"column":null}},"type":"cond-expr","locations":[{"start":{"line":128,"column":16},"end":{"line":128,"column":103}},{"start":{"line":131,"column":20},"end":{"line":141,"column":null}}]},"6":{"loc":{"start":{"line":139,"column":42},"end":{"line":139,"column":55}},"type":"binary-expr","locations":[{"start":{"line":139,"column":42},"end":{"line":139,"column":50}},{"start":{"line":139,"column":54},"end":{"line":139,"column":55}}]}},"s":{"0":2,"1":2,"2":2,"3":2,"4":2,"5":2,"6":2,"7":10,"8":10,"9":10,"10":10,"11":10,"12":4,"13":4,"14":4,"15":4,"16":4,"17":4,"18":4,"19":3,"20":3,"21":3,"22":3,"23":2,"24":2,"25":0,"26":0,"27":0,"28":4,"29":10,"30":2,"31":1,"32":1,"33":1,"34":1,"35":0,"36":1,"37":1,"38":1,"39":1,"40":1,"41":0,"42":10,"43":4,"44":6,"45":2,"46":2,"47":2,"48":2},"f":{"0":10,"1":4,"2":4,"3":4,"4":4,"5":3,"6":3,"7":0,"8":0,"9":2,"10":1,"11":1,"12":0,"13":1,"14":1,"15":0,"16":2},"b":{"0":[3],"1":[2],"2":[1,1],"3":[4],"4":[4,2],"5":[1,5],"6":[2,0]}}
,"C:\\Users\\Kacper\\Desktop\\Pracownia_webowych\\ProjektWebowe\\frontend\\src\\components\\ReportForm\\index.tsx": {"path":"C:\\Users\\Kacper\\Desktop\\Pracownia_webowych\\ProjektWebowe\\frontend\\src\\components\\ReportForm\\index.tsx","statementMap":{"0":{"start":{"line":1,"column":0},"end":{"line":1,"column":44}},"1":{"start":{"line":3,"column":0},"end":{"line":3,"column":59}},"2":{"start":{"line":4,"column":0},"end":{"line":4,"column":39}},"3":{"start":{"line":5,"column":0},"end":{"line":5,"column":47}},"4":{"start":{"line":12,"column":21},"end":{"line":12,"column":34}},"5":{"start":{"line":13,"column":17},"end":{"line":13,"column":42}},"6":{"start":{"line":14,"column":40},"end":{"line":14,"column":71}},"7":{"start":{"line":15,"column":36},"end":{"line":15,"column":48}},"8":{"start":{"line":16,"column":36},"end":{"line":16,"column":91}},"9":{"start":{"line":17,"column":31},"end":{"line":17,"column":43}},"10":{"start":{"line":19,"column":27},"end":{"line":33,"column":5}},"11":{"start":{"line":20,"column":27},"end":{"line":22,"column":10}},"12":{"start":{"line":23,"column":8},"end":{"line":32,"column":15}},"13":{"start":{"line":24,"column":30},"end":{"line":24,"column":45}},"14":{"start":{"line":26,"column":39},"end":{"line":26,"column":102}},"15":{"start":{"line":26,"column":86},"end":{"line":26,"column":101}},"16":{"start":{"line":27,"column":16},"end":{"line":27,"column":36}},"17":{"start":{"line":30,"column":16},"end":{"line":30,"column":33}},"18":{"start":{"line":31,"column":16},"end":{"line":31,"column":36}},"19":{"start":{"line":35,"column":21},"end":{"line":75,"column":5}},"20":{"start":{"line":36,"column":8},"end":{"line":36,"column":31}},"21":{"start":{"line":37,"column":8},"end":{"line":43,"column":9}},"22":{"start":{"line":38,"column":12},"end":{"line":38,"column":53}},"23":{"start":{"line":39,"column":12},"end":{"line":39,"column":19}},"24":{"start":{"line":40,"column":15},"end":{"line":43,"column":9}},"25":{"start":{"line":41,"column":12},"end":{"line":41,"column":47}},"26":{"start":{"line":42,"column":12},"end":{"line":42,"column":19}},"27":{"start":{"line":45,"column":24},"end":{"line":59,"column":10}},"28":{"start":{"line":61,"column":31},"end":{"line":65,"column":10}},"29":{"start":{"line":67,"column":8},"end":{"line":74,"column":15}},"30":{"start":{"line":68,"column":30},"end":{"line":68,"column":45}},"31":{"start":{"line":70,"column":16},"end":{"line":70,"column":37}},"32":{"start":{"line":73,"column":16},"end":{"line":73,"column":41}},"33":{"start":{"line":77,"column":4},"end":{"line":89,"column":11}},"34":{"start":{"line":78,"column":8},"end":{"line":78,"column":25}},"35":{"start":{"line":79,"column":8},"end":{"line":88,"column":9}},"36":{"start":{"line":80,"column":12},"end":{"line":85,"column":15}},"37":{"start":{"line":81,"column":33},"end":{"line":81,"column":57}},"38":{"start":{"line":82,"column":34},"end":{"line":82,"column":59}},"39":{"start":{"line":83,"column":16},"end":{"line":83,"column":78}},"40":{"start":{"line":84,"column":16},"end":{"line":84,"column":85}},"41":{"start":{"line":87,"column":12},"end":{"line":87,"column":73}},"42":{"start":{"line":92,"column":4},"end":{"line":121,"column":6}},"43":{"start":{"line":97,"column":74},"end":{"line":97,"column":111}},"44":{"start":{"line":101,"column":29},"end":{"line":101,"column":53}},"45":{"start":{"line":108,"column":49},"end":{"line":108,"column":102}},"46":{"start":{"line":112,"column":69},"end":{"line":112,"column":126}},"47":{"start":{"line":116,"column":52},"end":{"line":116,"column":105}},"48":{"start":{"line":11,"column":0},"end":{"line":11,"column":24}}},"fnMap":{"0":{"name":"ReportForm","decl":{"start":{"line":11,"column":24},"end":{"line":11,"column":34}},"loc":{"start":{"line":11,"column":34},"end":{"line":122,"column":1}}},"1":{"name":"(anonymous_1)","decl":{"start":{"line":19,"column":27},"end":{"line":19,"column":30}},"loc":{"start":{"line":19,"column":32},"end":{"line":33,"column":5}}},"2":{"name":"(anonymous_2)","decl":{"start":{"line":24,"column":18},"end":{"line":24,"column":26}},"loc":{"start":{"line":24,"column":30},"end":{"line":24,"column":45}}},"3":{"name":"(anonymous_3)","decl":{"start":{"line":25,"column":18},"end":{"line":25,"column":22}},"loc":{"start":{"line":25,"column":25},"end":{"line":28,"column":13}}},"4":{"name":"(anonymous_4)","decl":{"start":{"line":26,"column":66},"end":{"line":26,"column":67}},"loc":{"start":{"line":26,"column":86},"end":{"line":26,"column":101}}},"5":{"name":"(anonymous_5)","decl":{"start":{"line":29,"column":19},"end":{"line":29,"column":22}},"loc":{"start":{"line":29,"column":25},"end":{"line":32,"column":13}}},"6":{"name":"(anonymous_6)","decl":{"start":{"line":35,"column":21},"end":{"line":35,"column":22}},"loc":{"start":{"line":35,"column":37},"end":{"line":75,"column":5}}},"7":{"name":"(anonymous_7)","decl":{"start":{"line":68,"column":18},"end":{"line":68,"column":26}},"loc":{"start":{"line":68,"column":30},"end":{"line":68,"column":45}}},"8":{"name":"(anonymous_8)","decl":{"start":{"line":69,"column":26},"end":{"line":69,"column":29}},"loc":{"start":{"line":69,"column":31},"end":{"line":71,"column":13}}},"9":{"name":"(anonymous_9)","decl":{"start":{"line":72,"column":19},"end":{"line":72,"column":22}},"loc":{"start":{"line":72,"column":25},"end":{"line":74,"column":13}}},"10":{"name":"(anonymous_10)","decl":{"start":{"line":77,"column":14},"end":{"line":77,"column":17}},"loc":{"start":{"line":77,"column":19},"end":{"line":89,"column":5}}},"11":{"name":"(anonymous_11)","decl":{"start":{"line":80,"column":53},"end":{"line":80,"column":62}},"loc":{"start":{"line":80,"column":70},"end":{"line":85,"column":13}}},"12":{"name":"(anonymous_12)","decl":{"start":{"line":97,"column":67},"end":{"line":97,"column":68}},"loc":{"start":{"line":97,"column":74},"end":{"line":97,"column":111}}},"13":{"name":"(anonymous_13)","decl":{"start":{"line":100,"column":40},"end":{"line":100,"column":46}},"loc":{"start":{"line":101,"column":29},"end":{"line":101,"column":53}}},"14":{"name":"(anonymous_14)","decl":{"start":{"line":108,"column":42},"end":{"line":108,"column":43}},"loc":{"start":{"line":108,"column":49},"end":{"line":108,"column":102}}},"15":{"name":"(anonymous_15)","decl":{"start":{"line":112,"column":62},"end":{"line":112,"column":63}},"loc":{"start":{"line":112,"column":69},"end":{"line":112,"column":126}}},"16":{"name":"(anonymous_16)","decl":{"start":{"line":116,"column":45},"end":{"line":116,"column":46}},"loc":{"start":{"line":116,"column":52},"end":{"line":116,"column":105}}}},"branchMap":{"0":{"loc":{"start":{"line":37,"column":8},"end":{"line":43,"column":9}},"type":"if","locations":[{"start":{"line":37,"column":8},"end":{"line":43,"column":9}},{"start":{"line":40,"column":15},"end":{"line":43,"column":9}}]},"1":{"loc":{"start":{"line":37,"column":12},"end":{"line":37,"column":64}},"type":"binary-expr","locations":[{"start":{"line":37,"column":12},"end":{"line":37,"column":35}},{"start":{"line":37,"column":39},"end":{"line":37,"column":64}}]},"2":{"loc":{"start":{"line":40,"column":15},"end":{"line":43,"column":9}},"type":"if","locations":[{"start":{"line":40,"column":15},"end":{"line":43,"column":9}}]},"3":{"loc":{"start":{"line":79,"column":8},"end":{"line":88,"column":9}},"type":"if","locations":[{"start":{"line":79,"column":8},"end":{"line":88,"column":9}},{"start":{"line":86,"column":15},"end":{"line":88,"column":9}}]}},"s":{"0":2,"1":2,"2":2,"3":2,"4":9,"5":9,"6":9,"7":8,"8":8,"9":8,"10":8,"11":0,"12":0,"13":0,"14":0,"15":0,"16":0,"17":0,"18":0,"19":8,"20":0,"21":0,"22":0,"23":0,"24":0,"25":0,"26":0,"27":0,"28":0,"29":0,"30":0,"31":0,"32":0,"33":8,"34":0,"35":0,"36":0,"37":0,"38":0,"39":0,"40":0,"41":0,"42":8,"43":0,"44":0,"45":0,"46":0,"47":0,"48":2},"f":{"0":9,"1":0,"2":0,"3":0,"4":0,"5":0,"6":0,"7":0,"8":0,"9":0,"10":0,"11":0,"12":0,"13":0,"14":0,"15":0,"16":0},"b":{"0":[0,0],"1":[0,0],"2":[0],"3":[0,0]}}
,"C:\\Users\\Kacper\\Desktop\\Pracownia_webowych\\ProjektWebowe\\frontend\\src\\components\\ReportView\\index.tsx": {"path":"C:\\Users\\Kacper\\Desktop\\Pracownia_webowych\\ProjektWebowe\\frontend\\src\\components\\ReportView\\index.tsx","statementMap":{"0":{"start":{"line":1,"column":0},"end":{"line":1,"column":33}},"1":{"start":{"line":2,"column":0},"end":{"line":2,"column":51}},"2":{"start":{"line":4,"column":0},"end":{"line":4,"column":39}},"3":{"start":{"line":6,"column":0},"end":{"line":6,"column":65}},"4":{"start":{"line":7,"column":0},"end":{"line":7,"column":65}},"5":{"start":{"line":10,"column":30},"end":{"line":10,"column":62}},"6":{"start":{"line":11,"column":40},"end":{"line":11,"column":58}},"7":{"start":{"line":12,"column":34},"end":{"line":12,"column":52}},"8":{"start":{"line":13,"column":39},"end":{"line":13,"column":59}},"9":{"start":{"line":14,"column":38},"end":{"line":14,"column":71}},"10":{"start":{"line":15,"column":42},"end":{"line":15,"column":57}},"11":{"start":{"line":17,"column":20},"end":{"line":38,"column":5}},"12":{"start":{"line":18,"column":8},"end":{"line":18,"column":null}},"13":{"start":{"line":19,"column":31},"end":{"line":21,"column":10}},"14":{"start":{"line":22,"column":29},"end":{"line":26,"column":10}},"15":{"start":{"line":28,"column":8},"end":{"line":28,"column":null}},"16":{"start":{"line":30,"column":8},"end":{"line":37,"column":15}},"17":{"start":{"line":31,"column":30},"end":{"line":31,"column":45}},"18":{"start":{"line":33,"column":16},"end":{"line":33,"column":42}},"19":{"start":{"line":36,"column":16},"end":{"line":36,"column":66}},"20":{"start":{"line":39,"column":25},"end":{"line":41,"column":5}},"21":{"start":{"line":40,"column":8},"end":{"line":40,"column":null}},"22":{"start":{"line":43,"column":4},"end":{"line":45,"column":11}},"23":{"start":{"line":44,"column":8},"end":{"line":44,"column":18}},"24":{"start":{"line":47,"column":4},"end":{"line":122,"column":6}},"25":{"start":{"line":49,"column":111},"end":{"line":49,"column":139}},"26":{"start":{"line":66,"column":81},"end":{"line":66,"column":117}},"27":{"start":{"line":80,"column":76},"end":{"line":80,"column":100}},"28":{"start":{"line":105,"column":20},"end":{"line":105,"column":43}},"29":{"start":{"line":9,"column":0},"end":{"line":9,"column":24}}},"fnMap":{"0":{"name":"ReportView","decl":{"start":{"line":9,"column":24},"end":{"line":9,"column":34}},"loc":{"start":{"line":9,"column":34},"end":{"line":123,"column":1}}},"1":{"name":"(anonymous_1)","decl":{"start":{"line":17,"column":20},"end":{"line":17,"column":23}},"loc":{"start":{"line":17,"column":25},"end":{"line":38,"column":5}}},"2":{"name":"(anonymous_2)","decl":{"start":{"line":31,"column":18},"end":{"line":31,"column":26}},"loc":{"start":{"line":31,"column":30},"end":{"line":31,"column":45}}},"3":{"name":"(anonymous_3)","decl":{"start":{"line":32,"column":18},"end":{"line":32,"column":22}},"loc":{"start":{"line":32,"column":25},"end":{"line":34,"column":13}}},"4":{"name":"(anonymous_4)","decl":{"start":{"line":35,"column":19},"end":{"line":35,"column":24}},"loc":{"start":{"line":35,"column":27},"end":{"line":37,"column":13}}},"5":{"name":"(anonymous_5)","decl":{"start":{"line":39,"column":25},"end":{"line":39,"column":28}},"loc":{"start":{"line":39,"column":30},"end":{"line":41,"column":5}}},"6":{"name":"(anonymous_6)","decl":{"start":{"line":43,"column":14},"end":{"line":43,"column":17}},"loc":{"start":{"line":43,"column":19},"end":{"line":45,"column":5}}},"7":{"name":"(anonymous_7)","decl":{"start":{"line":49,"column":105},"end":{"line":49,"column":108}},"loc":{"start":{"line":49,"column":111},"end":{"line":49,"column":139}}},"8":{"name":"(anonymous_8)","decl":{"start":{"line":66,"column":74},"end":{"line":66,"column":75}},"loc":{"start":{"line":66,"column":81},"end":{"line":66,"column":117}}},"9":{"name":"(anonymous_9)","decl":{"start":{"line":80,"column":69},"end":{"line":80,"column":70}},"loc":{"start":{"line":80,"column":76},"end":{"line":80,"column":100}}},"10":{"name":"(anonymous_10)","decl":{"start":{"line":104,"column":32},"end":{"line":104,"column":40}},"loc":{"start":{"line":105,"column":20},"end":{"line":105,"column":43}}}},"branchMap":{"0":{"loc":{"start":{"line":50,"column":17},"end":{"line":50,"column":62}},"type":"cond-expr","locations":[{"start":{"line":50,"column":31},"end":{"line":50,"column":45}},{"start":{"line":50,"column":48},"end":{"line":50,"column":62}}]},"1":{"loc":{"start":{"line":53,"column":13},"end":{"line":99,"column":null}},"type":"binary-expr","locations":[{"start":{"line":53,"column":13},"end":{"line":53,"column":24}},{"start":{"line":54,"column":16},"end":{"line":98,"column":null}}]}},"s":{"0":1,"1":1,"2":1,"3":1,"4":1,"5":0,"6":0,"7":0,"8":0,"9":0,"10":0,"11":0,"12":0,"13":0,"14":0,"15":0,"16":0,"17":0,"18":0,"19":0,"20":0,"21":0,"22":0,"23":0,"24":0,"25":0,"26":0,"27":0,"28":0,"29":1},"f":{"0":0,"1":0,"2":0,"3":0,"4":0,"5":0,"6":0,"7":0,"8":0,"9":0,"10":0},"b":{"0":[0,0],"1":[0,0]}}
,"C:\\Users\\Kacper\\Desktop\\Pracownia_webowych\\ProjektWebowe\\frontend\\src\\components\\TargetDetails\\index.tsx": {"path":"C:\\Users\\Kacper\\Desktop\\Pracownia_webowych\\ProjektWebowe\\frontend\\src\\components\\TargetDetails\\index.tsx","statementMap":{"0":{"start":{"line":1,"column":0},"end":{"line":1,"column":42}},"1":{"start":{"line":3,"column":0},"end":{"line":3,"column":43}},"2":{"start":{"line":10,"column":40},"end":{"line":10,"column":67}},"3":{"start":{"line":11,"column":26},"end":{"line":11,"column":37}},"4":{"start":{"line":13,"column":27},"end":{"line":15,"column":6}},"5":{"start":{"line":17,"column":4},"end":{"line":32,"column":11}},"6":{"start":{"line":19,"column":30},"end":{"line":29,"column":9}},"7":{"start":{"line":20,"column":12},"end":{"line":28,"column":13}},"8":{"start":{"line":21,"column":16},"end":{"line":21,"column":null}},"9":{"start":{"line":22,"column":33},"end":{"line":22,"column":112}},"10":{"start":{"line":23,"column":36},"end":{"line":23,"column":57}},"11":{"start":{"line":24,"column":16},"end":{"line":24,"column":null}},"12":{"start":{"line":25,"column":16},"end":{"line":25,"column":50}},"13":{"start":{"line":27,"column":16},"end":{"line":27,"column":62}},"14":{"start":{"line":31,"column":8},"end":{"line":31,"column":24}},"15":{"start":{"line":33,"column":4},"end":{"line":35,"column":5}},"16":{"start":{"line":34,"column":8},"end":{"line":34,"column":null}},"17":{"start":{"line":37,"column":4},"end":{"line":46,"column":6}},"18":{"start":{"line":9,"column":0},"end":{"line":9,"column":24}}},"fnMap":{"0":{"name":"TargetDetails","decl":{"start":{"line":9,"column":24},"end":{"line":9,"column":37}},"loc":{"start":{"line":9,"column":37},"end":{"line":47,"column":1}}},"1":{"name":"(anonymous_1)","decl":{"start":{"line":17,"column":14},"end":{"line":17,"column":17}},"loc":{"start":{"line":17,"column":19},"end":{"line":32,"column":5}}},"2":{"name":"(anonymous_2)","decl":{"start":{"line":19,"column":30},"end":{"line":19,"column":35}},"loc":{"start":{"line":19,"column":41},"end":{"line":29,"column":9}}}},"branchMap":{"0":{"loc":{"start":{"line":33,"column":4},"end":{"line":35,"column":5}},"type":"if","locations":[{"start":{"line":33,"column":4},"end":{"line":35,"column":5}}]}},"s":{"0":2,"1":2,"2":4,"3":4,"4":4,"5":4,"6":3,"7":3,"8":3,"9":3,"10":2,"11":2,"12":2,"13":1,"14":3,"15":4,"16":3,"17":1,"18":2},"f":{"0":4,"1":3,"2":3},"b":{"0":[3]}}
,"C:\\Users\\Kacper\\Desktop\\Pracownia_webowych\\ProjektWebowe\\frontend\\src\\components\\TargetForm\\index.tsx": {"path":"C:\\Users\\Kacper\\Desktop\\Pracownia_webowych\\ProjektWebowe\\frontend\\src\\components\\TargetForm\\index.tsx","statementMap":{"0":{"start":{"line":1,"column":0},"end":{"line":1,"column":26}},"1":{"start":{"line":2,"column":0},"end":{"line":2,"column":45}},"2":{"start":{"line":3,"column":0},"end":{"line":3,"column":59}},"3":{"start":{"line":10,"column":36},"end":{"line":10,"column":79}},"4":{"start":{"line":11,"column":30},"end":{"line":11,"column":48}},"5":{"start":{"line":12,"column":21},"end":{"line":12,"column":35}},"6":{"start":{"line":13,"column":18},"end":{"line":13,"column":43}},"7":{"start":{"line":16,"column":21},"end":{"line":39,"column":5}},"8":{"start":{"line":17,"column":8},"end":{"line":17,"column":null}},"9":{"start":{"line":18,"column":24},"end":{"line":26,"column":null}},"10":{"start":{"line":27,"column":31},"end":{"line":31,"column":10}},"11":{"start":{"line":32,"column":8},"end":{"line":32,"column":null}},"12":{"start":{"line":33,"column":8},"end":{"line":38,"column":null}},"13":{"start":{"line":34,"column":30},"end":{"line":34,"column":45}},"14":{"start":{"line":36,"column":16},"end":{"line":36,"column":null}},"15":{"start":{"line":38,"column":25},"end":{"line":38,"column":39}},"16":{"start":{"line":40,"column":4},"end":{"line":55,"column":null}},"17":{"start":{"line":44,"column":51},"end":{"line":44,"column":99}},"18":{"start":{"line":49,"column":54},"end":{"line":49,"column":109}},"19":{"start":{"line":9,"column":0},"end":{"line":9,"column":24}}},"fnMap":{"0":{"name":"TargetForm","decl":{"start":{"line":9,"column":24},"end":{"line":9,"column":34}},"loc":{"start":{"line":9,"column":34},"end":{"line":57,"column":1}}},"1":{"name":"(anonymous_1)","decl":{"start":{"line":16,"column":21},"end":{"line":16,"column":22}},"loc":{"start":{"line":16,"column":37},"end":{"line":39,"column":5}}},"2":{"name":"(anonymous_2)","decl":{"start":{"line":34,"column":18},"end":{"line":34,"column":26}},"loc":{"start":{"line":34,"column":30},"end":{"line":34,"column":45}}},"3":{"name":"(anonymous_3)","decl":{"start":{"line":35,"column":18},"end":{"line":35,"column":21}},"loc":{"start":{"line":35,"column":23},"end":{"line":37,"column":13}}},"4":{"name":"(anonymous_4)","decl":{"start":{"line":38,"column":19},"end":{"line":38,"column":22}},"loc":{"start":{"line":38,"column":24},"end":{"line":38,"column":39}}},"5":{"name":"(anonymous_5)","decl":{"start":{"line":44,"column":46},"end":{"line":44,"column":47}},"loc":{"start":{"line":44,"column":51},"end":{"line":44,"column":99}}},"6":{"name":"(anonymous_6)","decl":{"start":{"line":49,"column":49},"end":{"line":49,"column":50}},"loc":{"start":{"line":49,"column":54},"end":{"line":49,"column":109}}}},"branchMap":{},"s":{"0":1,"1":1,"2":1,"3":0,"4":0,"5":0,"6":0,"7":0,"8":0,"9":0,"10":0,"11":0,"12":0,"13":0,"14":0,"15":0,"16":0,"17":0,"18":0,"19":1},"f":{"0":0,"1":0,"2":0,"3":0,"4":0,"5":0,"6":0},"b":{}}
,"C:\\Users\\Kacper\\Desktop\\Pracownia_webowych\\ProjektWebowe\\frontend\\src\\components\\TargetView\\index.tsx": {"path":"C:\\Users\\Kacper\\Desktop\\Pracownia_webowych\\ProjektWebowe\\frontend\\src\\components\\TargetView\\index.tsx","statementMap":{"0":{"start":{"line":1,"column":0},"end":{"line":1,"column":33}},"1":{"start":{"line":2,"column":0},"end":{"line":2,"column":39}},"2":{"start":{"line":4,"column":0},"end":{"line":4,"column":39}},"3":{"start":{"line":5,"column":0},"end":{"line":5,"column":59}},"4":{"start":{"line":6,"column":0},"end":{"line":6,"column":43}},"5":{"start":{"line":13,"column":18},"end":{"line":13,"column":43}},"6":{"start":{"line":14,"column":34},"end":{"line":14,"column":69}},"7":{"start":{"line":15,"column":42},"end":{"line":15,"column":77}},"8":{"start":{"line":17,"column":23},"end":{"line":17,"column":41}},"9":{"start":{"line":18,"column":28},"end":{"line":18,"column":46}},"10":{"start":{"line":20,"column":20},"end":{"line":62,"column":5}},"11":{"start":{"line":21,"column":8},"end":{"line":21,"column":null}},"12":{"start":{"line":23,"column":24},"end":{"line":23,"column":36}},"13":{"start":{"line":24,"column":31},"end":{"line":26,"column":10}},"14":{"start":{"line":27,"column":8},"end":{"line":60,"column":9}},"15":{"start":{"line":28,"column":32},"end":{"line":32,"column":14}},"16":{"start":{"line":34,"column":12},"end":{"line":34,"column":null}},"17":{"start":{"line":35,"column":12},"end":{"line":43,"column":19}},"18":{"start":{"line":36,"column":34},"end":{"line":36,"column":49}},"19":{"start":{"line":38,"column":20},"end":{"line":38,"column":null}},"20":{"start":{"line":42,"column":20},"end":{"line":42,"column":null}},"21":{"start":{"line":45,"column":32},"end":{"line":48,"column":14}},"22":{"start":{"line":49,"column":12},"end":{"line":49,"column":null}},"23":{"start":{"line":50,"column":12},"end":{"line":59,"column":15}},"24":{"start":{"line":51,"column":34},"end":{"line":51,"column":49}},"25":{"start":{"line":53,"column":20},"end":{"line":53,"column":null}},"26":{"start":{"line":54,"column":20},"end":{"line":54,"column":null}},"27":{"start":{"line":55,"column":20},"end":{"line":55,"column":null}},"28":{"start":{"line":58,"column":16},"end":{"line":58,"column":null}},"29":{"start":{"line":61,"column":8},"end":{"line":61,"column":null}},"30":{"start":{"line":63,"column":23},"end":{"line":65,"column":6}},"31":{"start":{"line":66,"column":27},"end":{"line":79,"column":5}},"32":{"start":{"line":67,"column":8},"end":{"line":78,"column":null}},"33":{"start":{"line":68,"column":30},"end":{"line":68,"column":45}},"34":{"start":{"line":70,"column":48},"end":{"line":70,"column":50}},"35":{"start":{"line":71,"column":29},"end":{"line":71,"column":51}},"36":{"start":{"line":72,"column":16},"end":{"line":74,"column":null}},"37":{"start":{"line":73,"column":20},"end":{"line":73,"column":null}},"38":{"start":{"line":75,"column":16},"end":{"line":75,"column":null}},"39":{"start":{"line":78,"column":16},"end":{"line":78,"column":33}},"40":{"start":{"line":81,"column":4},"end":{"line":83,"column":11}},"41":{"start":{"line":82,"column":8},"end":{"line":82,"column":18}},"42":{"start":{"line":85,"column":4},"end":{"line":139,"column":null}},"43":{"start":{"line":109,"column":44},"end":{"line":109,"column":67}},"44":{"start":{"line":121,"column":39},"end":{"line":121,"column":71}},"45":{"start":{"line":122,"column":20},"end":{"line":135,"column":null}},"46":{"start":{"line":12,"column":0},"end":{"line":12,"column":24}}},"fnMap":{"0":{"name":"TargetView","decl":{"start":{"line":12,"column":24},"end":{"line":12,"column":34}},"loc":{"start":{"line":12,"column":34},"end":{"line":140,"column":1}}},"1":{"name":"(anonymous_1)","decl":{"start":{"line":20,"column":20},"end":{"line":20,"column":22}},"loc":{"start":{"line":20,"column":24},"end":{"line":62,"column":5}}},"2":{"name":"(anonymous_2)","decl":{"start":{"line":36,"column":22},"end":{"line":36,"column":30}},"loc":{"start":{"line":36,"column":34},"end":{"line":36,"column":49}}},"3":{"name":"(anonymous_3)","decl":{"start":{"line":37,"column":22},"end":{"line":37,"column":26}},"loc":{"start":{"line":37,"column":29},"end":{"line":40,"column":17}}},"4":{"name":"(anonymous_4)","decl":{"start":{"line":41,"column":23},"end":{"line":41,"column":28}},"loc":{"start":{"line":41,"column":31},"end":{"line":43,"column":17}}},"5":{"name":"(anonymous_5)","decl":{"start":{"line":51,"column":22},"end":{"line":51,"column":30}},"loc":{"start":{"line":51,"column":34},"end":{"line":51,"column":49}}},"6":{"name":"(anonymous_6)","decl":{"start":{"line":52,"column":22},"end":{"line":52,"column":26}},"loc":{"start":{"line":52,"column":29},"end":{"line":57,"column":17}}},"7":{"name":"(anonymous_7)","decl":{"start":{"line":57,"column":25},"end":{"line":57,"column":30}},"loc":{"start":{"line":57,"column":33},"end":{"line":59,"column":13}}},"8":{"name":"(anonymous_8)","decl":{"start":{"line":66,"column":27},"end":{"line":66,"column":30}},"loc":{"start":{"line":66,"column":32},"end":{"line":79,"column":5}}},"9":{"name":"(anonymous_9)","decl":{"start":{"line":68,"column":18},"end":{"line":68,"column":26}},"loc":{"start":{"line":68,"column":30},"end":{"line":68,"column":45}}},"10":{"name":"(anonymous_10)","decl":{"start":{"line":69,"column":18},"end":{"line":69,"column":22}},"loc":{"start":{"line":69,"column":25},"end":{"line":76,"column":13}}},"11":{"name":"(anonymous_11)","decl":{"start":{"line":72,"column":25},"end":{"line":72,"column":26}},"loc":{"start":{"line":72,"column":39},"end":{"line":74,"column":17}}},"12":{"name":"(anonymous_12)","decl":{"start":{"line":77,"column":19},"end":{"line":77,"column":22}},"loc":{"start":{"line":77,"column":24},"end":{"line":78,"column":33}}},"13":{"name":"(anonymous_13)","decl":{"start":{"line":81,"column":14},"end":{"line":81,"column":17}},"loc":{"start":{"line":81,"column":19},"end":{"line":83,"column":5}}},"14":{"name":"(anonymous_14)","decl":{"start":{"line":109,"column":37},"end":{"line":109,"column":38}},"loc":{"start":{"line":109,"column":44},"end":{"line":109,"column":67}}},"15":{"name":"(anonymous_15)","decl":{"start":{"line":120,"column":30},"end":{"line":120,"column":36}},"loc":{"start":{"line":120,"column":39},"end":{"line":136,"column":17}}}},"branchMap":{"0":{"loc":{"start":{"line":27,"column":8},"end":{"line":60,"column":9}},"type":"if","locations":[{"start":{"line":27,"column":8},"end":{"line":60,"column":9}},{"start":{"line":44,"column":15},"end":{"line":60,"column":9}}]},"1":{"loc":{"start":{"line":27,"column":12},"end":{"line":27,"column":43}},"type":"binary-expr","locations":[{"start":{"line":27,"column":12},"end":{"line":27,"column":22}},{"start":{"line":27,"column":26},"end":{"line":27,"column":43}}]},"2":{"loc":{"start":{"line":130,"column":62},"end":{"line":130,"column":79}},"type":"binary-expr","locations":[{"start":{"line":130,"column":62},"end":{"line":130,"column":72}},{"start":{"line":130,"column":74},"end":{"line":130,"column":79}}]}},"s":{"0":1,"1":1,"2":1,"3":1,"4":1,"5":0,"6":0,"7":0,"8":0,"9":0,"10":0,"11":0,"12":0,"13":0,"14":0,"15":0,"16":0,"17":0,"18":0,"19":0,"20":0,"21":0,"22":0,"23":0,"24":0,"25":0,"26":0,"27":0,"28":0,"29":0,"30":0,"31":0,"32":0,"33":0,"34":0,"35":0,"36":0,"37":0,"38":0,"39":0,"40":0,"41":0,"42":0,"43":0,"44":0,"45":0,"46":1},"f":{"0":0,"1":0,"2":0,"3":0,"4":0,"5":0,"6":0,"7":0,"8":0,"9":0,"10":0,"11":0,"12":0,"13":0,"14":0,"15":0},"b":{"0":[0,0],"1":[0,0],"2":[0,0]}}
,"C:\\Users\\Kacper\\Desktop\\Pracownia_webowych\\ProjektWebowe\\frontend\\src\\components\\UserData\\index.tsx": {"path":"C:\\Users\\Kacper\\Desktop\\Pracownia_webowych\\ProjektWebowe\\frontend\\src\\components\\UserData\\index.tsx","statementMap":{"0":{"start":{"line":2,"column":0},"end":{"line":2,"column":42}},"1":{"start":{"line":3,"column":0},"end":{"line":3,"column":50}},"2":{"start":{"line":10,"column":37},"end":{"line":10,"column":62}},"3":{"start":{"line":11,"column":27},"end":{"line":13,"column":6}},"4":{"start":{"line":15,"column":4},"end":{"line":28,"column":11}},"5":{"start":{"line":16,"column":30},"end":{"line":25,"column":9}},"6":{"start":{"line":17,"column":12},"end":{"line":24,"column":13}},"7":{"start":{"line":18,"column":33},"end":{"line":18,"column":108}},"8":{"start":{"line":19,"column":33},"end":{"line":19,"column":54}},"9":{"start":{"line":21,"column":16},"end":{"line":21,"column":43}},"10":{"start":{"line":23,"column":16},"end":{"line":23,"column":84}},"11":{"start":{"line":27,"column":8},"end":{"line":27,"column":24}},"12":{"start":{"line":29,"column":4},"end":{"line":31,"column":5}},"13":{"start":{"line":30,"column":8},"end":{"line":30,"column":null}},"14":{"start":{"line":32,"column":4},"end":{"line":39,"column":null}},"15":{"start":{"line":9,"column":0},"end":{"line":9,"column":24}}},"fnMap":{"0":{"name":"UserData","decl":{"start":{"line":9,"column":24},"end":{"line":9,"column":32}},"loc":{"start":{"line":9,"column":57},"end":{"line":40,"column":1}}},"1":{"name":"(anonymous_1)","decl":{"start":{"line":15,"column":14},"end":{"line":15,"column":17}},"loc":{"start":{"line":15,"column":19},"end":{"line":28,"column":5}}},"2":{"name":"(anonymous_2)","decl":{"start":{"line":16,"column":30},"end":{"line":16,"column":35}},"loc":{"start":{"line":16,"column":41},"end":{"line":25,"column":9}}}},"branchMap":{"0":{"loc":{"start":{"line":29,"column":4},"end":{"line":31,"column":5}},"type":"if","locations":[{"start":{"line":29,"column":4},"end":{"line":31,"column":5}}]}},"s":{"0":1,"1":1,"2":0,"3":0,"4":0,"5":0,"6":0,"7":0,"8":0,"9":0,"10":0,"11":0,"12":0,"13":0,"14":0,"15":1},"f":{"0":0,"1":0,"2":0},"b":{"0":[0]}}
,"C:\\Users\\Kacper\\Desktop\\Pracownia_webowych\\ProjektWebowe\\frontend\\src\\helpers\\fixDate.tsx": {"path":"C:\\Users\\Kacper\\Desktop\\Pracownia_webowych\\ProjektWebowe\\frontend\\src\\helpers\\fixDate.tsx","statementMap":{"0":{"start":{"line":1,"column":23},"end":{"line":10,"column":1}},"1":{"start":{"line":2,"column":21},"end":{"line":2,"column":23}},"2":{"start":{"line":3,"column":4},"end":{"line":7,"column":5}},"3":{"start":{"line":4,"column":8},"end":{"line":4,"column":null}},"4":{"start":{"line":5,"column":8},"end":{"line":5,"column":null}},"5":{"start":{"line":6,"column":8},"end":{"line":6,"column":68}},"6":{"start":{"line":9,"column":4},"end":{"line":9,"column":null}},"7":{"start":{"line":1,"column":13},"end":{"line":1,"column":23}}},"fnMap":{"0":{"name":"(anonymous_0)","decl":{"start":{"line":1,"column":23},"end":{"line":1,"column":24}},"loc":{"start":{"line":1,"column":38},"end":{"line":10,"column":1}}}},"branchMap":{"0":{"loc":{"start":{"line":3,"column":4},"end":{"line":7,"column":5}},"type":"if","locations":[{"start":{"line":3,"column":4},"end":{"line":7,"column":5}}]}},"s":{"0":2,"1":6,"2":6,"3":4,"4":4,"5":4,"6":6,"7":2},"f":{"0":6},"b":{"0":[4]}}
,"C:\\Users\\Kacper\\Desktop\\Pracownia_webowych\\ProjektWebowe\\frontend\\src\\helpers\\routing.tsx": {"path":"C:\\Users\\Kacper\\Desktop\\Pracownia_webowych\\ProjektWebowe\\frontend\\src\\helpers\\routing.tsx","statementMap":{"0":{"start":{"line":2,"column":0},"end":{"line":2,"column":35}},"1":{"start":{"line":3,"column":0},"end":{"line":3,"column":41}},"2":{"start":{"line":4,"column":0},"end":{"line":4,"column":33}},"3":{"start":{"line":5,"column":0},"end":{"line":5,"column":39}},"4":{"start":{"line":6,"column":0},"end":{"line":6,"column":37}},"5":{"start":{"line":7,"column":0},"end":{"line":7,"column":49}},"6":{"start":{"line":8,"column":0},"end":{"line":8,"column":39}},"7":{"start":{"line":9,"column":0},"end":{"line":9,"column":39}},"8":{"start":{"line":10,"column":0},"end":{"line":10,"column":56}},"9":{"start":{"line":11,"column":0},"end":{"line":11,"column":56}},"10":{"start":{"line":22,"column":13},"end":{"line":89,"column":null}}},"fnMap":{},"branchMap":{},"s":{"0":1,"1":1,"2":1,"3":1,"4":1,"5":1,"6":1,"7":1,"8":1,"9":1,"10":1},"f":{},"b":{}}
,"C:\\Users\\Kacper\\Desktop\\Pracownia_webowych\\ProjektWebowe\\frontend\\src\\helpers\\validateEmail.tsx": {"path":"C:\\Users\\Kacper\\Desktop\\Pracownia_webowych\\ProjektWebowe\\frontend\\src\\helpers\\validateEmail.tsx","statementMap":{"0":{"start":{"line":2,"column":4},"end":{"line":6,"column":10}},"1":{"start":{"line":1,"column":0},"end":{"line":1,"column":26}}},"fnMap":{"0":{"name":"validateEmail","decl":{"start":{"line":1,"column":26},"end":{"line":1,"column":39}},"loc":{"start":{"line":1,"column":52},"end":{"line":7,"column":1}}}},"branchMap":{},"s":{"0":10,"1":4},"f":{"0":10},"b":{}}
,"C:\\Users\\Kacper\\Desktop\\Pracownia_webowych\\ProjektWebowe\\frontend\\src\\helpers\\validatePassword.tsx": {"path":"C:\\Users\\Kacper\\Desktop\\Pracownia_webowych\\ProjektWebowe\\frontend\\src\\helpers\\validatePassword.tsx","statementMap":{"0":{"start":{"line":1,"column":32},"end":{"line":19,"column":1}},"1":{"start":{"line":2,"column":19},"end":{"line":2,"column":21}},"2":{"start":{"line":3,"column":4},"end":{"line":5,"column":5}},"3":{"start":{"line":4,"column":8},"end":{"line":4,"column":null}},"4":{"start":{"line":6,"column":4},"end":{"line":8,"column":5}},"5":{"start":{"line":7,"column":8},"end":{"line":7,"column":null}},"6":{"start":{"line":9,"column":4},"end":{"line":11,"column":5}},"7":{"start":{"line":10,"column":8},"end":{"line":10,"column":null}},"8":{"start":{"line":15,"column":4},"end":{"line":17,"column":5}},"9":{"start":{"line":16,"column":8},"end":{"line":16,"column":null}},"10":{"start":{"line":18,"column":4},"end":{"line":18,"column":null}},"11":{"start":{"line":1,"column":13},"end":{"line":1,"column":32}}},"fnMap":{"0":{"name":"(anonymous_0)","decl":{"start":{"line":1,"column":32},"end":{"line":1,"column":33}},"loc":{"start":{"line":1,"column":53},"end":{"line":19,"column":1}}}},"branchMap":{"0":{"loc":{"start":{"line":3,"column":4},"end":{"line":5,"column":5}},"type":"if","locations":[{"start":{"line":3,"column":4},"end":{"line":5,"column":5}}]},"1":{"loc":{"start":{"line":6,"column":4},"end":{"line":8,"column":5}},"type":"if","locations":[{"start":{"line":6,"column":4},"end":{"line":8,"column":5}}]},"2":{"loc":{"start":{"line":9,"column":4},"end":{"line":11,"column":5}},"type":"if","locations":[{"start":{"line":9,"column":4},"end":{"line":11,"column":5}}]},"3":{"loc":{"start":{"line":15,"column":4},"end":{"line":17,"column":5}},"type":"if","locations":[{"start":{"line":15,"column":4},"end":{"line":17,"column":5}}]}},"s":{"0":4,"1":6,"2":6,"3":2,"4":6,"5":1,"6":6,"7":2,"8":6,"9":2,"10":6,"11":4},"f":{"0":6},"b":{"0":[2],"1":[1],"2":[2],"3":[2]}}
,"C:\\Users\\Kacper\\Desktop\\Pracownia_webowych\\ProjektWebowe\\frontend\\src\\pages\\CreateTarget\\index.tsx": {"path":"C:\\Users\\Kacper\\Desktop\\Pracownia_webowych\\ProjektWebowe\\frontend\\src\\pages\\CreateTarget\\index.tsx","statementMap":{"0":{"start":{"line":1,"column":0},"end":{"line":1,"column":47}},"1":{"start":{"line":2,"column":0},"end":{"line":2,"column":53}},"2":{"start":{"line":5,"column":4},"end":{"line":10,"column":null}},"3":{"start":{"line":4,"column":0},"end":{"line":4,"column":24}}},"fnMap":{"0":{"name":"CreateTarget","decl":{"start":{"line":4,"column":24},"end":{"line":4,"column":36}},"loc":{"start":{"line":4,"column":36},"end":{"line":11,"column":1}}}},"branchMap":{},"s":{"0":1,"1":1,"2":0,"3":1},"f":{"0":0},"b":{}}
,"C:\\Users\\Kacper\\Desktop\\Pracownia_webowych\\ProjektWebowe\\frontend\\src\\pages\\Home\\index.tsx": {"path":"C:\\Users\\Kacper\\Desktop\\Pracownia_webowych\\ProjektWebowe\\frontend\\src\\pages\\Home\\index.tsx","statementMap":{"0":{"start":{"line":1,"column":0},"end":{"line":1,"column":47}},"1":{"start":{"line":2,"column":0},"end":{"line":2,"column":53}},"2":{"start":{"line":5,"column":4},"end":{"line":13,"column":null}},"3":{"start":{"line":4,"column":0},"end":{"line":4,"column":24}}},"fnMap":{"0":{"name":"Home","decl":{"start":{"line":4,"column":24},"end":{"line":4,"column":28}},"loc":{"start":{"line":4,"column":28},"end":{"line":14,"column":1}}}},"branchMap":{},"s":{"0":1,"1":1,"2":0,"3":1},"f":{"0":0},"b":{}}
,"C:\\Users\\Kacper\\Desktop\\Pracownia_webowych\\ProjektWebowe\\frontend\\src\\pages\\Login\\index.tsx": {"path":"C:\\Users\\Kacper\\Desktop\\Pracownia_webowych\\ProjektWebowe\\frontend\\src\\pages\\Login\\index.tsx","statementMap":{"0":{"start":{"line":1,"column":0},"end":{"line":1,"column":47}},"1":{"start":{"line":2,"column":0},"end":{"line":2,"column":51}},"2":{"start":{"line":7,"column":4},"end":{"line":12,"column":null}},"3":{"start":{"line":6,"column":0},"end":{"line":6,"column":24}}},"fnMap":{"0":{"name":"Login","decl":{"start":{"line":6,"column":24},"end":{"line":6,"column":29}},"loc":{"start":{"line":6,"column":29},"end":{"line":13,"column":1}}}},"branchMap":{},"s":{"0":1,"1":1,"2":0,"3":1},"f":{"0":0},"b":{}}
,"C:\\Users\\Kacper\\Desktop\\Pracownia_webowych\\ProjektWebowe\\frontend\\src\\pages\\Profile\\index.tsx": {"path":"C:\\Users\\Kacper\\Desktop\\Pracownia_webowych\\ProjektWebowe\\frontend\\src\\pages\\Profile\\index.tsx","statementMap":{"0":{"start":{"line":1,"column":0},"end":{"line":1,"column":49}},"1":{"start":{"line":2,"column":0},"end":{"line":2,"column":47}},"2":{"start":{"line":3,"column":0},"end":{"line":3,"column":59}},"3":{"start":{"line":6,"column":17},"end":{"line":6,"column":48}},"4":{"start":{"line":8,"column":4},"end":{"line":13,"column":null}},"5":{"start":{"line":5,"column":0},"end":{"line":5,"column":24}}},"fnMap":{"0":{"name":"Profile","decl":{"start":{"line":5,"column":24},"end":{"line":5,"column":31}},"loc":{"start":{"line":5,"column":31},"end":{"line":14,"column":1}}}},"branchMap":{},"s":{"0":1,"1":1,"2":1,"3":0,"4":0,"5":1},"f":{"0":0},"b":{}}
,"C:\\Users\\Kacper\\Desktop\\Pracownia_webowych\\ProjektWebowe\\frontend\\src\\pages\\Register\\index.tsx": {"path":"C:\\Users\\Kacper\\Desktop\\Pracownia_webowych\\ProjektWebowe\\frontend\\src\\pages\\Register\\index.tsx","statementMap":{"0":{"start":{"line":1,"column":0},"end":{"line":1,"column":57}},"1":{"start":{"line":2,"column":0},"end":{"line":2,"column":47}},"2":{"start":{"line":5,"column":4},"end":{"line":10,"column":null}},"3":{"start":{"line":4,"column":0},"end":{"line":4,"column":24}}},"fnMap":{"0":{"name":"Register","decl":{"start":{"line":4,"column":24},"end":{"line":4,"column":32}},"loc":{"start":{"line":4,"column":32},"end":{"line":11,"column":1}}}},"branchMap":{},"s":{"0":1,"1":1,"2":0,"3":1},"f":{"0":0},"b":{}}
,"C:\\Users\\Kacper\\Desktop\\Pracownia_webowych\\ProjektWebowe\\frontend\\src\\pages\\Report\\index.tsx": {"path":"C:\\Users\\Kacper\\Desktop\\Pracownia_webowych\\ProjektWebowe\\frontend\\src\\pages\\Report\\index.tsx","statementMap":{"0":{"start":{"line":1,"column":0},"end":{"line":1,"column":47}},"1":{"start":{"line":2,"column":0},"end":{"line":2,"column":53}},"2":{"start":{"line":5,"column":4},"end":{"line":10,"column":null}},"3":{"start":{"line":4,"column":0},"end":{"line":4,"column":24}}},"fnMap":{"0":{"name":"Report","decl":{"start":{"line":4,"column":24},"end":{"line":4,"column":30}},"loc":{"start":{"line":4,"column":30},"end":{"line":11,"column":1}}}},"branchMap":{},"s":{"0":1,"1":1,"2":0,"3":1},"f":{"0":0},"b":{}}
,"C:\\Users\\Kacper\\Desktop\\Pracownia_webowych\\ProjektWebowe\\frontend\\src\\pages\\Reports\\index.tsx": {"path":"C:\\Users\\Kacper\\Desktop\\Pracownia_webowych\\ProjektWebowe\\frontend\\src\\pages\\Reports\\index.tsx","statementMap":{"0":{"start":{"line":1,"column":0},"end":{"line":1,"column":47}},"1":{"start":{"line":2,"column":0},"end":{"line":2,"column":53}},"2":{"start":{"line":3,"column":0},"end":{"line":3,"column":53}},"3":{"start":{"line":6,"column":4},"end":{"line":12,"column":null}},"4":{"start":{"line":5,"column":0},"end":{"line":5,"column":24}}},"fnMap":{"0":{"name":"Reports","decl":{"start":{"line":5,"column":24},"end":{"line":5,"column":31}},"loc":{"start":{"line":5,"column":31},"end":{"line":13,"column":1}}}},"branchMap":{},"s":{"0":1,"1":1,"2":1,"3":0,"4":1},"f":{"0":0},"b":{}}
,"C:\\Users\\Kacper\\Desktop\\Pracownia_webowych\\ProjektWebowe\\frontend\\src\\pages\\Targets\\index.tsx": {"path":"C:\\Users\\Kacper\\Desktop\\Pracownia_webowych\\ProjektWebowe\\frontend\\src\\pages\\Targets\\index.tsx","statementMap":{"0":{"start":{"line":1,"column":0},"end":{"line":1,"column":47}},"1":{"start":{"line":2,"column":0},"end":{"line":2,"column":53}},"2":{"start":{"line":5,"column":4},"end":{"line":11,"column":null}},"3":{"start":{"line":4,"column":0},"end":{"line":4,"column":24}}},"fnMap":{"0":{"name":"Targets","decl":{"start":{"line":4,"column":24},"end":{"line":4,"column":31}},"loc":{"start":{"line":4,"column":31},"end":{"line":12,"column":1}}}},"branchMap":{},"s":{"0":1,"1":1,"2":0,"3":1},"f":{"0":0},"b":{}}
}
