TN:
SF:src\store.tsx
FNF:0
FNH:0
DA:1,3
DA:7,3
LF:2
LH:2
BRF:0
BRH:0
end_of_record
TN:
SF:src\components\ActualityButton\index.tsx
FN:9,ActualityButton
FN:13,(anonymous_1)
FN:24,(anonymous_2)
FN:25,(anonymous_3)
FN:28,(anonymous_4)
FN:33,(anonymous_5)
FN:43,(anonymous_6)
FN:44,(anonymous_7)
FN:47,(anonymous_8)
FNF:9
FNH:9
FNDA:7,ActualityButton
FNDA:2,(anonymous_1)
FNDA:1,(anonymous_2)
FNDA:1,(anonymous_3)
FNDA:1,(anonymous_4)
FNDA:2,(anonymous_5)
FNDA:1,(anonymous_6)
FNDA:1,(anonymous_7)
FNDA:1,(anonymous_8)
DA:1,3
DA:9,3
DA:11,7
DA:13,7
DA:14,2
DA:17,2
DA:22,2
DA:23,2
DA:24,1
DA:26,1
DA:29,1
DA:33,7
DA:34,2
DA:37,2
DA:42,2
DA:43,1
DA:45,1
DA:48,1
DA:52,7
LF:19
LH:19
BRDA:53,0,0,4
BRDA:53,0,1,3
BRDA:53,1,0,4
BRDA:53,1,1,3
BRDA:54,2,0,4
BRDA:54,2,1,3
BRF:6
BRH:6
end_of_record
TN:
SF:src\components\FindTarget\index.tsx
FN:8,FindTarget
FN:12,(anonymous_1)
FN:26,(anonymous_2)
FN:27,(anonymous_3)
FN:35,(anonymous_4)
FN:39,(anonymous_5)
FN:49,(anonymous_6)
FN:62,(anonymous_7)
FNF:8
FNH:6
FNDA:6,FindTarget
FNDA:3,(anonymous_1)
FNDA:2,(anonymous_2)
FNDA:2,(anonymous_3)
FNDA:0,(anonymous_4)
FNDA:0,(anonymous_5)
FNDA:3,(anonymous_6)
FNDA:1,(anonymous_7)
DA:1,2
DA:8,2
DA:9,6
DA:10,6
DA:12,6
DA:13,3
DA:17,3
DA:18,2
DA:19,2
DA:25,2
DA:26,2
DA:28,2
DA:29,2
DA:30,2
DA:35,6
DA:36,0
DA:37,0
DA:38,0
DA:39,0
DA:40,0
DA:41,0
DA:46,6
DA:50,3
DA:51,3
DA:52,3
DA:53,3
DA:63,1
LF:27
LH:21
BRDA:17,0,0,2
BRDA:40,1,0,0
BRF:2
BRH:1
end_of_record
TN:
SF:src\components\FollowButton\index.tsx
FN:13,FollowButton
FN:17,(anonymous_1)
FN:29,(anonymous_2)
FN:30,(anonymous_3)
FN:33,(anonymous_4)
FN:38,(anonymous_5)
FN:48,(anonymous_6)
FN:49,(anonymous_7)
FN:52,(anonymous_8)
FNF:9
FNH:7
FNDA:4,FollowButton
FNDA:1,(anonymous_1)
FNDA:1,(anonymous_2)
FNDA:1,(anonymous_3)
FNDA:0,(anonymous_4)
FNDA:1,(anonymous_5)
FNDA:1,(anonymous_6)
FNDA:1,(anonymous_7)
FNDA:0,(anonymous_8)
DA:1,2
DA:2,2
DA:13,2
DA:14,4
DA:15,4
DA:17,4
DA:18,1
DA:22,1
DA:27,1
DA:28,1
DA:29,1
DA:31,1
DA:34,0
DA:38,4
DA:39,1
DA:43,1
DA:46,1
DA:47,1
DA:48,1
DA:50,1
DA:53,0
DA:57,4
LF:22
LH:20
BRDA:58,0,0,2
BRDA:58,0,1,2
BRDA:58,1,0,2
BRDA:58,1,1,2
BRDA:59,2,0,2
BRDA:59,2,1,2
BRF:6
BRH:6
end_of_record
TN:
SF:src\components\Footer\index.tsx
FN:2,Footer
FNF:1
FNH:1
FNDA:2,Footer
DA:2,1
DA:3,2
LF:2
LH:2
BRF:0
BRH:0
end_of_record
TN:
SF:src\components\Heading\index.tsx
FN:8,Heading
FNF:1
FNH:1
FNDA:10,Heading
DA:1,3
DA:8,3
DA:9,10
DA:10,10
LF:4
LH:4
BRDA:8,0,0,1
BRDA:8,1,0,3
BRF:2
BRH:2
end_of_record
TN:
SF:src\components\LinkButton\index.tsx
FN:8,LinkButton
FNF:1
FNH:1
FNDA:5,LinkButton
DA:8,2
DA:9,5
LF:2
LH:2
BRDA:8,0,0,4
BRDA:12,1,0,5
BRDA:12,1,1,1
BRF:3
BRH:3
end_of_record
TN:
SF:src\components\LoginForm\index.tsx
FN:8,LoginForm
FN:14,(anonymous_1)
FN:27,(anonymous_2)
FN:45,(anonymous_3)
FN:55,(anonymous_4)
FN:59,(anonymous_5)
FNF:6
FNH:6
FNDA:18,LoginForm
FNDA:5,(anonymous_1)
FNDA:2,(anonymous_2)
FNDA:2,(anonymous_3)
FNDA:5,(anonymous_4)
FNDA:5,(anonymous_5)
DA:1,3
DA:2,3
DA:3,3
DA:4,3
DA:5,3
DA:6,3
DA:8,3
DA:9,18
DA:10,18
DA:11,18
DA:12,18
DA:14,18
DA:15,5
DA:16,5
DA:17,2
DA:18,2
DA:21,3
DA:26,3
DA:28,2
DA:29,2
DA:39,0
DA:40,0
DA:42,1
DA:46,2
DA:51,18
DA:55,5
DA:59,5
LF:27
LH:25
BRDA:16,0,0,2
BRDA:28,1,0,2
BRDA:29,2,0,0
BRDA:29,2,1,1
BRF:4
BRH:3
end_of_record
TN:
SF:src\components\Navbar\index.tsx
FN:7,Navbar
FN:12,(anonymous_1)
FN:25,(anonymous_2)
FN:25,(anonymous_3)
FNF:4
FNH:4
FNDA:4,Navbar
FNDA:1,(anonymous_1)
FNDA:40,(anonymous_2)
FNDA:16,(anonymous_3)
DA:1,1
DA:2,1
DA:3,1
DA:4,1
DA:7,1
DA:8,4
DA:10,4
DA:11,4
DA:12,4
DA:13,1
DA:14,1
DA:17,4
DA:25,40
DA:26,16
LF:14
LH:14
BRDA:33,0,0,2
BRDA:33,0,1,2
BRF:2
BRH:2
end_of_record
TN:
SF:src\components\RegisterForm\index.tsx
FN:9,RegisterForm
FN:15,(anonymous_1)
FN:31,(anonymous_2)
FN:36,(anonymous_3)
FN:56,(anonymous_4)
FN:63,(anonymous_5)
FN:75,(anonymous_6)
FN:79,(anonymous_7)
FN:83,(anonymous_8)
FN:87,(anonymous_9)
FN:89,(anonymous_10)
FNF:11
FNH:11
FNDA:49,RegisterForm
FNDA:8,(anonymous_1)
FNDA:3,(anonymous_2)
FNDA:1,(anonymous_3)
FNDA:1,(anonymous_4)
FNDA:2,(anonymous_5)
FNDA:8,(anonymous_6)
FNDA:8,(anonymous_7)
FNDA:8,(anonymous_8)
FNDA:8,(anonymous_9)
FNDA:8,(anonymous_10)
DA:1,2
DA:2,2
DA:3,2
DA:4,2
DA:5,2
DA:6,2
DA:7,2
DA:9,2
DA:10,49
DA:11,49
DA:12,48
DA:13,48
DA:15,48
DA:16,8
DA:17,8
DA:18,8
DA:19,1
DA:20,1
DA:21,7
DA:22,1
DA:23,6
DA:24,5
DA:25,5
DA:30,5
DA:33,3
DA:35,2
DA:37,1
DA:39,1
DA:49,0
DA:50,0
DA:53,1
DA:57,1
DA:60,1
DA:64,2
DA:67,1
DA:71,48
DA:75,8
DA:79,8
DA:83,8
DA:87,8
DA:89,8
LF:41
LH:39
BRDA:18,0,0,1
BRDA:18,0,1,7
BRDA:21,1,0,1
BRDA:21,1,1,6
BRDA:23,2,0,5
BRDA:23,2,1,1
BRDA:33,3,0,2
BRDA:33,3,1,1
BRDA:37,4,0,1
BRDA:39,5,0,0
BRDA:39,5,1,1
BRF:11
BRH:10
end_of_record
TN:
SF:src\components\ReportDetails\index.tsx
FN:14,ReportDetails
FN:22,(anonymous_1)
FN:26,(anonymous_2)
FN:30,(anonymous_3)
FN:31,(anonymous_4)
FN:44,(anonymous_5)
FN:45,(anonymous_6)
FN:51,(anonymous_7)
FN:57,(anonymous_8)
FN:68,(anonymous_9)
FN:84,(anonymous_10)
FN:85,(anonymous_11)
FN:88,(anonymous_12)
FN:105,(anonymous_13)
FN:106,(anonymous_14)
FN:109,(anonymous_15)
FN:136,(anonymous_16)
FNF:17
FNH:13
FNDA:10,ReportDetails
FNDA:4,(anonymous_1)
FNDA:4,(anonymous_2)
FNDA:4,(anonymous_3)
FNDA:4,(anonymous_4)
FNDA:3,(anonymous_5)
FNDA:3,(anonymous_6)
FNDA:0,(anonymous_7)
FNDA:0,(anonymous_8)
FNDA:2,(anonymous_9)
FNDA:1,(anonymous_10)
FNDA:1,(anonymous_11)
FNDA:0,(anonymous_12)
FNDA:1,(anonymous_13)
FNDA:1,(anonymous_14)
FNDA:0,(anonymous_15)
FNDA:2,(anonymous_16)
DA:2,2
DA:3,2
DA:4,2
DA:5,2
DA:6,2
DA:7,2
DA:8,2
DA:14,2
DA:15,10
DA:16,10
DA:18,10
DA:20,10
DA:22,10
DA:23,4
DA:26,4
DA:27,4
DA:29,4
DA:30,4
DA:32,4
DA:36,4
DA:38,3
DA:43,3
DA:44,3
DA:46,3
DA:47,2
DA:48,2
DA:52,0
DA:58,0
DA:61,0
DA:64,4
DA:68,10
DA:70,2
DA:71,1
DA:77,1
DA:83,1
DA:84,1
DA:89,0
DA:92,1
DA:98,1
DA:104,1
DA:105,1
DA:107,1
DA:110,0
DA:115,10
DA:116,4
DA:118,6
DA:137,2
DA:138,2
DA:139,2
LF:49
LH:44
BRDA:36,0,0,3
BRDA:46,1,0,2
BRDA:70,2,0,1
BRDA:70,2,1,1
BRDA:115,3,0,4
BRDA:124,4,0,4
BRDA:124,4,1,2
BRDA:127,5,0,1
BRDA:127,5,1,5
BRDA:139,6,0,2
BRDA:139,6,1,0
BRF:11
BRH:10
end_of_record
TN:
SF:src\components\ReportForm\index.tsx
FN:11,ReportForm
FN:19,(anonymous_1)
FN:24,(anonymous_2)
FN:25,(anonymous_3)
FN:26,(anonymous_4)
FN:29,(anonymous_5)
FN:35,(anonymous_6)
FN:68,(anonymous_7)
FN:69,(anonymous_8)
FN:72,(anonymous_9)
FN:77,(anonymous_10)
FN:80,(anonymous_11)
FN:97,(anonymous_12)
FN:100,(anonymous_13)
FN:108,(anonymous_14)
FN:112,(anonymous_15)
FN:116,(anonymous_16)
FNF:17
FNH:1
FNDA:9,ReportForm
FNDA:0,(anonymous_1)
FNDA:0,(anonymous_2)
FNDA:0,(anonymous_3)
FNDA:0,(anonymous_4)
FNDA:0,(anonymous_5)
FNDA:0,(anonymous_6)
FNDA:0,(anonymous_7)
FNDA:0,(anonymous_8)
FNDA:0,(anonymous_9)
FNDA:0,(anonymous_10)
FNDA:0,(anonymous_11)
FNDA:0,(anonymous_12)
FNDA:0,(anonymous_13)
FNDA:0,(anonymous_14)
FNDA:0,(anonymous_15)
FNDA:0,(anonymous_16)
DA:1,2
DA:3,2
DA:4,2
DA:5,2
DA:11,2
DA:12,9
DA:13,9
DA:14,9
DA:15,8
DA:16,8
DA:17,8
DA:19,8
DA:20,0
DA:23,0
DA:24,0
DA:26,0
DA:27,0
DA:30,0
DA:31,0
DA:35,8
DA:36,0
DA:37,0
DA:38,0
DA:39,0
DA:40,0
DA:41,0
DA:42,0
DA:45,0
DA:61,0
DA:67,0
DA:68,0
DA:70,0
DA:73,0
DA:77,8
DA:78,0
DA:79,0
DA:80,0
DA:81,0
DA:82,0
DA:83,0
DA:84,0
DA:87,0
DA:92,8
DA:97,0
DA:101,0
DA:108,0
DA:112,0
DA:116,0
LF:48
LH:15
BRDA:37,0,0,0
BRDA:37,0,1,0
BRDA:37,1,0,0
BRDA:37,1,1,0
BRDA:40,2,0,0
BRDA:79,3,0,0
BRDA:79,3,1,0
BRF:7
BRH:0
end_of_record
TN:
SF:src\components\ReportView\index.tsx
FN:9,ReportView
FN:17,(anonymous_1)
FN:31,(anonymous_2)
FN:32,(anonymous_3)
FN:35,(anonymous_4)
FN:39,(anonymous_5)
FN:43,(anonymous_6)
FN:49,(anonymous_7)
FN:66,(anonymous_8)
FN:80,(anonymous_9)
FN:104,(anonymous_10)
FNF:11
FNH:0
FNDA:0,ReportView
FNDA:0,(anonymous_1)
FNDA:0,(anonymous_2)
FNDA:0,(anonymous_3)
FNDA:0,(anonymous_4)
FNDA:0,(anonymous_5)
FNDA:0,(anonymous_6)
FNDA:0,(anonymous_7)
FNDA:0,(anonymous_8)
FNDA:0,(anonymous_9)
FNDA:0,(anonymous_10)
DA:1,1
DA:2,1
DA:4,1
DA:6,1
DA:7,1
DA:9,1
DA:10,0
DA:11,0
DA:12,0
DA:13,0
DA:14,0
DA:15,0
DA:17,0
DA:18,0
DA:19,0
DA:22,0
DA:28,0
DA:30,0
DA:31,0
DA:33,0
DA:36,0
DA:39,0
DA:40,0
DA:43,0
DA:44,0
DA:47,0
DA:49,0
DA:66,0
DA:80,0
DA:105,0
LF:30
LH:6
BRDA:50,0,0,0
BRDA:50,0,1,0
BRDA:53,1,0,0
BRDA:53,1,1,0
BRF:4
BRH:0
end_of_record
TN:
SF:src\components\TargetDetails\index.tsx
FN:9,TargetDetails
FN:17,(anonymous_1)
FN:19,(anonymous_2)
FNF:3
FNH:3
FNDA:4,TargetDetails
FNDA:3,(anonymous_1)
FNDA:3,(anonymous_2)
DA:1,2
DA:3,2
DA:9,2
DA:10,4
DA:11,4
DA:13,4
DA:17,4
DA:19,3
DA:20,3
DA:21,3
DA:22,3
DA:23,2
DA:24,2
DA:25,2
DA:27,1
DA:31,3
DA:33,4
DA:34,3
DA:37,1
LF:19
LH:19
BRDA:33,0,0,3
BRF:1
BRH:1
end_of_record
TN:
SF:src\components\TargetForm\index.tsx
FN:9,TargetForm
FN:16,(anonymous_1)
FN:34,(anonymous_2)
FN:35,(anonymous_3)
FN:38,(anonymous_4)
FN:44,(anonymous_5)
FN:49,(anonymous_6)
FNF:7
FNH:0
FNDA:0,TargetForm
FNDA:0,(anonymous_1)
FNDA:0,(anonymous_2)
FNDA:0,(anonymous_3)
FNDA:0,(anonymous_4)
FNDA:0,(anonymous_5)
FNDA:0,(anonymous_6)
DA:1,1
DA:2,1
DA:3,1
DA:9,1
DA:10,0
DA:11,0
DA:12,0
DA:13,0
DA:16,0
DA:17,0
DA:18,0
DA:27,0
DA:32,0
DA:33,0
DA:34,0
DA:36,0
DA:38,0
DA:40,0
DA:44,0
DA:49,0
LF:20
LH:4
BRF:0
BRH:0
end_of_record
TN:
SF:src\components\TargetView\index.tsx
FN:12,TargetView
FN:20,(anonymous_1)
FN:36,(anonymous_2)
FN:37,(anonymous_3)
FN:41,(anonymous_4)
FN:51,(anonymous_5)
FN:52,(anonymous_6)
FN:57,(anonymous_7)
FN:66,(anonymous_8)
FN:68,(anonymous_9)
FN:69,(anonymous_10)
FN:72,(anonymous_11)
FN:77,(anonymous_12)
FN:81,(anonymous_13)
FN:109,(anonymous_14)
FN:120,(anonymous_15)
FNF:16
FNH:0
FNDA:0,TargetView
FNDA:0,(anonymous_1)
FNDA:0,(anonymous_2)
FNDA:0,(anonymous_3)
FNDA:0,(anonymous_4)
FNDA:0,(anonymous_5)
FNDA:0,(anonymous_6)
FNDA:0,(anonymous_7)
FNDA:0,(anonymous_8)
FNDA:0,(anonymous_9)
FNDA:0,(anonymous_10)
FNDA:0,(anonymous_11)
FNDA:0,(anonymous_12)
FNDA:0,(anonymous_13)
FNDA:0,(anonymous_14)
FNDA:0,(anonymous_15)
DA:1,1
DA:2,1
DA:4,1
DA:5,1
DA:6,1
DA:12,1
DA:13,0
DA:14,0
DA:15,0
DA:17,0
DA:18,0
DA:20,0
DA:21,0
DA:23,0
DA:24,0
DA:27,0
DA:28,0
DA:34,0
DA:35,0
DA:36,0
DA:38,0
DA:42,0
DA:45,0
DA:49,0
DA:50,0
DA:51,0
DA:53,0
DA:54,0
DA:55,0
DA:58,0
DA:61,0
DA:63,0
DA:66,0
DA:67,0
DA:68,0
DA:70,0
DA:71,0
DA:72,0
DA:73,0
DA:75,0
DA:78,0
DA:81,0
DA:82,0
DA:85,0
DA:109,0
DA:121,0
DA:122,0
LF:47
LH:6
BRDA:27,0,0,0
BRDA:27,0,1,0
BRDA:27,1,0,0
BRDA:27,1,1,0
BRDA:130,2,0,0
BRDA:130,2,1,0
BRF:6
BRH:0
end_of_record
TN:
SF:src\components\UserData\index.tsx
FN:9,UserData
FN:15,(anonymous_1)
FN:16,(anonymous_2)
FNF:3
FNH:0
FNDA:0,UserData
FNDA:0,(anonymous_1)
FNDA:0,(anonymous_2)
DA:2,1
DA:3,1
DA:9,1
DA:10,0
DA:11,0
DA:15,0
DA:16,0
DA:17,0
DA:18,0
DA:19,0
DA:21,0
DA:23,0
DA:27,0
DA:29,0
DA:30,0
DA:32,0
LF:16
LH:3
BRDA:29,0,0,0
BRF:1
BRH:0
end_of_record
TN:
SF:src\helpers\fixDate.tsx
FN:1,(anonymous_0)
FNF:1
FNH:1
FNDA:6,(anonymous_0)
DA:1,2
DA:2,6
DA:3,6
DA:4,4
DA:5,4
DA:6,4
DA:9,6
LF:7
LH:7
BRDA:3,0,0,4
BRF:1
BRH:1
end_of_record
TN:
SF:src\helpers\routing.tsx
FNF:0
FNH:0
DA:2,1
DA:3,1
DA:4,1
DA:5,1
DA:6,1
DA:7,1
DA:8,1
DA:9,1
DA:10,1
DA:11,1
DA:22,1
LF:11
LH:11
BRF:0
BRH:0
end_of_record
TN:
SF:src\helpers\validateEmail.tsx
FN:1,validateEmail
FNF:1
FNH:1
FNDA:10,validateEmail
DA:1,4
DA:2,10
LF:2
LH:2
BRF:0
BRH:0
end_of_record
TN:
SF:src\helpers\validatePassword.tsx
FN:1,(anonymous_0)
FNF:1
FNH:1
FNDA:6,(anonymous_0)
DA:1,4
DA:2,6
DA:3,6
DA:4,2
DA:6,6
DA:7,1
DA:9,6
DA:10,2
DA:15,6
DA:16,2
DA:18,6
LF:11
LH:11
BRDA:3,0,0,2
BRDA:6,1,0,1
BRDA:9,2,0,2
BRDA:15,3,0,2
BRF:4
BRH:4
end_of_record
TN:
SF:src\pages\CreateTarget\index.tsx
FN:4,CreateTarget
FNF:1
FNH:0
FNDA:0,CreateTarget
DA:1,1
DA:2,1
DA:4,1
DA:5,0
LF:4
LH:3
BRF:0
BRH:0
end_of_record
TN:
SF:src\pages\Home\index.tsx
FN:4,Home
FNF:1
FNH:0
FNDA:0,Home
DA:1,1
DA:2,1
DA:4,1
DA:5,0
LF:4
LH:3
BRF:0
BRH:0
end_of_record
TN:
SF:src\pages\Login\index.tsx
FN:6,Login
FNF:1
FNH:0
FNDA:0,Login
DA:1,1
DA:2,1
DA:6,1
DA:7,0
LF:4
LH:3
BRF:0
BRH:0
end_of_record
TN:
SF:src\pages\Profile\index.tsx
FN:5,Profile
FNF:1
FNH:0
FNDA:0,Profile
DA:1,1
DA:2,1
DA:3,1
DA:5,1
DA:6,0
DA:8,0
LF:6
LH:4
BRF:0
BRH:0
end_of_record
TN:
SF:src\pages\Register\index.tsx
FN:4,Register
FNF:1
FNH:0
FNDA:0,Register
DA:1,1
DA:2,1
DA:4,1
DA:5,0
LF:4
LH:3
BRF:0
BRH:0
end_of_record
TN:
SF:src\pages\Report\index.tsx
FN:4,Report
FNF:1
FNH:0
FNDA:0,Report
DA:1,1
DA:2,1
DA:4,1
DA:5,0
LF:4
LH:3
BRF:0
BRH:0
end_of_record
TN:
SF:src\pages\Reports\index.tsx
FN:5,Reports
FNF:1
FNH:0
FNDA:0,Reports
DA:1,1
DA:2,1
DA:3,1
DA:5,1
DA:6,0
LF:5
LH:4
BRF:0
BRH:0
end_of_record
TN:
SF:src\pages\Targets\index.tsx
FN:4,Targets
FNF:1
FNH:0
FNDA:0,Targets
DA:1,1
DA:2,1
DA:4,1
DA:5,0
LF:4
LH:3
BRF:0
BRH:0
end_of_record
