{"E:\\Dev2\\Webowe\\ProjektWebowe\\backend\\app_routes\\Location\\index.ts": {"path":"E:\\Dev2\\Webowe\\ProjektWebowe\\backend\\app_routes\\Location\\index.ts","statementMap":{"0":{"start":{"line":1,"column":0},"end":{"line":1,"column":46}},"1":{"start":{"line":2,"column":0},"end":{"line":2,"column":61}},"2":{"start":{"line":3,"column":0},"end":{"line":3,"column":54}},"3":{"start":{"line":4,"column":0},"end":{"line":4,"column":60}},"4":{"start":{"line":7,"column":15},"end":{"line":7,"column":33}},"5":{"start":{"line":9,"column":15},"end":{"line":9,"column":23}},"6":{"start":{"line":125,"column":19},"end":{"line":125,"column":34}},"7":{"start":{"line":11,"column":0},"end":{"line":51,"column":3}},"8":{"start":{"line":11,"column":63},"end":{"line":51,"column":2}},"9":{"start":{"line":12,"column":4},"end":{"line":50,"column":5}},"10":{"start":{"line":13,"column":20},"end":{"line":13,"column":66}},"11":{"start":{"line":14,"column":22},"end":{"line":14,"column":86}},"12":{"start":{"line":15,"column":24},"end":{"line":15,"column":61}},"13":{"start":{"line":16,"column":24},"end":{"line":16,"column":75}},"14":{"start":{"line":19,"column":27},"end":{"line":19,"column":29}},"15":{"start":{"line":21,"column":8},"end":{"line":23,"column":9}},"16":{"start":{"line":22,"column":12},"end":{"line":22,"column":32}},"17":{"start":{"line":25,"column":8},"end":{"line":28,"column":9}},"18":{"start":{"line":26,"column":49},"end":{"line":26,"column":71}},"19":{"start":{"line":27,"column":12},"end":{"line":27,"column":63}},"20":{"start":{"line":32,"column":21},"end":{"line":32,"column":64}},"21":{"start":{"line":34,"column":8},"end":{"line":40,"column":9}},"22":{"start":{"line":35,"column":32},"end":{"line":35,"column":42}},"23":{"start":{"line":36,"column":29},"end":{"line":36,"column":87}},"24":{"start":{"line":37,"column":12},"end":{"line":39,"column":14}},"25":{"start":{"line":42,"column":23},"end":{"line":42,"column":128}},"26":{"start":{"line":44,"column":8},"end":{"line":46,"column":11}},"27":{"start":{"line":48,"column":8},"end":{"line":48,"column":null}},"28":{"start":{"line":49,"column":8},"end":{"line":49,"column":47}},"29":{"start":{"line":53,"column":0},"end":{"line":71,"column":3}},"30":{"start":{"line":53,"column":61},"end":{"line":71,"column":2}},"31":{"start":{"line":54,"column":4},"end":{"line":70,"column":5}},"32":{"start":{"line":55,"column":23},"end":{"line":55,"column":33}},"33":{"start":{"line":57,"column":26},"end":{"line":57,"column":42}},"34":{"start":{"line":58,"column":8},"end":{"line":60,"column":9}},"35":{"start":{"line":59,"column":12},"end":{"line":59,"column":72}},"36":{"start":{"line":62,"column":23},"end":{"line":62,"column":125}},"37":{"start":{"line":64,"column":8},"end":{"line":66,"column":11}},"38":{"start":{"line":68,"column":8},"end":{"line":68,"column":27}},"39":{"start":{"line":69,"column":8},"end":{"line":69,"column":47}},"40":{"start":{"line":73,"column":0},"end":{"line":87,"column":3}},"41":{"start":{"line":73,"column":60},"end":{"line":87,"column":2}},"42":{"start":{"line":74,"column":4},"end":{"line":86,"column":5}},"43":{"start":{"line":75,"column":21},"end":{"line":75,"column":29}},"44":{"start":{"line":77,"column":23},"end":{"line":77,"column":61}},"45":{"start":{"line":79,"column":8},"end":{"line":82,"column":11}},"46":{"start":{"line":84,"column":8},"end":{"line":84,"column":29}},"47":{"start":{"line":85,"column":8},"end":{"line":85,"column":83}},"48":{"start":{"line":89,"column":0},"end":{"line":101,"column":3}},"49":{"start":{"line":89,"column":63},"end":{"line":101,"column":2}},"50":{"start":{"line":90,"column":4},"end":{"line":100,"column":5}},"51":{"start":{"line":91,"column":22},"end":{"line":91,"column":73}},"52":{"start":{"line":93,"column":23},"end":{"line":93,"column":66}},"53":{"start":{"line":95,"column":8},"end":{"line":97,"column":11}},"54":{"start":{"line":99,"column":8},"end":{"line":99,"column":47}},"55":{"start":{"line":104,"column":0},"end":{"line":123,"column":3}},"56":{"start":{"line":104,"column":61},"end":{"line":123,"column":2}},"57":{"start":{"line":105,"column":4},"end":{"line":122,"column":5}},"58":{"start":{"line":106,"column":23},"end":{"line":106,"column":33}},"59":{"start":{"line":107,"column":21},"end":{"line":107,"column":29}},"60":{"start":{"line":109,"column":26},"end":{"line":109,"column":42}},"61":{"start":{"line":110,"column":8},"end":{"line":112,"column":9}},"62":{"start":{"line":111,"column":12},"end":{"line":111,"column":72}},"63":{"start":{"line":114,"column":23},"end":{"line":114,"column":87}},"64":{"start":{"line":117,"column":8},"end":{"line":119,"column":11}},"65":{"start":{"line":121,"column":8},"end":{"line":121,"column":47}}},"fnMap":{"0":{"name":"(anonymous_7)","decl":{"start":{"line":11,"column":19},"end":{"line":11,"column":26}},"loc":{"start":{"line":11,"column":63},"end":{"line":51,"column":2}}},"1":{"name":"(anonymous_8)","decl":{"start":{"line":11,"column":63},"end":{"line":11,"column":null}},"loc":{"start":{"line":11,"column":63},"end":{"line":51,"column":1}}},"2":{"name":"(anonymous_9)","decl":{"start":{"line":53,"column":23},"end":{"line":53,"column":30}},"loc":{"start":{"line":53,"column":61},"end":{"line":71,"column":2}}},"3":{"name":"(anonymous_10)","decl":{"start":{"line":53,"column":61},"end":{"line":53,"column":null}},"loc":{"start":{"line":53,"column":61},"end":{"line":71,"column":1}}},"4":{"name":"(anonymous_11)","decl":{"start":{"line":73,"column":21},"end":{"line":73,"column":28}},"loc":{"start":{"line":73,"column":60},"end":{"line":87,"column":2}}},"5":{"name":"(anonymous_12)","decl":{"start":{"line":73,"column":60},"end":{"line":73,"column":null}},"loc":{"start":{"line":73,"column":60},"end":{"line":87,"column":1}}},"6":{"name":"(anonymous_13)","decl":{"start":{"line":89,"column":25},"end":{"line":89,"column":32}},"loc":{"start":{"line":89,"column":63},"end":{"line":101,"column":2}}},"7":{"name":"(anonymous_14)","decl":{"start":{"line":89,"column":63},"end":{"line":89,"column":null}},"loc":{"start":{"line":89,"column":63},"end":{"line":101,"column":1}}},"8":{"name":"(anonymous_15)","decl":{"start":{"line":104,"column":23},"end":{"line":104,"column":30}},"loc":{"start":{"line":104,"column":61},"end":{"line":123,"column":2}}},"9":{"name":"(anonymous_16)","decl":{"start":{"line":104,"column":61},"end":{"line":104,"column":null}},"loc":{"start":{"line":104,"column":61},"end":{"line":123,"column":1}}}},"branchMap":{"0":{"loc":{"start":{"line":15,"column":24},"end":{"line":15,"column":61}},"type":"cond-expr","locations":[{"start":{"line":15,"column":38},"end":{"line":15,"column":49}},{"start":{"line":15,"column":52},"end":{"line":15,"column":61}}]},"1":{"loc":{"start":{"line":16,"column":24},"end":{"line":16,"column":75}},"type":"cond-expr","locations":[{"start":{"line":16,"column":38},"end":{"line":16,"column":63}},{"start":{"line":16,"column":66},"end":{"line":16,"column":75}}]},"2":{"loc":{"start":{"line":21,"column":8},"end":{"line":23,"column":9}},"type":"if","locations":[{"start":{"line":21,"column":8},"end":{"line":23,"column":9}}]},"3":{"loc":{"start":{"line":25,"column":8},"end":{"line":28,"column":9}},"type":"if","locations":[{"start":{"line":25,"column":8},"end":{"line":28,"column":9}}]},"4":{"loc":{"start":{"line":32,"column":21},"end":{"line":32,"column":64}},"type":"cond-expr","locations":[{"start":{"line":32,"column":31},"end":{"line":32,"column":52}},{"start":{"line":32,"column":55},"end":{"line":32,"column":64}}]},"5":{"loc":{"start":{"line":34,"column":8},"end":{"line":40,"column":9}},"type":"if","locations":[{"start":{"line":34,"column":8},"end":{"line":40,"column":9}}]},"6":{"loc":{"start":{"line":58,"column":8},"end":{"line":60,"column":9}},"type":"if","locations":[{"start":{"line":58,"column":8},"end":{"line":60,"column":9}}]},"7":{"loc":{"start":{"line":110,"column":8},"end":{"line":112,"column":9}},"type":"if","locations":[{"start":{"line":110,"column":8},"end":{"line":112,"column":9}}]}},"s":{"0":1,"1":1,"2":1,"3":1,"4":1,"5":1,"6":1,"7":1,"8":0,"9":0,"10":0,"11":0,"12":0,"13":0,"14":0,"15":0,"16":0,"17":0,"18":0,"19":0,"20":0,"21":0,"22":0,"23":0,"24":0,"25":0,"26":0,"27":0,"28":0,"29":1,"30":0,"31":0,"32":0,"33":0,"34":0,"35":0,"36":0,"37":0,"38":0,"39":0,"40":1,"41":0,"42":0,"43":0,"44":0,"45":0,"46":0,"47":0,"48":1,"49":0,"50":0,"51":0,"52":0,"53":0,"54":0,"55":1,"56":0,"57":0,"58":0,"59":0,"60":0,"61":0,"62":0,"63":0,"64":0,"65":0},"f":{"0":0,"1":0,"2":0,"3":0,"4":0,"5":0,"6":0,"7":0,"8":0,"9":0},"b":{"0":[0,0],"1":[0,0],"2":[0],"3":[0],"4":[0,0],"5":[0],"6":[0],"7":[0]}}
,"E:\\Dev2\\Webowe\\ProjektWebowe\\backend\\app_routes\\LocationsOnUsers\\index.ts": {"path":"E:\\Dev2\\Webowe\\ProjektWebowe\\backend\\app_routes\\LocationsOnUsers\\index.ts","statementMap":{"0":{"start":{"line":1,"column":0},"end":{"line":1,"column":46}},"1":{"start":{"line":2,"column":0},"end":{"line":2,"column":61}},"2":{"start":{"line":3,"column":0},"end":{"line":3,"column":54}},"3":{"start":{"line":4,"column":0},"end":{"line":4,"column":60}},"4":{"start":{"line":7,"column":15},"end":{"line":7,"column":33}},"5":{"start":{"line":9,"column":15},"end":{"line":9,"column":23}},"6":{"start":{"line":151,"column":19},"end":{"line":151,"column":41}},"7":{"start":{"line":12,"column":0},"end":{"line":40,"column":3}},"8":{"start":{"line":12,"column":63},"end":{"line":40,"column":2}},"9":{"start":{"line":13,"column":4},"end":{"line":39,"column":5}},"10":{"start":{"line":14,"column":20},"end":{"line":14,"column":66}},"11":{"start":{"line":15,"column":22},"end":{"line":15,"column":75}},"12":{"start":{"line":16,"column":24},"end":{"line":16,"column":61}},"13":{"start":{"line":18,"column":27},"end":{"line":18,"column":29}},"14":{"start":{"line":20,"column":8},"end":{"line":22,"column":9}},"15":{"start":{"line":21,"column":12},"end":{"line":21,"column":32}},"16":{"start":{"line":24,"column":8},"end":{"line":27,"column":9}},"17":{"start":{"line":25,"column":49},"end":{"line":25,"column":71}},"18":{"start":{"line":26,"column":12},"end":{"line":26,"column":63}},"19":{"start":{"line":29,"column":21},"end":{"line":29,"column":64}},"20":{"start":{"line":31,"column":23},"end":{"line":31,"column":138}},"21":{"start":{"line":33,"column":8},"end":{"line":35,"column":11}},"22":{"start":{"line":37,"column":8},"end":{"line":37,"column":null}},"23":{"start":{"line":38,"column":8},"end":{"line":38,"column":47}},"24":{"start":{"line":43,"column":0},"end":{"line":79,"column":3}},"25":{"start":{"line":43,"column":59},"end":{"line":79,"column":2}},"26":{"start":{"line":44,"column":4},"end":{"line":78,"column":5}},"27":{"start":{"line":45,"column":21},"end":{"line":45,"column":29}},"28":{"start":{"line":47,"column":23},"end":{"line":47,"column":69}},"29":{"start":{"line":49,"column":31},"end":{"line":49,"column":35}},"30":{"start":{"line":51,"column":24},"end":{"line":58,"column":10}},"31":{"start":{"line":60,"column":30},"end":{"line":60,"column":97}},"32":{"start":{"line":60,"column":60},"end":{"line":60,"column":76}},"33":{"start":{"line":62,"column":8},"end":{"line":69,"column":11}},"34":{"start":{"line":71,"column":8},"end":{"line":74,"column":11}},"35":{"start":{"line":76,"column":8},"end":{"line":76,"column":29}},"36":{"start":{"line":77,"column":8},"end":{"line":77,"column":84}},"37":{"start":{"line":81,"column":0},"end":{"line":93,"column":3}},"38":{"start":{"line":81,"column":63},"end":{"line":93,"column":2}},"39":{"start":{"line":82,"column":4},"end":{"line":92,"column":5}},"40":{"start":{"line":83,"column":22},"end":{"line":83,"column":73}},"41":{"start":{"line":85,"column":23},"end":{"line":85,"column":74}},"42":{"start":{"line":87,"column":8},"end":{"line":89,"column":11}},"43":{"start":{"line":91,"column":8},"end":{"line":91,"column":47}},"44":{"start":{"line":96,"column":0},"end":{"line":149,"column":3}},"45":{"start":{"line":96,"column":63},"end":{"line":149,"column":2}},"46":{"start":{"line":97,"column":4},"end":{"line":148,"column":5}},"47":{"start":{"line":98,"column":46},"end":{"line":98,"column":54}},"48":{"start":{"line":100,"column":8},"end":{"line":102,"column":9}},"49":{"start":{"line":101,"column":12},"end":{"line":101,"column":68}},"50":{"start":{"line":104,"column":23},"end":{"line":121,"column":10}},"51":{"start":{"line":123,"column":24},"end":{"line":130,"column":10}},"52":{"start":{"line":133,"column":12},"end":{"line":133,"column":79}},"53":{"start":{"line":133,"column":42},"end":{"line":133,"column":58}},"54":{"start":{"line":135,"column":8},"end":{"line":142,"column":11}},"55":{"start":{"line":144,"column":8},"end":{"line":144,"column":44}},"56":{"start":{"line":146,"column":8},"end":{"line":146,"column":29}},"57":{"start":{"line":147,"column":8},"end":{"line":147,"column":65}}},"fnMap":{"0":{"name":"(anonymous_7)","decl":{"start":{"line":12,"column":19},"end":{"line":12,"column":26}},"loc":{"start":{"line":12,"column":63},"end":{"line":40,"column":2}}},"1":{"name":"(anonymous_8)","decl":{"start":{"line":12,"column":63},"end":{"line":12,"column":null}},"loc":{"start":{"line":12,"column":63},"end":{"line":40,"column":1}}},"2":{"name":"(anonymous_9)","decl":{"start":{"line":43,"column":21},"end":{"line":43,"column":28}},"loc":{"start":{"line":43,"column":59},"end":{"line":79,"column":2}}},"3":{"name":"(anonymous_10)","decl":{"start":{"line":43,"column":59},"end":{"line":43,"column":null}},"loc":{"start":{"line":43,"column":59},"end":{"line":79,"column":1}}},"4":{"name":"(anonymous_11)","decl":{"start":{"line":60,"column":45},"end":{"line":60,"column":46}},"loc":{"start":{"line":60,"column":60},"end":{"line":60,"column":76}}},"5":{"name":"(anonymous_12)","decl":{"start":{"line":81,"column":25},"end":{"line":81,"column":32}},"loc":{"start":{"line":81,"column":63},"end":{"line":93,"column":2}}},"6":{"name":"(anonymous_13)","decl":{"start":{"line":81,"column":63},"end":{"line":81,"column":null}},"loc":{"start":{"line":81,"column":63},"end":{"line":93,"column":1}}},"7":{"name":"(anonymous_14)","decl":{"start":{"line":96,"column":19},"end":{"line":96,"column":26}},"loc":{"start":{"line":96,"column":63},"end":{"line":149,"column":2}}},"8":{"name":"(anonymous_15)","decl":{"start":{"line":96,"column":63},"end":{"line":96,"column":null}},"loc":{"start":{"line":96,"column":63},"end":{"line":149,"column":1}}},"9":{"name":"(anonymous_16)","decl":{"start":{"line":133,"column":27},"end":{"line":133,"column":28}},"loc":{"start":{"line":133,"column":42},"end":{"line":133,"column":58}}}},"branchMap":{"0":{"loc":{"start":{"line":16,"column":24},"end":{"line":16,"column":61}},"type":"cond-expr","locations":[{"start":{"line":16,"column":38},"end":{"line":16,"column":49}},{"start":{"line":16,"column":52},"end":{"line":16,"column":61}}]},"1":{"loc":{"start":{"line":20,"column":8},"end":{"line":22,"column":9}},"type":"if","locations":[{"start":{"line":20,"column":8},"end":{"line":22,"column":9}}]},"2":{"loc":{"start":{"line":24,"column":8},"end":{"line":27,"column":9}},"type":"if","locations":[{"start":{"line":24,"column":8},"end":{"line":27,"column":9}}]},"3":{"loc":{"start":{"line":29,"column":21},"end":{"line":29,"column":64}},"type":"cond-expr","locations":[{"start":{"line":29,"column":31},"end":{"line":29,"column":52}},{"start":{"line":29,"column":55},"end":{"line":29,"column":64}}]},"4":{"loc":{"start":{"line":100,"column":8},"end":{"line":102,"column":9}},"type":"if","locations":[{"start":{"line":100,"column":8},"end":{"line":102,"column":9}}]},"5":{"loc":{"start":{"line":100,"column":12},"end":{"line":100,"column":57}},"type":"binary-expr","locations":[{"start":{"line":100,"column":12},"end":{"line":100,"column":19}},{"start":{"line":100,"column":23},"end":{"line":100,"column":34}},{"start":{"line":100,"column":38},"end":{"line":100,"column":57}}]}},"s":{"0":1,"1":1,"2":1,"3":1,"4":1,"5":1,"6":1,"7":1,"8":0,"9":0,"10":0,"11":0,"12":0,"13":0,"14":0,"15":0,"16":0,"17":0,"18":0,"19":0,"20":0,"21":0,"22":0,"23":0,"24":1,"25":0,"26":0,"27":0,"28":0,"29":0,"30":0,"31":0,"32":0,"33":0,"34":0,"35":0,"36":0,"37":1,"38":0,"39":0,"40":0,"41":0,"42":0,"43":0,"44":1,"45":0,"46":0,"47":0,"48":0,"49":0,"50":0,"51":0,"52":0,"53":0,"54":0,"55":0,"56":0,"57":0},"f":{"0":0,"1":0,"2":0,"3":0,"4":0,"5":0,"6":0,"7":0,"8":0,"9":0},"b":{"0":[0,0],"1":[0],"2":[0],"3":[0,0],"4":[0],"5":[0,0,0]}}
,"E:\\Dev2\\Webowe\\ProjektWebowe\\backend\\app_routes\\Login\\index.ts": {"path":"E:\\Dev2\\Webowe\\ProjektWebowe\\backend\\app_routes\\Login\\index.ts","statementMap":{"0":{"start":{"line":2,"column":0},"end":{"line":2,"column":46}},"1":{"start":{"line":3,"column":0},"end":{"line":3,"column":61}},"2":{"start":{"line":5,"column":15},"end":{"line":5,"column":33}},"3":{"start":{"line":6,"column":12},"end":{"line":6,"column":35}},"4":{"start":{"line":7,"column":15},"end":{"line":7,"column":34}},"5":{"start":{"line":8,"column":15},"end":{"line":8,"column":23}},"6":{"start":{"line":32,"column":18},"end":{"line":32,"column":30}},"7":{"start":{"line":10,"column":0},"end":{"line":30,"column":3}},"8":{"start":{"line":10,"column":56},"end":{"line":30,"column":2}},"9":{"start":{"line":11,"column":32},"end":{"line":11,"column":40}},"10":{"start":{"line":13,"column":4},"end":{"line":29,"column":5}},"11":{"start":{"line":14,"column":19},"end":{"line":14,"column":76}},"12":{"start":{"line":15,"column":6},"end":{"line":17,"column":7}},"13":{"start":{"line":16,"column":8},"end":{"line":16,"column":96}},"14":{"start":{"line":19,"column":22},"end":{"line":19,"column":47}},"15":{"start":{"line":20,"column":6},"end":{"line":22,"column":7}},"16":{"start":{"line":21,"column":8},"end":{"line":21,"column":91}},"17":{"start":{"line":24,"column":20},"end":{"line":24,"column":90}},"18":{"start":{"line":25,"column":6},"end":{"line":25,"column":51}},"19":{"start":{"line":27,"column":6},"end":{"line":27,"column":25}},"20":{"start":{"line":28,"column":6},"end":{"line":28,"column":84}}},"fnMap":{"0":{"name":"(anonymous_7)","decl":{"start":{"line":10,"column":17},"end":{"line":10,"column":24}},"loc":{"start":{"line":10,"column":56},"end":{"line":30,"column":2}}},"1":{"name":"(anonymous_8)","decl":{"start":{"line":10,"column":56},"end":{"line":10,"column":null}},"loc":{"start":{"line":10,"column":56},"end":{"line":30,"column":1}}}},"branchMap":{"0":{"loc":{"start":{"line":15,"column":6},"end":{"line":17,"column":7}},"type":"if","locations":[{"start":{"line":15,"column":6},"end":{"line":17,"column":7}}]},"1":{"loc":{"start":{"line":20,"column":6},"end":{"line":22,"column":7}},"type":"if","locations":[{"start":{"line":20,"column":6},"end":{"line":22,"column":7}}]}},"s":{"0":1,"1":1,"2":1,"3":1,"4":1,"5":1,"6":1,"7":1,"8":0,"9":0,"10":0,"11":0,"12":0,"13":0,"14":0,"15":0,"16":0,"17":0,"18":0,"19":0,"20":0},"f":{"0":0,"1":0},"b":{"0":[0],"1":[0]}}
,"E:\\Dev2\\Webowe\\ProjektWebowe\\backend\\app_routes\\Target\\index.ts": {"path":"E:\\Dev2\\Webowe\\ProjektWebowe\\backend\\app_routes\\Target\\index.ts","statementMap":{"0":{"start":{"line":1,"column":0},"end":{"line":1,"column":46}},"1":{"start":{"line":2,"column":0},"end":{"line":2,"column":61}},"2":{"start":{"line":3,"column":0},"end":{"line":3,"column":54}},"3":{"start":{"line":4,"column":0},"end":{"line":4,"column":60}},"4":{"start":{"line":8,"column":15},"end":{"line":8,"column":33}},"5":{"start":{"line":10,"column":15},"end":{"line":10,"column":23}},"6":{"start":{"line":139,"column":19},"end":{"line":139,"column":32}},"7":{"start":{"line":17,"column":0},"end":{"line":60,"column":3}},"8":{"start":{"line":17,"column":63},"end":{"line":60,"column":2}},"9":{"start":{"line":18,"column":4},"end":{"line":59,"column":5}},"10":{"start":{"line":19,"column":20},"end":{"line":19,"column":66}},"11":{"start":{"line":20,"column":43},"end":{"line":20,"column":96}},"12":{"start":{"line":22,"column":8},"end":{"line":24,"column":9}},"13":{"start":{"line":23,"column":12},"end":{"line":23,"column":48}},"14":{"start":{"line":26,"column":24},"end":{"line":26,"column":61}},"15":{"start":{"line":27,"column":27},"end":{"line":27,"column":29}},"16":{"start":{"line":29,"column":8},"end":{"line":32,"column":9}},"17":{"start":{"line":30,"column":49},"end":{"line":30,"column":71}},"18":{"start":{"line":31,"column":12},"end":{"line":31,"column":63}},"19":{"start":{"line":34,"column":21},"end":{"line":34,"column":64}},"20":{"start":{"line":36,"column":24},"end":{"line":41,"column":10}},"21":{"start":{"line":43,"column":28},"end":{"line":46,"column":11}},"22":{"start":{"line":43,"column":50},"end":{"line":45,"column":null}},"23":{"start":{"line":48,"column":8},"end":{"line":52,"column":9}},"24":{"start":{"line":49,"column":12},"end":{"line":49,"column":58}},"25":{"start":{"line":49,"column":39},"end":{"line":49,"column":56}},"26":{"start":{"line":50,"column":15},"end":{"line":52,"column":9}},"27":{"start":{"line":51,"column":12},"end":{"line":51,"column":58}},"28":{"start":{"line":51,"column":39},"end":{"line":51,"column":56}},"29":{"start":{"line":54,"column":8},"end":{"line":54,"column":34}},"30":{"start":{"line":57,"column":8},"end":{"line":57,"column":27}},"31":{"start":{"line":58,"column":8},"end":{"line":58,"column":47}},"32":{"start":{"line":63,"column":0},"end":{"line":85,"column":3}},"33":{"start":{"line":63,"column":61},"end":{"line":85,"column":2}},"34":{"start":{"line":64,"column":4},"end":{"line":84,"column":5}},"35":{"start":{"line":65,"column":23},"end":{"line":65,"column":33}},"36":{"start":{"line":67,"column":26},"end":{"line":67,"column":42}},"37":{"start":{"line":68,"column":8},"end":{"line":70,"column":9}},"38":{"start":{"line":69,"column":12},"end":{"line":69,"column":72}},"39":{"start":{"line":72,"column":23},"end":{"line":72,"column":125}},"40":{"start":{"line":73,"column":24},"end":{"line":73,"column":37}},"41":{"start":{"line":74,"column":8},"end":{"line":76,"column":9}},"42":{"start":{"line":75,"column":12},"end":{"line":75,"column":60}},"43":{"start":{"line":78,"column":8},"end":{"line":80,"column":11}},"44":{"start":{"line":82,"column":8},"end":{"line":82,"column":27}},"45":{"start":{"line":83,"column":8},"end":{"line":83,"column":47}},"46":{"start":{"line":87,"column":0},"end":{"line":100,"column":3}},"47":{"start":{"line":87,"column":60},"end":{"line":100,"column":2}},"48":{"start":{"line":88,"column":4},"end":{"line":99,"column":5}},"49":{"start":{"line":89,"column":21},"end":{"line":89,"column":29}},"50":{"start":{"line":90,"column":23},"end":{"line":90,"column":59}},"51":{"start":{"line":92,"column":8},"end":{"line":95,"column":11}},"52":{"start":{"line":97,"column":8},"end":{"line":97,"column":29}},"53":{"start":{"line":98,"column":8},"end":{"line":98,"column":83}},"54":{"start":{"line":102,"column":0},"end":{"line":115,"column":3}},"55":{"start":{"line":102,"column":63},"end":{"line":115,"column":2}},"56":{"start":{"line":103,"column":4},"end":{"line":114,"column":5}},"57":{"start":{"line":104,"column":22},"end":{"line":104,"column":73}},"58":{"start":{"line":106,"column":23},"end":{"line":106,"column":64}},"59":{"start":{"line":108,"column":8},"end":{"line":110,"column":11}},"60":{"start":{"line":112,"column":8},"end":{"line":112,"column":27}},"61":{"start":{"line":113,"column":8},"end":{"line":113,"column":47}},"62":{"start":{"line":118,"column":0},"end":{"line":137,"column":3}},"63":{"start":{"line":118,"column":61},"end":{"line":137,"column":2}},"64":{"start":{"line":119,"column":4},"end":{"line":136,"column":5}},"65":{"start":{"line":120,"column":23},"end":{"line":120,"column":33}},"66":{"start":{"line":121,"column":21},"end":{"line":121,"column":29}},"67":{"start":{"line":123,"column":26},"end":{"line":123,"column":42}},"68":{"start":{"line":124,"column":8},"end":{"line":126,"column":9}},"69":{"start":{"line":125,"column":12},"end":{"line":125,"column":72}},"70":{"start":{"line":128,"column":23},"end":{"line":128,"column":85}},"71":{"start":{"line":131,"column":8},"end":{"line":133,"column":11}},"72":{"start":{"line":135,"column":8},"end":{"line":135,"column":47}}},"fnMap":{"0":{"name":"(anonymous_7)","decl":{"start":{"line":17,"column":19},"end":{"line":17,"column":26}},"loc":{"start":{"line":17,"column":63},"end":{"line":60,"column":2}}},"1":{"name":"(anonymous_8)","decl":{"start":{"line":17,"column":63},"end":{"line":17,"column":null}},"loc":{"start":{"line":17,"column":63},"end":{"line":60,"column":1}}},"2":{"name":"(anonymous_9)","decl":{"start":{"line":43,"column":40},"end":{"line":43,"column":46}},"loc":{"start":{"line":43,"column":50},"end":{"line":45,"column":null}}},"3":{"name":"(anonymous_10)","decl":{"start":{"line":49,"column":29},"end":{"line":49,"column":30}},"loc":{"start":{"line":49,"column":39},"end":{"line":49,"column":56}}},"4":{"name":"(anonymous_11)","decl":{"start":{"line":51,"column":29},"end":{"line":51,"column":30}},"loc":{"start":{"line":51,"column":39},"end":{"line":51,"column":56}}},"5":{"name":"(anonymous_12)","decl":{"start":{"line":63,"column":23},"end":{"line":63,"column":30}},"loc":{"start":{"line":63,"column":61},"end":{"line":85,"column":2}}},"6":{"name":"(anonymous_13)","decl":{"start":{"line":63,"column":61},"end":{"line":63,"column":null}},"loc":{"start":{"line":63,"column":61},"end":{"line":85,"column":1}}},"7":{"name":"(anonymous_14)","decl":{"start":{"line":87,"column":21},"end":{"line":87,"column":28}},"loc":{"start":{"line":87,"column":60},"end":{"line":100,"column":2}}},"8":{"name":"(anonymous_15)","decl":{"start":{"line":87,"column":60},"end":{"line":87,"column":null}},"loc":{"start":{"line":87,"column":60},"end":{"line":100,"column":1}}},"9":{"name":"(anonymous_16)","decl":{"start":{"line":102,"column":25},"end":{"line":102,"column":32}},"loc":{"start":{"line":102,"column":63},"end":{"line":115,"column":2}}},"10":{"name":"(anonymous_17)","decl":{"start":{"line":102,"column":63},"end":{"line":102,"column":null}},"loc":{"start":{"line":102,"column":63},"end":{"line":115,"column":1}}},"11":{"name":"(anonymous_18)","decl":{"start":{"line":118,"column":23},"end":{"line":118,"column":30}},"loc":{"start":{"line":118,"column":61},"end":{"line":137,"column":2}}},"12":{"name":"(anonymous_19)","decl":{"start":{"line":118,"column":61},"end":{"line":118,"column":null}},"loc":{"start":{"line":118,"column":61},"end":{"line":137,"column":1}}}},"branchMap":{"0":{"loc":{"start":{"line":22,"column":8},"end":{"line":24,"column":9}},"type":"if","locations":[{"start":{"line":22,"column":8},"end":{"line":24,"column":9}}]},"1":{"loc":{"start":{"line":26,"column":24},"end":{"line":26,"column":61}},"type":"cond-expr","locations":[{"start":{"line":26,"column":38},"end":{"line":26,"column":49}},{"start":{"line":26,"column":52},"end":{"line":26,"column":61}}]},"2":{"loc":{"start":{"line":29,"column":8},"end":{"line":32,"column":9}},"type":"if","locations":[{"start":{"line":29,"column":8},"end":{"line":32,"column":9}}]},"3":{"loc":{"start":{"line":29,"column":12},"end":{"line":29,"column":97}},"type":"binary-expr","locations":[{"start":{"line":29,"column":12},"end":{"line":29,"column":36}},{"start":{"line":29,"column":40},"end":{"line":29,"column":67}},{"start":{"line":29,"column":71},"end":{"line":29,"column":97}}]},"4":{"loc":{"start":{"line":34,"column":21},"end":{"line":34,"column":64}},"type":"cond-expr","locations":[{"start":{"line":34,"column":31},"end":{"line":34,"column":52}},{"start":{"line":34,"column":55},"end":{"line":34,"column":64}}]},"5":{"loc":{"start":{"line":48,"column":8},"end":{"line":52,"column":9}},"type":"if","locations":[{"start":{"line":48,"column":8},"end":{"line":52,"column":9}},{"start":{"line":50,"column":15},"end":{"line":52,"column":9}}]},"6":{"loc":{"start":{"line":48,"column":12},"end":{"line":48,"column":55}},"type":"binary-expr","locations":[{"start":{"line":48,"column":12},"end":{"line":48,"column":23}},{"start":{"line":48,"column":27},"end":{"line":48,"column":55}}]},"7":{"loc":{"start":{"line":50,"column":15},"end":{"line":52,"column":9}},"type":"if","locations":[{"start":{"line":50,"column":15},"end":{"line":52,"column":9}}]},"8":{"loc":{"start":{"line":50,"column":19},"end":{"line":50,"column":61}},"type":"binary-expr","locations":[{"start":{"line":50,"column":19},"end":{"line":50,"column":30}},{"start":{"line":50,"column":34},"end":{"line":50,"column":61}}]},"9":{"loc":{"start":{"line":68,"column":8},"end":{"line":70,"column":9}},"type":"if","locations":[{"start":{"line":68,"column":8},"end":{"line":70,"column":9}}]},"10":{"loc":{"start":{"line":74,"column":8},"end":{"line":76,"column":9}},"type":"if","locations":[{"start":{"line":74,"column":8},"end":{"line":76,"column":9}}]},"11":{"loc":{"start":{"line":124,"column":8},"end":{"line":126,"column":9}},"type":"if","locations":[{"start":{"line":124,"column":8},"end":{"line":126,"column":9}}]}},"s":{"0":1,"1":1,"2":1,"3":1,"4":1,"5":1,"6":1,"7":1,"8":0,"9":0,"10":0,"11":0,"12":0,"13":0,"14":0,"15":0,"16":0,"17":0,"18":0,"19":0,"20":0,"21":0,"22":0,"23":0,"24":0,"25":0,"26":0,"27":0,"28":0,"29":0,"30":0,"31":0,"32":1,"33":0,"34":0,"35":0,"36":0,"37":0,"38":0,"39":0,"40":0,"41":0,"42":0,"43":0,"44":0,"45":0,"46":1,"47":0,"48":0,"49":0,"50":0,"51":0,"52":0,"53":0,"54":1,"55":0,"56":0,"57":0,"58":0,"59":0,"60":0,"61":0,"62":1,"63":0,"64":0,"65":0,"66":0,"67":0,"68":0,"69":0,"70":0,"71":0,"72":0},"f":{"0":0,"1":0,"2":0,"3":0,"4":0,"5":0,"6":0,"7":0,"8":0,"9":0,"10":0,"11":0,"12":0},"b":{"0":[0],"1":[0,0],"2":[0],"3":[0,0,0],"4":[0,0],"5":[0,0],"6":[0,0],"7":[0],"8":[0,0],"9":[0],"10":[0],"11":[0]}}
,"E:\\Dev2\\Webowe\\ProjektWebowe\\backend\\app_routes\\TargetsOnUsers\\index.ts": {"path":"E:\\Dev2\\Webowe\\ProjektWebowe\\backend\\app_routes\\TargetsOnUsers\\index.ts","statementMap":{"0":{"start":{"line":1,"column":0},"end":{"line":1,"column":46}},"1":{"start":{"line":2,"column":0},"end":{"line":2,"column":61}},"2":{"start":{"line":6,"column":15},"end":{"line":6,"column":33}},"3":{"start":{"line":8,"column":15},"end":{"line":8,"column":23}},"4":{"start":{"line":50,"column":19},"end":{"line":50,"column":36}},"5":{"start":{"line":11,"column":0},"end":{"line":25,"column":3}},"6":{"start":{"line":11,"column":36},"end":{"line":25,"column":2}},"7":{"start":{"line":12,"column":17},"end":{"line":12,"column":25}},"8":{"start":{"line":14,"column":4},"end":{"line":16,"column":5}},"9":{"start":{"line":15,"column":6},"end":{"line":15,"column":79}},"10":{"start":{"line":18,"column":4},"end":{"line":24,"column":5}},"11":{"start":{"line":19,"column":23},"end":{"line":19,"column":67}},"12":{"start":{"line":20,"column":8},"end":{"line":20,"column":37}},"13":{"start":{"line":22,"column":8},"end":{"line":22,"column":27}},"14":{"start":{"line":23,"column":8},"end":{"line":23,"column":47}},"15":{"start":{"line":28,"column":0},"end":{"line":48,"column":3}},"16":{"start":{"line":28,"column":38},"end":{"line":48,"column":2}},"17":{"start":{"line":29,"column":19},"end":{"line":29,"column":79}},"18":{"start":{"line":30,"column":21},"end":{"line":30,"column":85}},"19":{"start":{"line":32,"column":4},"end":{"line":34,"column":5}},"20":{"start":{"line":33,"column":8},"end":{"line":33,"column":81}},"21":{"start":{"line":35,"column":4},"end":{"line":47,"column":5}},"22":{"start":{"line":36,"column":32},"end":{"line":43,"column":9}},"23":{"start":{"line":44,"column":7},"end":{"line":44,"column":46}},"24":{"start":{"line":46,"column":7},"end":{"line":46,"column":46}}},"fnMap":{"0":{"name":"(anonymous_7)","decl":{"start":{"line":11,"column":17},"end":{"line":11,"column":24}},"loc":{"start":{"line":11,"column":36},"end":{"line":25,"column":2}}},"1":{"name":"(anonymous_8)","decl":{"start":{"line":11,"column":36},"end":{"line":11,"column":null}},"loc":{"start":{"line":11,"column":36},"end":{"line":25,"column":1}}},"2":{"name":"(anonymous_9)","decl":{"start":{"line":28,"column":19},"end":{"line":28,"column":26}},"loc":{"start":{"line":28,"column":38},"end":{"line":48,"column":2}}},"3":{"name":"(anonymous_10)","decl":{"start":{"line":28,"column":38},"end":{"line":28,"column":null}},"loc":{"start":{"line":28,"column":38},"end":{"line":48,"column":1}}}},"branchMap":{"0":{"loc":{"start":{"line":14,"column":4},"end":{"line":16,"column":5}},"type":"if","locations":[{"start":{"line":14,"column":4},"end":{"line":16,"column":5}}]},"1":{"loc":{"start":{"line":14,"column":8},"end":{"line":14,"column":38}},"type":"binary-expr","locations":[{"start":{"line":14,"column":8},"end":{"line":14,"column":20}},{"start":{"line":14,"column":24},"end":{"line":14,"column":38}}]},"2":{"loc":{"start":{"line":29,"column":19},"end":{"line":29,"column":79}},"type":"cond-expr","locations":[{"start":{"line":29,"column":58},"end":{"line":29,"column":74}},{"start":{"line":29,"column":77},"end":{"line":29,"column":79}}]},"3":{"loc":{"start":{"line":30,"column":21},"end":{"line":30,"column":85}},"type":"cond-expr","locations":[{"start":{"line":30,"column":62},"end":{"line":30,"column":80}},{"start":{"line":30,"column":83},"end":{"line":30,"column":85}}]},"4":{"loc":{"start":{"line":32,"column":4},"end":{"line":34,"column":5}},"type":"if","locations":[{"start":{"line":32,"column":4},"end":{"line":34,"column":5}}]},"5":{"loc":{"start":{"line":32,"column":8},"end":{"line":32,"column":28}},"type":"binary-expr","locations":[{"start":{"line":32,"column":8},"end":{"line":32,"column":15}},{"start":{"line":32,"column":19},"end":{"line":32,"column":28}}]}},"s":{"0":1,"1":1,"2":1,"3":1,"4":1,"5":1,"6":0,"7":0,"8":0,"9":0,"10":0,"11":0,"12":0,"13":0,"14":0,"15":1,"16":0,"17":0,"18":0,"19":0,"20":0,"21":0,"22":0,"23":0,"24":0},"f":{"0":0,"1":0,"2":0,"3":0},"b":{"0":[0],"1":[0,0],"2":[0,0],"3":[0,0],"4":[0],"5":[0,0]}}
,"E:\\Dev2\\Webowe\\ProjektWebowe\\backend\\app_routes\\User\\index.ts": {"path":"E:\\Dev2\\Webowe\\ProjektWebowe\\backend\\app_routes\\User\\index.ts","statementMap":{"0":{"start":{"line":1,"column":0},"end":{"line":1,"column":46}},"1":{"start":{"line":2,"column":0},"end":{"line":2,"column":61}},"2":{"start":{"line":3,"column":0},"end":{"line":3,"column":60}},"3":{"start":{"line":4,"column":0},"end":{"line":4,"column":54}},"4":{"start":{"line":8,"column":15},"end":{"line":8,"column":33}},"5":{"start":{"line":9,"column":15},"end":{"line":9,"column":34}},"6":{"start":{"line":11,"column":15},"end":{"line":11,"column":23}},"7":{"start":{"line":168,"column":19},"end":{"line":168,"column":30}},"8":{"start":{"line":14,"column":0},"end":{"line":38,"column":3}},"9":{"start":{"line":14,"column":63},"end":{"line":38,"column":2}},"10":{"start":{"line":15,"column":4},"end":{"line":37,"column":5}},"11":{"start":{"line":16,"column":20},"end":{"line":16,"column":66}},"12":{"start":{"line":17,"column":22},"end":{"line":17,"column":75}},"13":{"start":{"line":19,"column":24},"end":{"line":19,"column":61}},"14":{"start":{"line":21,"column":27},"end":{"line":21,"column":29}},"15":{"start":{"line":23,"column":8},"end":{"line":26,"column":9}},"16":{"start":{"line":24,"column":49},"end":{"line":24,"column":71}},"17":{"start":{"line":25,"column":12},"end":{"line":25,"column":63}},"18":{"start":{"line":28,"column":21},"end":{"line":28,"column":64}},"19":{"start":{"line":29,"column":23},"end":{"line":29,"column":84}},"20":{"start":{"line":31,"column":8},"end":{"line":33,"column":11}},"21":{"start":{"line":35,"column":8},"end":{"line":35,"column":null}},"22":{"start":{"line":36,"column":8},"end":{"line":36,"column":47}},"23":{"start":{"line":40,"column":0},"end":{"line":71,"column":3}},"24":{"start":{"line":40,"column":61},"end":{"line":71,"column":2}},"25":{"start":{"line":41,"column":4},"end":{"line":70,"column":5}},"26":{"start":{"line":42,"column":23},"end":{"line":42,"column":33}},"27":{"start":{"line":43,"column":26},"end":{"line":43,"column":42}},"28":{"start":{"line":45,"column":8},"end":{"line":47,"column":9}},"29":{"start":{"line":46,"column":12},"end":{"line":46,"column":72}},"30":{"start":{"line":49,"column":21},"end":{"line":52,"column":10}},"31":{"start":{"line":54,"column":8},"end":{"line":56,"column":9}},"32":{"start":{"line":55,"column":12},"end":{"line":55,"column":69}},"33":{"start":{"line":58,"column":30},"end":{"line":58,"column":51}},"34":{"start":{"line":59,"column":28},"end":{"line":59,"column":94}},"35":{"start":{"line":59,"column":69},"end":{"line":59,"column":90}},"36":{"start":{"line":60,"column":30},"end":{"line":60,"column":81}},"37":{"start":{"line":62,"column":8},"end":{"line":66,"column":11}},"38":{"start":{"line":68,"column":8},"end":{"line":68,"column":29}},"39":{"start":{"line":69,"column":8},"end":{"line":69,"column":65}},"40":{"start":{"line":73,"column":0},"end":{"line":86,"column":3}},"41":{"start":{"line":73,"column":64},"end":{"line":86,"column":2}},"42":{"start":{"line":74,"column":4},"end":{"line":85,"column":5}},"43":{"start":{"line":75,"column":26},"end":{"line":75,"column":36}},"44":{"start":{"line":77,"column":23},"end":{"line":77,"column":80}},"45":{"start":{"line":79,"column":8},"end":{"line":81,"column":11}},"46":{"start":{"line":83,"column":8},"end":{"line":83,"column":27}},"47":{"start":{"line":84,"column":8},"end":{"line":84,"column":47}},"48":{"start":{"line":87,"column":0},"end":{"line":104,"column":3}},"49":{"start":{"line":87,"column":74},"end":{"line":104,"column":2}},"50":{"start":{"line":88,"column":4},"end":{"line":103,"column":5}},"51":{"start":{"line":89,"column":23},"end":{"line":89,"column":33}},"52":{"start":{"line":90,"column":26},"end":{"line":90,"column":42}},"53":{"start":{"line":91,"column":8},"end":{"line":93,"column":9}},"54":{"start":{"line":92,"column":12},"end":{"line":92,"column":72}},"55":{"start":{"line":95,"column":23},"end":{"line":95,"column":140}},"56":{"start":{"line":97,"column":8},"end":{"line":99,"column":11}},"57":{"start":{"line":101,"column":8},"end":{"line":101,"column":27}},"58":{"start":{"line":102,"column":8},"end":{"line":102,"column":47}},"59":{"start":{"line":106,"column":0},"end":{"line":130,"column":3}},"60":{"start":{"line":106,"column":60},"end":{"line":130,"column":2}},"61":{"start":{"line":107,"column":4},"end":{"line":129,"column":5}},"62":{"start":{"line":108,"column":21},"end":{"line":108,"column":29}},"63":{"start":{"line":110,"column":22},"end":{"line":110,"column":81}},"64":{"start":{"line":112,"column":8},"end":{"line":115,"column":9}},"65":{"start":{"line":113,"column":12},"end":{"line":113,"column":null}},"66":{"start":{"line":114,"column":12},"end":{"line":114,"column":18}},"67":{"start":{"line":120,"column":24},"end":{"line":120,"column":58}},"68":{"start":{"line":122,"column":8},"end":{"line":125,"column":11}},"69":{"start":{"line":127,"column":8},"end":{"line":127,"column":29}},"70":{"start":{"line":128,"column":8},"end":{"line":128,"column":83}},"71":{"start":{"line":132,"column":0},"end":{"line":144,"column":3}},"72":{"start":{"line":132,"column":63},"end":{"line":144,"column":2}},"73":{"start":{"line":133,"column":4},"end":{"line":143,"column":5}},"74":{"start":{"line":134,"column":22},"end":{"line":134,"column":73}},"75":{"start":{"line":136,"column":23},"end":{"line":136,"column":62}},"76":{"start":{"line":138,"column":8},"end":{"line":140,"column":11}},"77":{"start":{"line":142,"column":8},"end":{"line":142,"column":47}},"78":{"start":{"line":147,"column":0},"end":{"line":166,"column":3}},"79":{"start":{"line":147,"column":61},"end":{"line":166,"column":2}},"80":{"start":{"line":148,"column":4},"end":{"line":165,"column":5}},"81":{"start":{"line":149,"column":23},"end":{"line":149,"column":33}},"82":{"start":{"line":150,"column":21},"end":{"line":150,"column":34}},"83":{"start":{"line":152,"column":26},"end":{"line":152,"column":42}},"84":{"start":{"line":153,"column":8},"end":{"line":155,"column":9}},"85":{"start":{"line":154,"column":12},"end":{"line":154,"column":72}},"86":{"start":{"line":157,"column":23},"end":{"line":157,"column":83}},"87":{"start":{"line":160,"column":8},"end":{"line":162,"column":11}},"88":{"start":{"line":164,"column":8},"end":{"line":164,"column":47}}},"fnMap":{"0":{"name":"(anonymous_7)","decl":{"start":{"line":14,"column":19},"end":{"line":14,"column":26}},"loc":{"start":{"line":14,"column":63},"end":{"line":38,"column":2}}},"1":{"name":"(anonymous_8)","decl":{"start":{"line":14,"column":63},"end":{"line":14,"column":null}},"loc":{"start":{"line":14,"column":63},"end":{"line":38,"column":1}}},"2":{"name":"(anonymous_9)","decl":{"start":{"line":40,"column":23},"end":{"line":40,"column":30}},"loc":{"start":{"line":40,"column":61},"end":{"line":71,"column":2}}},"3":{"name":"(anonymous_10)","decl":{"start":{"line":40,"column":61},"end":{"line":40,"column":null}},"loc":{"start":{"line":40,"column":61},"end":{"line":71,"column":1}}},"4":{"name":"(anonymous_11)","decl":{"start":{"line":59,"column":50},"end":{"line":59,"column":51}},"loc":{"start":{"line":59,"column":69},"end":{"line":59,"column":90}}},"5":{"name":"(anonymous_12)","decl":{"start":{"line":73,"column":26},"end":{"line":73,"column":33}},"loc":{"start":{"line":73,"column":64},"end":{"line":86,"column":2}}},"6":{"name":"(anonymous_13)","decl":{"start":{"line":73,"column":64},"end":{"line":73,"column":null}},"loc":{"start":{"line":73,"column":64},"end":{"line":86,"column":1}}},"7":{"name":"(anonymous_14)","decl":{"start":{"line":87,"column":36},"end":{"line":87,"column":43}},"loc":{"start":{"line":87,"column":74},"end":{"line":104,"column":2}}},"8":{"name":"(anonymous_15)","decl":{"start":{"line":87,"column":74},"end":{"line":87,"column":null}},"loc":{"start":{"line":87,"column":74},"end":{"line":104,"column":1}}},"9":{"name":"(anonymous_16)","decl":{"start":{"line":106,"column":21},"end":{"line":106,"column":28}},"loc":{"start":{"line":106,"column":60},"end":{"line":130,"column":2}}},"10":{"name":"(anonymous_17)","decl":{"start":{"line":106,"column":60},"end":{"line":106,"column":null}},"loc":{"start":{"line":106,"column":60},"end":{"line":130,"column":1}}},"11":{"name":"(anonymous_18)","decl":{"start":{"line":132,"column":25},"end":{"line":132,"column":32}},"loc":{"start":{"line":132,"column":63},"end":{"line":144,"column":2}}},"12":{"name":"(anonymous_19)","decl":{"start":{"line":132,"column":63},"end":{"line":132,"column":null}},"loc":{"start":{"line":132,"column":63},"end":{"line":144,"column":1}}},"13":{"name":"(anonymous_20)","decl":{"start":{"line":147,"column":23},"end":{"line":147,"column":30}},"loc":{"start":{"line":147,"column":61},"end":{"line":166,"column":2}}},"14":{"name":"(anonymous_21)","decl":{"start":{"line":147,"column":61},"end":{"line":147,"column":null}},"loc":{"start":{"line":147,"column":61},"end":{"line":166,"column":1}}}},"branchMap":{"0":{"loc":{"start":{"line":19,"column":24},"end":{"line":19,"column":61}},"type":"cond-expr","locations":[{"start":{"line":19,"column":38},"end":{"line":19,"column":49}},{"start":{"line":19,"column":52},"end":{"line":19,"column":61}}]},"1":{"loc":{"start":{"line":23,"column":8},"end":{"line":26,"column":9}},"type":"if","locations":[{"start":{"line":23,"column":8},"end":{"line":26,"column":9}}]},"2":{"loc":{"start":{"line":28,"column":21},"end":{"line":28,"column":64}},"type":"cond-expr","locations":[{"start":{"line":28,"column":31},"end":{"line":28,"column":52}},{"start":{"line":28,"column":55},"end":{"line":28,"column":64}}]},"3":{"loc":{"start":{"line":45,"column":8},"end":{"line":47,"column":9}},"type":"if","locations":[{"start":{"line":45,"column":8},"end":{"line":47,"column":9}}]},"4":{"loc":{"start":{"line":54,"column":8},"end":{"line":56,"column":9}},"type":"if","locations":[{"start":{"line":54,"column":8},"end":{"line":56,"column":9}}]},"5":{"loc":{"start":{"line":60,"column":30},"end":{"line":60,"column":81}},"type":"cond-expr","locations":[{"start":{"line":60,"column":50},"end":{"line":60,"column":77}},{"start":{"line":60,"column":80},"end":{"line":60,"column":81}}]},"6":{"loc":{"start":{"line":91,"column":8},"end":{"line":93,"column":9}},"type":"if","locations":[{"start":{"line":91,"column":8},"end":{"line":93,"column":9}}]},"7":{"loc":{"start":{"line":112,"column":8},"end":{"line":115,"column":9}},"type":"if","locations":[{"start":{"line":112,"column":8},"end":{"line":115,"column":9}}]},"8":{"loc":{"start":{"line":153,"column":8},"end":{"line":155,"column":9}},"type":"if","locations":[{"start":{"line":153,"column":8},"end":{"line":155,"column":9}}]}},"s":{"0":1,"1":1,"2":1,"3":1,"4":1,"5":1,"6":1,"7":1,"8":1,"9":0,"10":0,"11":0,"12":0,"13":0,"14":0,"15":0,"16":0,"17":0,"18":0,"19":0,"20":0,"21":0,"22":0,"23":1,"24":3,"25":3,"26":3,"27":3,"28":3,"29":1,"30":2,"31":2,"32":1,"33":1,"34":1,"35":0,"36":1,"37":1,"38":0,"39":0,"40":1,"41":0,"42":0,"43":0,"44":0,"45":0,"46":0,"47":0,"48":1,"49":0,"50":0,"51":0,"52":0,"53":0,"54":0,"55":0,"56":0,"57":0,"58":0,"59":1,"60":0,"61":0,"62":0,"63":0,"64":0,"65":0,"66":0,"67":0,"68":0,"69":0,"70":0,"71":1,"72":0,"73":0,"74":0,"75":0,"76":0,"77":0,"78":1,"79":0,"80":0,"81":0,"82":0,"83":0,"84":0,"85":0,"86":0,"87":0,"88":0},"f":{"0":0,"1":0,"2":3,"3":3,"4":0,"5":0,"6":0,"7":0,"8":0,"9":0,"10":0,"11":0,"12":0,"13":0,"14":0},"b":{"0":[0,0],"1":[0],"2":[0,0],"3":[1],"4":[1],"5":[0,1],"6":[0],"7":[0],"8":[0]}}
,"E:\\Dev2\\Webowe\\ProjektWebowe\\backend\\functions\\convertToInt.ts": {"path":"E:\\Dev2\\Webowe\\ProjektWebowe\\backend\\functions\\convertToInt.ts","statementMap":{"0":{"start":{"line":6,"column":62},"end":{"line":6,"column":64}},"1":{"start":{"line":8,"column":4},"end":{"line":20,"column":5}},"2":{"start":{"line":9,"column":8},"end":{"line":19,"column":9}},"3":{"start":{"line":10,"column":26},"end":{"line":10,"column":34}},"4":{"start":{"line":11,"column":12},"end":{"line":18,"column":13}},"5":{"start":{"line":12,"column":33},"end":{"line":12,"column":52}},"6":{"start":{"line":13,"column":16},"end":{"line":17,"column":17}},"7":{"start":{"line":14,"column":20},"end":{"line":14,"column":49}},"8":{"start":{"line":16,"column":20},"end":{"line":16,"column":46}},"9":{"start":{"line":22,"column":4},"end":{"line":22,"column":24}},"10":{"start":{"line":5,"column":0},"end":{"line":5,"column":16}}},"fnMap":{"0":{"name":"convertToInt","decl":{"start":{"line":5,"column":16},"end":{"line":5,"column":28}},"loc":{"start":{"line":5,"column":45},"end":{"line":23,"column":1}}}},"branchMap":{"0":{"loc":{"start":{"line":9,"column":8},"end":{"line":19,"column":9}},"type":"if","locations":[{"start":{"line":9,"column":8},"end":{"line":19,"column":9}}]},"1":{"loc":{"start":{"line":11,"column":12},"end":{"line":18,"column":13}},"type":"if","locations":[{"start":{"line":11,"column":12},"end":{"line":18,"column":13}}]},"2":{"loc":{"start":{"line":13,"column":16},"end":{"line":17,"column":17}},"type":"if","locations":[{"start":{"line":13,"column":16},"end":{"line":17,"column":17}},{"start":{"line":15,"column":23},"end":{"line":17,"column":17}}]}},"s":{"0":0,"1":0,"2":0,"3":0,"4":0,"5":0,"6":0,"7":0,"8":0,"9":0,"10":1},"f":{"0":0},"b":{"0":[0],"1":[0],"2":[0,0]}}
,"E:\\Dev2\\Webowe\\ProjektWebowe\\backend\\functions\\server.ts": {"path":"E:\\Dev2\\Webowe\\ProjektWebowe\\backend\\functions\\server.ts","statementMap":{"0":{"start":{"line":1,"column":0},"end":{"line":1,"column":24}},"1":{"start":{"line":2,"column":0},"end":{"line":2,"column":30}},"2":{"start":{"line":3,"column":0},"end":{"line":3,"column":63}},"3":{"start":{"line":4,"column":0},"end":{"line":4,"column":49}},"4":{"start":{"line":5,"column":0},"end":{"line":5,"column":47}},"5":{"start":{"line":6,"column":0},"end":{"line":6,"column":51}},"6":{"start":{"line":7,"column":0},"end":{"line":7,"column":55}},"7":{"start":{"line":8,"column":0},"end":{"line":8,"column":63}},"8":{"start":{"line":9,"column":0},"end":{"line":9,"column":70}},"9":{"start":{"line":12,"column":16},"end":{"line":12,"column":25}},"10":{"start":{"line":14,"column":4},"end":{"line":20,"column":7}},"11":{"start":{"line":15,"column":8},"end":{"line":15,"column":58}},"12":{"start":{"line":16,"column":8},"end":{"line":16,"column":89}},"13":{"start":{"line":17,"column":8},"end":{"line":17,"column":null}},"14":{"start":{"line":18,"column":8},"end":{"line":18,"column":66}},"15":{"start":{"line":19,"column":8},"end":{"line":19,"column":15}},"16":{"start":{"line":23,"column":4},"end":{"line":23,"column":null}},"17":{"start":{"line":25,"column":4},"end":{"line":25,"column":28}},"18":{"start":{"line":27,"column":4},"end":{"line":31,"column":6}},"19":{"start":{"line":32,"column":4},"end":{"line":32,"column":30}},"20":{"start":{"line":33,"column":4},"end":{"line":33,"column":40}},"21":{"start":{"line":34,"column":4},"end":{"line":34,"column":38}},"22":{"start":{"line":35,"column":4},"end":{"line":35,"column":42}},"23":{"start":{"line":36,"column":4},"end":{"line":36,"column":46}},"24":{"start":{"line":37,"column":4},"end":{"line":37,"column":50}},"25":{"start":{"line":38,"column":4},"end":{"line":38,"column":59}},"26":{"start":{"line":40,"column":4},"end":{"line":40,"column":null}},"27":{"start":{"line":42,"column":0},"end":{"line":42,"column":null}}},"fnMap":{"0":{"name":"createServer","decl":{"start":{"line":11,"column":9},"end":{"line":11,"column":21}},"loc":{"start":{"line":11,"column":21},"end":{"line":41,"column":1}}},"1":{"name":"(anonymous_2)","decl":{"start":{"line":14,"column":12},"end":{"line":14,"column":22}},"loc":{"start":{"line":14,"column":36},"end":{"line":20,"column":5}}}},"branchMap":{},"s":{"0":1,"1":1,"2":1,"3":1,"4":1,"5":1,"6":1,"7":1,"8":1,"9":1,"10":1,"11":3,"12":3,"13":3,"14":3,"15":3,"16":1,"17":1,"18":1,"19":1,"20":1,"21":1,"22":1,"23":1,"24":1,"25":1,"26":1,"27":1},"f":{"0":1,"1":3},"b":{}}
,"E:\\Dev2\\Webowe\\ProjektWebowe\\backend\\functions\\unsetKeys.ts": {"path":"E:\\Dev2\\Webowe\\ProjektWebowe\\backend\\functions\\unsetKeys.ts","statementMap":{"0":{"start":{"line":2,"column":16},"end":{"line":2,"column":29}},"1":{"start":{"line":3,"column":4},"end":{"line":5,"column":7}},"2":{"start":{"line":4,"column":8},"end":{"line":4,"column":27}},"3":{"start":{"line":6,"column":4},"end":{"line":6,"column":18}},"4":{"start":{"line":1,"column":0},"end":{"line":1,"column":16}}},"fnMap":{"0":{"name":"unsetKeys","decl":{"start":{"line":1,"column":16},"end":{"line":1,"column":25}},"loc":{"start":{"line":1,"column":50},"end":{"line":7,"column":1}}},"1":{"name":"(anonymous_1)","decl":{"start":{"line":3,"column":17},"end":{"line":3,"column":20}},"loc":{"start":{"line":3,"column":23},"end":{"line":5,"column":5}}}},"branchMap":{},"s":{"0":0,"1":0,"2":0,"3":0,"4":1},"f":{"0":0,"1":0},"b":{}}
,"E:\\Dev2\\Webowe\\ProjektWebowe\\backend\\middlewares\\autoConvertTypes\\index.ts": {"path":"E:\\Dev2\\Webowe\\ProjektWebowe\\backend\\middlewares\\autoConvertTypes\\index.ts","statementMap":{"0":{"start":{"line":5,"column":24},"end":{"line":5,"column":33}},"1":{"start":{"line":6,"column":4},"end":{"line":6,"column":28}},"2":{"start":{"line":8,"column":4},"end":{"line":19,"column":5}},"3":{"start":{"line":9,"column":22},"end":{"line":9,"column":38}},"4":{"start":{"line":10,"column":8},"end":{"line":18,"column":9}},"5":{"start":{"line":11,"column":12},"end":{"line":11,"column":43}},"6":{"start":{"line":12,"column":15},"end":{"line":18,"column":9}},"7":{"start":{"line":13,"column":12},"end":{"line":13,"column":44}},"8":{"start":{"line":14,"column":15},"end":{"line":18,"column":9}},"9":{"start":{"line":15,"column":12},"end":{"line":15,"column":68}},"10":{"start":{"line":17,"column":12},"end":{"line":17,"column":56}},"11":{"start":{"line":21,"column":4},"end":{"line":21,"column":11}},"12":{"start":{"line":24,"column":0},"end":{"line":24,"column":32}}},"fnMap":{"0":{"name":"autoConvertTypes","decl":{"start":{"line":4,"column":9},"end":{"line":4,"column":25}},"loc":{"start":{"line":4,"column":79},"end":{"line":22,"column":1}}}},"branchMap":{"0":{"loc":{"start":{"line":10,"column":8},"end":{"line":18,"column":9}},"type":"if","locations":[{"start":{"line":10,"column":8},"end":{"line":18,"column":9}},{"start":{"line":12,"column":15},"end":{"line":18,"column":9}}]},"1":{"loc":{"start":{"line":12,"column":15},"end":{"line":18,"column":9}},"type":"if","locations":[{"start":{"line":12,"column":15},"end":{"line":18,"column":9}},{"start":{"line":14,"column":15},"end":{"line":18,"column":9}}]},"2":{"loc":{"start":{"line":14,"column":15},"end":{"line":18,"column":9}},"type":"if","locations":[{"start":{"line":14,"column":15},"end":{"line":18,"column":9}},{"start":{"line":16,"column":15},"end":{"line":18,"column":9}}]},"3":{"loc":{"start":{"line":17,"column":38},"end":{"line":17,"column":55}},"type":"cond-expr","locations":[{"start":{"line":17,"column":43},"end":{"line":17,"column":45}},{"start":{"line":17,"column":38},"end":{"line":17,"column":55}}]},"4":{"loc":{"start":{"line":17,"column":38},"end":{"line":17,"column":45}},"type":"binary-expr","locations":[{"start":{"line":17,"column":38},"end":{"line":17,"column":45}},{"start":{"line":17,"column":38},"end":{"line":17,"column":45}}]}},"s":{"0":3,"1":3,"2":3,"3":0,"4":0,"5":0,"6":0,"7":0,"8":0,"9":0,"10":0,"11":3,"12":1},"f":{"0":3},"b":{"0":[0,0],"1":[0,0],"2":[0,0],"3":[0,0],"4":[0,0]}}
}
