{"C:\\Users\\Kacper\\Desktop\\Pracownia_webowych\\ProjektWebowe\\backend\\__tests__\\samples.ts": {"path":"C:\\Users\\Kacper\\Desktop\\Pracownia_webowych\\ProjektWebowe\\backend\\__tests__\\samples.ts","statementMap":{"0":{"start":{"line":1,"column":13},"end":{"line":7,"column":null}},"1":{"start":{"line":8,"column":13},"end":{"line":14,"column":null}},"2":{"start":{"line":15,"column":13},"end":{"line":21,"column":null}},"3":{"start":{"line":22,"column":13},"end":{"line":28,"column":null}},"4":{"start":{"line":29,"column":13},"end":{"line":34,"column":null}},"5":{"start":{"line":35,"column":13},"end":{"line":40,"column":null}},"6":{"start":{"line":41,"column":13},"end":{"line":46,"column":null}},"7":{"start":{"line":47,"column":13},"end":{"line":54,"column":null}},"8":{"start":{"line":55,"column":13},"end":{"line":62,"column":null}},"9":{"start":{"line":63,"column":13},"end":{"line":69,"column":null}},"10":{"start":{"line":70,"column":13},"end":{"line":75,"column":null}},"11":{"start":{"line":76,"column":13},"end":{"line":81,"column":null}},"12":{"start":{"line":83,"column":13},"end":{"line":86,"column":null}},"13":{"start":{"line":87,"column":13},"end":{"line":90,"column":null}},"14":{"start":{"line":91,"column":13},"end":{"line":96,"column":null}},"15":{"start":{"line":97,"column":13},"end":{"line":103,"column":null}},"16":{"start":{"line":104,"column":13},"end":{"line":110,"column":null}},"17":{"start":{"line":111,"column":13},"end":{"line":118,"column":null}},"18":{"start":{"line":120,"column":13},"end":{"line":124,"column":null}},"19":{"start":{"line":125,"column":13},"end":{"line":129,"column":null}},"20":{"start":{"line":130,"column":13},"end":{"line":136,"column":null}}},"fnMap":{},"branchMap":{},"s":{"0":6,"1":6,"2":6,"3":6,"4":6,"5":6,"6":6,"7":6,"8":6,"9":6,"10":6,"11":6,"12":6,"13":6,"14":6,"15":6,"16":6,"17":6,"18":6,"19":6,"20":6},"f":{},"b":{}}
,"C:\\Users\\Kacper\\Desktop\\Pracownia_webowych\\ProjektWebowe\\backend\\app_routes\\Location\\index.ts": {"path":"C:\\Users\\Kacper\\Desktop\\Pracownia_webowych\\ProjektWebowe\\backend\\app_routes\\Location\\index.ts","statementMap":{"0":{"start":{"line":1,"column":0},"end":{"line":1,"column":46}},"1":{"start":{"line":2,"column":0},"end":{"line":2,"column":61}},"2":{"start":{"line":3,"column":0},"end":{"line":3,"column":54}},"3":{"start":{"line":4,"column":0},"end":{"line":4,"column":60}},"4":{"start":{"line":7,"column":15},"end":{"line":7,"column":33}},"5":{"start":{"line":9,"column":15},"end":{"line":9,"column":23}},"6":{"start":{"line":123,"column":19},"end":{"line":123,"column":34}},"7":{"start":{"line":11,"column":0},"end":{"line":49,"column":3}},"8":{"start":{"line":11,"column":63},"end":{"line":49,"column":2}},"9":{"start":{"line":12,"column":4},"end":{"line":48,"column":5}},"10":{"start":{"line":13,"column":20},"end":{"line":13,"column":66}},"11":{"start":{"line":14,"column":22},"end":{"line":14,"column":86}},"12":{"start":{"line":15,"column":24},"end":{"line":15,"column":61}},"13":{"start":{"line":16,"column":24},"end":{"line":16,"column":75}},"14":{"start":{"line":19,"column":27},"end":{"line":19,"column":29}},"15":{"start":{"line":21,"column":8},"end":{"line":23,"column":9}},"16":{"start":{"line":22,"column":12},"end":{"line":22,"column":32}},"17":{"start":{"line":25,"column":8},"end":{"line":28,"column":9}},"18":{"start":{"line":26,"column":49},"end":{"line":26,"column":71}},"19":{"start":{"line":27,"column":12},"end":{"line":27,"column":63}},"20":{"start":{"line":30,"column":21},"end":{"line":30,"column":64}},"21":{"start":{"line":32,"column":8},"end":{"line":38,"column":9}},"22":{"start":{"line":33,"column":32},"end":{"line":33,"column":42}},"23":{"start":{"line":34,"column":29},"end":{"line":34,"column":87}},"24":{"start":{"line":35,"column":12},"end":{"line":37,"column":14}},"25":{"start":{"line":40,"column":23},"end":{"line":40,"column":128}},"26":{"start":{"line":42,"column":8},"end":{"line":44,"column":11}},"27":{"start":{"line":46,"column":8},"end":{"line":46,"column":null}},"28":{"start":{"line":47,"column":8},"end":{"line":47,"column":47}},"29":{"start":{"line":51,"column":0},"end":{"line":69,"column":3}},"30":{"start":{"line":51,"column":61},"end":{"line":69,"column":2}},"31":{"start":{"line":52,"column":4},"end":{"line":68,"column":5}},"32":{"start":{"line":53,"column":23},"end":{"line":53,"column":33}},"33":{"start":{"line":55,"column":26},"end":{"line":55,"column":42}},"34":{"start":{"line":56,"column":8},"end":{"line":58,"column":9}},"35":{"start":{"line":57,"column":12},"end":{"line":57,"column":72}},"36":{"start":{"line":60,"column":23},"end":{"line":60,"column":125}},"37":{"start":{"line":62,"column":8},"end":{"line":64,"column":11}},"38":{"start":{"line":66,"column":8},"end":{"line":66,"column":27}},"39":{"start":{"line":67,"column":8},"end":{"line":67,"column":47}},"40":{"start":{"line":71,"column":0},"end":{"line":85,"column":3}},"41":{"start":{"line":71,"column":60},"end":{"line":85,"column":2}},"42":{"start":{"line":72,"column":4},"end":{"line":84,"column":5}},"43":{"start":{"line":73,"column":21},"end":{"line":73,"column":29}},"44":{"start":{"line":75,"column":23},"end":{"line":75,"column":61}},"45":{"start":{"line":77,"column":8},"end":{"line":80,"column":11}},"46":{"start":{"line":82,"column":8},"end":{"line":82,"column":29}},"47":{"start":{"line":83,"column":8},"end":{"line":83,"column":83}},"48":{"start":{"line":87,"column":0},"end":{"line":99,"column":3}},"49":{"start":{"line":87,"column":63},"end":{"line":99,"column":2}},"50":{"start":{"line":88,"column":4},"end":{"line":98,"column":5}},"51":{"start":{"line":89,"column":22},"end":{"line":89,"column":73}},"52":{"start":{"line":91,"column":23},"end":{"line":91,"column":66}},"53":{"start":{"line":93,"column":8},"end":{"line":95,"column":11}},"54":{"start":{"line":97,"column":8},"end":{"line":97,"column":47}},"55":{"start":{"line":102,"column":0},"end":{"line":121,"column":3}},"56":{"start":{"line":102,"column":61},"end":{"line":121,"column":2}},"57":{"start":{"line":103,"column":4},"end":{"line":120,"column":5}},"58":{"start":{"line":104,"column":23},"end":{"line":104,"column":33}},"59":{"start":{"line":105,"column":21},"end":{"line":105,"column":29}},"60":{"start":{"line":107,"column":26},"end":{"line":107,"column":42}},"61":{"start":{"line":108,"column":8},"end":{"line":110,"column":9}},"62":{"start":{"line":109,"column":12},"end":{"line":109,"column":72}},"63":{"start":{"line":112,"column":23},"end":{"line":112,"column":87}},"64":{"start":{"line":115,"column":8},"end":{"line":117,"column":11}},"65":{"start":{"line":119,"column":8},"end":{"line":119,"column":47}}},"fnMap":{"0":{"name":"(anonymous_7)","decl":{"start":{"line":11,"column":19},"end":{"line":11,"column":26}},"loc":{"start":{"line":11,"column":63},"end":{"line":49,"column":2}}},"1":{"name":"(anonymous_8)","decl":{"start":{"line":11,"column":63},"end":{"line":11,"column":null}},"loc":{"start":{"line":11,"column":63},"end":{"line":49,"column":1}}},"2":{"name":"(anonymous_9)","decl":{"start":{"line":51,"column":23},"end":{"line":51,"column":30}},"loc":{"start":{"line":51,"column":61},"end":{"line":69,"column":2}}},"3":{"name":"(anonymous_10)","decl":{"start":{"line":51,"column":61},"end":{"line":51,"column":null}},"loc":{"start":{"line":51,"column":61},"end":{"line":69,"column":1}}},"4":{"name":"(anonymous_11)","decl":{"start":{"line":71,"column":21},"end":{"line":71,"column":28}},"loc":{"start":{"line":71,"column":60},"end":{"line":85,"column":2}}},"5":{"name":"(anonymous_12)","decl":{"start":{"line":71,"column":60},"end":{"line":71,"column":null}},"loc":{"start":{"line":71,"column":60},"end":{"line":85,"column":1}}},"6":{"name":"(anonymous_13)","decl":{"start":{"line":87,"column":25},"end":{"line":87,"column":32}},"loc":{"start":{"line":87,"column":63},"end":{"line":99,"column":2}}},"7":{"name":"(anonymous_14)","decl":{"start":{"line":87,"column":63},"end":{"line":87,"column":null}},"loc":{"start":{"line":87,"column":63},"end":{"line":99,"column":1}}},"8":{"name":"(anonymous_15)","decl":{"start":{"line":102,"column":23},"end":{"line":102,"column":30}},"loc":{"start":{"line":102,"column":61},"end":{"line":121,"column":2}}},"9":{"name":"(anonymous_16)","decl":{"start":{"line":102,"column":61},"end":{"line":102,"column":null}},"loc":{"start":{"line":102,"column":61},"end":{"line":121,"column":1}}}},"branchMap":{"0":{"loc":{"start":{"line":15,"column":24},"end":{"line":15,"column":61}},"type":"cond-expr","locations":[{"start":{"line":15,"column":38},"end":{"line":15,"column":49}},{"start":{"line":15,"column":52},"end":{"line":15,"column":61}}]},"1":{"loc":{"start":{"line":16,"column":24},"end":{"line":16,"column":75}},"type":"cond-expr","locations":[{"start":{"line":16,"column":38},"end":{"line":16,"column":63}},{"start":{"line":16,"column":66},"end":{"line":16,"column":75}}]},"2":{"loc":{"start":{"line":21,"column":8},"end":{"line":23,"column":9}},"type":"if","locations":[{"start":{"line":21,"column":8},"end":{"line":23,"column":9}}]},"3":{"loc":{"start":{"line":25,"column":8},"end":{"line":28,"column":9}},"type":"if","locations":[{"start":{"line":25,"column":8},"end":{"line":28,"column":9}}]},"4":{"loc":{"start":{"line":30,"column":21},"end":{"line":30,"column":64}},"type":"cond-expr","locations":[{"start":{"line":30,"column":31},"end":{"line":30,"column":52}},{"start":{"line":30,"column":55},"end":{"line":30,"column":64}}]},"5":{"loc":{"start":{"line":32,"column":8},"end":{"line":38,"column":9}},"type":"if","locations":[{"start":{"line":32,"column":8},"end":{"line":38,"column":9}}]},"6":{"loc":{"start":{"line":56,"column":8},"end":{"line":58,"column":9}},"type":"if","locations":[{"start":{"line":56,"column":8},"end":{"line":58,"column":9}}]},"7":{"loc":{"start":{"line":108,"column":8},"end":{"line":110,"column":9}},"type":"if","locations":[{"start":{"line":108,"column":8},"end":{"line":110,"column":9}}]}},"s":{"0":6,"1":6,"2":6,"3":6,"4":6,"5":6,"6":6,"7":6,"8":3,"9":3,"10":3,"11":3,"12":3,"13":3,"14":3,"15":3,"16":0,"17":3,"18":2,"19":2,"20":3,"21":3,"22":1,"23":1,"24":1,"25":3,"26":3,"27":0,"28":0,"29":6,"30":2,"31":2,"32":2,"33":2,"34":2,"35":1,"36":1,"37":1,"38":0,"39":0,"40":6,"41":2,"42":2,"43":2,"44":2,"45":1,"46":1,"47":1,"48":6,"49":2,"50":2,"51":2,"52":2,"53":1,"54":1,"55":6,"56":3,"57":3,"58":3,"59":3,"60":3,"61":3,"62":1,"63":2,"64":1,"65":1},"f":{"0":3,"1":3,"2":2,"3":2,"4":2,"5":2,"6":2,"7":2,"8":3,"9":3},"b":{"0":[0,3],"1":[1,2],"2":[0],"3":[2],"4":[0,3],"5":[1],"6":[1],"7":[1]}}
,"C:\\Users\\Kacper\\Desktop\\Pracownia_webowych\\ProjektWebowe\\backend\\app_routes\\LocationsOnUsers\\index.ts": {"path":"C:\\Users\\Kacper\\Desktop\\Pracownia_webowych\\ProjektWebowe\\backend\\app_routes\\LocationsOnUsers\\index.ts","statementMap":{"0":{"start":{"line":1,"column":0},"end":{"line":1,"column":46}},"1":{"start":{"line":2,"column":0},"end":{"line":2,"column":61}},"2":{"start":{"line":3,"column":0},"end":{"line":3,"column":54}},"3":{"start":{"line":4,"column":0},"end":{"line":4,"column":60}},"4":{"start":{"line":7,"column":15},"end":{"line":7,"column":33}},"5":{"start":{"line":9,"column":15},"end":{"line":9,"column":23}},"6":{"start":{"line":151,"column":19},"end":{"line":151,"column":41}},"7":{"start":{"line":12,"column":0},"end":{"line":40,"column":3}},"8":{"start":{"line":12,"column":63},"end":{"line":40,"column":2}},"9":{"start":{"line":13,"column":4},"end":{"line":39,"column":5}},"10":{"start":{"line":14,"column":20},"end":{"line":14,"column":66}},"11":{"start":{"line":15,"column":22},"end":{"line":15,"column":75}},"12":{"start":{"line":16,"column":24},"end":{"line":16,"column":61}},"13":{"start":{"line":18,"column":27},"end":{"line":18,"column":29}},"14":{"start":{"line":24,"column":8},"end":{"line":27,"column":9}},"15":{"start":{"line":25,"column":49},"end":{"line":25,"column":71}},"16":{"start":{"line":26,"column":12},"end":{"line":26,"column":63}},"17":{"start":{"line":29,"column":21},"end":{"line":29,"column":64}},"18":{"start":{"line":31,"column":23},"end":{"line":31,"column":138}},"19":{"start":{"line":33,"column":8},"end":{"line":35,"column":11}},"20":{"start":{"line":37,"column":8},"end":{"line":37,"column":null}},"21":{"start":{"line":38,"column":8},"end":{"line":38,"column":47}},"22":{"start":{"line":43,"column":0},"end":{"line":79,"column":3}},"23":{"start":{"line":43,"column":59},"end":{"line":79,"column":2}},"24":{"start":{"line":44,"column":4},"end":{"line":78,"column":5}},"25":{"start":{"line":45,"column":21},"end":{"line":45,"column":29}},"26":{"start":{"line":47,"column":23},"end":{"line":47,"column":69}},"27":{"start":{"line":49,"column":31},"end":{"line":49,"column":35}},"28":{"start":{"line":51,"column":24},"end":{"line":58,"column":10}},"29":{"start":{"line":60,"column":30},"end":{"line":60,"column":97}},"30":{"start":{"line":60,"column":60},"end":{"line":60,"column":76}},"31":{"start":{"line":62,"column":8},"end":{"line":69,"column":11}},"32":{"start":{"line":71,"column":8},"end":{"line":74,"column":11}},"33":{"start":{"line":76,"column":8},"end":{"line":76,"column":29}},"34":{"start":{"line":77,"column":8},"end":{"line":77,"column":84}},"35":{"start":{"line":81,"column":0},"end":{"line":93,"column":3}},"36":{"start":{"line":81,"column":63},"end":{"line":93,"column":2}},"37":{"start":{"line":82,"column":4},"end":{"line":92,"column":5}},"38":{"start":{"line":83,"column":22},"end":{"line":83,"column":73}},"39":{"start":{"line":85,"column":23},"end":{"line":85,"column":74}},"40":{"start":{"line":87,"column":8},"end":{"line":89,"column":11}},"41":{"start":{"line":91,"column":8},"end":{"line":91,"column":47}},"42":{"start":{"line":96,"column":0},"end":{"line":149,"column":3}},"43":{"start":{"line":96,"column":63},"end":{"line":149,"column":2}},"44":{"start":{"line":97,"column":4},"end":{"line":148,"column":5}},"45":{"start":{"line":98,"column":46},"end":{"line":98,"column":54}},"46":{"start":{"line":100,"column":8},"end":{"line":102,"column":9}},"47":{"start":{"line":101,"column":12},"end":{"line":101,"column":68}},"48":{"start":{"line":104,"column":23},"end":{"line":121,"column":10}},"49":{"start":{"line":123,"column":24},"end":{"line":130,"column":10}},"50":{"start":{"line":133,"column":12},"end":{"line":133,"column":79}},"51":{"start":{"line":133,"column":42},"end":{"line":133,"column":58}},"52":{"start":{"line":135,"column":8},"end":{"line":142,"column":11}},"53":{"start":{"line":144,"column":8},"end":{"line":144,"column":44}},"54":{"start":{"line":146,"column":8},"end":{"line":146,"column":29}},"55":{"start":{"line":147,"column":8},"end":{"line":147,"column":65}}},"fnMap":{"0":{"name":"(anonymous_7)","decl":{"start":{"line":12,"column":19},"end":{"line":12,"column":26}},"loc":{"start":{"line":12,"column":63},"end":{"line":40,"column":2}}},"1":{"name":"(anonymous_8)","decl":{"start":{"line":12,"column":63},"end":{"line":12,"column":null}},"loc":{"start":{"line":12,"column":63},"end":{"line":40,"column":1}}},"2":{"name":"(anonymous_9)","decl":{"start":{"line":43,"column":21},"end":{"line":43,"column":28}},"loc":{"start":{"line":43,"column":59},"end":{"line":79,"column":2}}},"3":{"name":"(anonymous_10)","decl":{"start":{"line":43,"column":59},"end":{"line":43,"column":null}},"loc":{"start":{"line":43,"column":59},"end":{"line":79,"column":1}}},"4":{"name":"(anonymous_11)","decl":{"start":{"line":60,"column":45},"end":{"line":60,"column":46}},"loc":{"start":{"line":60,"column":60},"end":{"line":60,"column":76}}},"5":{"name":"(anonymous_12)","decl":{"start":{"line":81,"column":25},"end":{"line":81,"column":32}},"loc":{"start":{"line":81,"column":63},"end":{"line":93,"column":2}}},"6":{"name":"(anonymous_13)","decl":{"start":{"line":81,"column":63},"end":{"line":81,"column":null}},"loc":{"start":{"line":81,"column":63},"end":{"line":93,"column":1}}},"7":{"name":"(anonymous_14)","decl":{"start":{"line":96,"column":19},"end":{"line":96,"column":26}},"loc":{"start":{"line":96,"column":63},"end":{"line":149,"column":2}}},"8":{"name":"(anonymous_15)","decl":{"start":{"line":96,"column":63},"end":{"line":96,"column":null}},"loc":{"start":{"line":96,"column":63},"end":{"line":149,"column":1}}},"9":{"name":"(anonymous_16)","decl":{"start":{"line":133,"column":27},"end":{"line":133,"column":28}},"loc":{"start":{"line":133,"column":42},"end":{"line":133,"column":58}}}},"branchMap":{"0":{"loc":{"start":{"line":16,"column":24},"end":{"line":16,"column":61}},"type":"cond-expr","locations":[{"start":{"line":16,"column":38},"end":{"line":16,"column":49}},{"start":{"line":16,"column":52},"end":{"line":16,"column":61}}]},"1":{"loc":{"start":{"line":24,"column":8},"end":{"line":27,"column":9}},"type":"if","locations":[{"start":{"line":24,"column":8},"end":{"line":27,"column":9}}]},"2":{"loc":{"start":{"line":29,"column":21},"end":{"line":29,"column":64}},"type":"cond-expr","locations":[{"start":{"line":29,"column":31},"end":{"line":29,"column":52}},{"start":{"line":29,"column":55},"end":{"line":29,"column":64}}]},"3":{"loc":{"start":{"line":100,"column":8},"end":{"line":102,"column":9}},"type":"if","locations":[{"start":{"line":100,"column":8},"end":{"line":102,"column":9}}]},"4":{"loc":{"start":{"line":100,"column":12},"end":{"line":100,"column":57}},"type":"binary-expr","locations":[{"start":{"line":100,"column":12},"end":{"line":100,"column":19}},{"start":{"line":100,"column":23},"end":{"line":100,"column":34}},{"start":{"line":100,"column":38},"end":{"line":100,"column":57}}]}},"s":{"0":6,"1":6,"2":6,"3":6,"4":6,"5":6,"6":6,"7":6,"8":3,"9":3,"10":3,"11":3,"12":3,"13":3,"14":3,"15":1,"16":1,"17":3,"18":3,"19":3,"20":0,"21":0,"22":6,"23":2,"24":2,"25":2,"26":2,"27":1,"28":1,"29":1,"30":2,"31":1,"32":1,"33":1,"34":1,"35":6,"36":2,"37":2,"38":2,"39":2,"40":1,"41":1,"42":6,"43":3,"44":3,"45":3,"46":3,"47":1,"48":2,"49":1,"50":1,"51":1,"52":1,"53":1,"54":1,"55":1},"f":{"0":3,"1":3,"2":2,"3":2,"4":2,"5":2,"6":2,"7":3,"8":3,"9":1},"b":{"0":[0,3],"1":[1],"2":[0,3],"3":[1],"4":[3,3,2]}}
,"C:\\Users\\Kacper\\Desktop\\Pracownia_webowych\\ProjektWebowe\\backend\\app_routes\\Login\\index.ts": {"path":"C:\\Users\\Kacper\\Desktop\\Pracownia_webowych\\ProjektWebowe\\backend\\app_routes\\Login\\index.ts","statementMap":{"0":{"start":{"line":2,"column":0},"end":{"line":2,"column":46}},"1":{"start":{"line":3,"column":0},"end":{"line":3,"column":61}},"2":{"start":{"line":5,"column":15},"end":{"line":5,"column":33}},"3":{"start":{"line":6,"column":12},"end":{"line":6,"column":35}},"4":{"start":{"line":7,"column":15},"end":{"line":7,"column":23}},"5":{"start":{"line":31,"column":18},"end":{"line":31,"column":30}},"6":{"start":{"line":9,"column":0},"end":{"line":29,"column":3}},"7":{"start":{"line":9,"column":56},"end":{"line":29,"column":2}},"8":{"start":{"line":10,"column":32},"end":{"line":10,"column":40}},"9":{"start":{"line":12,"column":4},"end":{"line":28,"column":5}},"10":{"start":{"line":13,"column":19},"end":{"line":13,"column":76}},"11":{"start":{"line":14,"column":6},"end":{"line":16,"column":7}},"12":{"start":{"line":15,"column":8},"end":{"line":15,"column":96}},"13":{"start":{"line":18,"column":22},"end":{"line":18,"column":47}},"14":{"start":{"line":19,"column":6},"end":{"line":21,"column":7}},"15":{"start":{"line":20,"column":8},"end":{"line":20,"column":91}},"16":{"start":{"line":23,"column":20},"end":{"line":23,"column":90}},"17":{"start":{"line":24,"column":6},"end":{"line":24,"column":51}},"18":{"start":{"line":26,"column":6},"end":{"line":26,"column":25}},"19":{"start":{"line":27,"column":6},"end":{"line":27,"column":84}}},"fnMap":{"0":{"name":"(anonymous_7)","decl":{"start":{"line":9,"column":17},"end":{"line":9,"column":24}},"loc":{"start":{"line":9,"column":56},"end":{"line":29,"column":2}}},"1":{"name":"(anonymous_8)","decl":{"start":{"line":9,"column":56},"end":{"line":9,"column":null}},"loc":{"start":{"line":9,"column":56},"end":{"line":29,"column":1}}}},"branchMap":{"0":{"loc":{"start":{"line":14,"column":6},"end":{"line":16,"column":7}},"type":"if","locations":[{"start":{"line":14,"column":6},"end":{"line":16,"column":7}}]},"1":{"loc":{"start":{"line":19,"column":6},"end":{"line":21,"column":7}},"type":"if","locations":[{"start":{"line":19,"column":6},"end":{"line":21,"column":7}}]}},"s":{"0":6,"1":6,"2":6,"3":6,"4":6,"5":6,"6":6,"7":3,"8":3,"9":3,"10":3,"11":3,"12":1,"13":2,"14":2,"15":1,"16":1,"17":1,"18":0,"19":0},"f":{"0":3,"1":3},"b":{"0":[1],"1":[1]}}
,"C:\\Users\\Kacper\\Desktop\\Pracownia_webowych\\ProjektWebowe\\backend\\app_routes\\Target\\index.ts": {"path":"C:\\Users\\Kacper\\Desktop\\Pracownia_webowych\\ProjektWebowe\\backend\\app_routes\\Target\\index.ts","statementMap":{"0":{"start":{"line":1,"column":0},"end":{"line":1,"column":46}},"1":{"start":{"line":2,"column":0},"end":{"line":2,"column":61}},"2":{"start":{"line":3,"column":0},"end":{"line":3,"column":54}},"3":{"start":{"line":4,"column":0},"end":{"line":4,"column":60}},"4":{"start":{"line":8,"column":15},"end":{"line":8,"column":33}},"5":{"start":{"line":10,"column":15},"end":{"line":10,"column":23}},"6":{"start":{"line":139,"column":19},"end":{"line":139,"column":32}},"7":{"start":{"line":17,"column":0},"end":{"line":60,"column":3}},"8":{"start":{"line":17,"column":63},"end":{"line":60,"column":2}},"9":{"start":{"line":18,"column":4},"end":{"line":59,"column":5}},"10":{"start":{"line":19,"column":20},"end":{"line":19,"column":66}},"11":{"start":{"line":20,"column":43},"end":{"line":20,"column":96}},"12":{"start":{"line":22,"column":8},"end":{"line":24,"column":9}},"13":{"start":{"line":23,"column":12},"end":{"line":23,"column":48}},"14":{"start":{"line":26,"column":24},"end":{"line":26,"column":61}},"15":{"start":{"line":27,"column":27},"end":{"line":27,"column":29}},"16":{"start":{"line":29,"column":8},"end":{"line":32,"column":9}},"17":{"start":{"line":30,"column":49},"end":{"line":30,"column":71}},"18":{"start":{"line":31,"column":12},"end":{"line":31,"column":63}},"19":{"start":{"line":34,"column":21},"end":{"line":34,"column":64}},"20":{"start":{"line":36,"column":24},"end":{"line":41,"column":10}},"21":{"start":{"line":43,"column":28},"end":{"line":46,"column":11}},"22":{"start":{"line":43,"column":50},"end":{"line":45,"column":null}},"23":{"start":{"line":48,"column":8},"end":{"line":52,"column":9}},"24":{"start":{"line":49,"column":12},"end":{"line":49,"column":58}},"25":{"start":{"line":49,"column":39},"end":{"line":49,"column":56}},"26":{"start":{"line":50,"column":15},"end":{"line":52,"column":9}},"27":{"start":{"line":51,"column":12},"end":{"line":51,"column":58}},"28":{"start":{"line":51,"column":39},"end":{"line":51,"column":56}},"29":{"start":{"line":54,"column":8},"end":{"line":54,"column":34}},"30":{"start":{"line":57,"column":8},"end":{"line":57,"column":27}},"31":{"start":{"line":58,"column":8},"end":{"line":58,"column":47}},"32":{"start":{"line":63,"column":0},"end":{"line":85,"column":3}},"33":{"start":{"line":63,"column":61},"end":{"line":85,"column":2}},"34":{"start":{"line":64,"column":4},"end":{"line":84,"column":5}},"35":{"start":{"line":65,"column":23},"end":{"line":65,"column":33}},"36":{"start":{"line":67,"column":26},"end":{"line":67,"column":42}},"37":{"start":{"line":68,"column":8},"end":{"line":70,"column":9}},"38":{"start":{"line":69,"column":12},"end":{"line":69,"column":72}},"39":{"start":{"line":72,"column":23},"end":{"line":72,"column":125}},"40":{"start":{"line":73,"column":24},"end":{"line":73,"column":37}},"41":{"start":{"line":74,"column":8},"end":{"line":76,"column":9}},"42":{"start":{"line":75,"column":12},"end":{"line":75,"column":60}},"43":{"start":{"line":78,"column":8},"end":{"line":80,"column":11}},"44":{"start":{"line":82,"column":8},"end":{"line":82,"column":27}},"45":{"start":{"line":83,"column":8},"end":{"line":83,"column":47}},"46":{"start":{"line":87,"column":0},"end":{"line":100,"column":3}},"47":{"start":{"line":87,"column":60},"end":{"line":100,"column":2}},"48":{"start":{"line":88,"column":4},"end":{"line":99,"column":5}},"49":{"start":{"line":89,"column":21},"end":{"line":89,"column":29}},"50":{"start":{"line":90,"column":23},"end":{"line":90,"column":59}},"51":{"start":{"line":92,"column":8},"end":{"line":95,"column":11}},"52":{"start":{"line":97,"column":8},"end":{"line":97,"column":29}},"53":{"start":{"line":98,"column":8},"end":{"line":98,"column":83}},"54":{"start":{"line":102,"column":0},"end":{"line":115,"column":3}},"55":{"start":{"line":102,"column":63},"end":{"line":115,"column":2}},"56":{"start":{"line":103,"column":4},"end":{"line":114,"column":5}},"57":{"start":{"line":104,"column":22},"end":{"line":104,"column":73}},"58":{"start":{"line":106,"column":23},"end":{"line":106,"column":64}},"59":{"start":{"line":108,"column":8},"end":{"line":110,"column":11}},"60":{"start":{"line":112,"column":8},"end":{"line":112,"column":27}},"61":{"start":{"line":113,"column":8},"end":{"line":113,"column":47}},"62":{"start":{"line":118,"column":0},"end":{"line":137,"column":3}},"63":{"start":{"line":118,"column":61},"end":{"line":137,"column":2}},"64":{"start":{"line":119,"column":4},"end":{"line":136,"column":5}},"65":{"start":{"line":120,"column":23},"end":{"line":120,"column":33}},"66":{"start":{"line":121,"column":21},"end":{"line":121,"column":29}},"67":{"start":{"line":123,"column":26},"end":{"line":123,"column":42}},"68":{"start":{"line":124,"column":8},"end":{"line":126,"column":9}},"69":{"start":{"line":125,"column":12},"end":{"line":125,"column":72}},"70":{"start":{"line":128,"column":23},"end":{"line":128,"column":85}},"71":{"start":{"line":131,"column":8},"end":{"line":133,"column":11}},"72":{"start":{"line":135,"column":8},"end":{"line":135,"column":47}}},"fnMap":{"0":{"name":"(anonymous_7)","decl":{"start":{"line":17,"column":19},"end":{"line":17,"column":26}},"loc":{"start":{"line":17,"column":63},"end":{"line":60,"column":2}}},"1":{"name":"(anonymous_8)","decl":{"start":{"line":17,"column":63},"end":{"line":17,"column":null}},"loc":{"start":{"line":17,"column":63},"end":{"line":60,"column":1}}},"2":{"name":"(anonymous_9)","decl":{"start":{"line":43,"column":40},"end":{"line":43,"column":46}},"loc":{"start":{"line":43,"column":50},"end":{"line":45,"column":null}}},"3":{"name":"(anonymous_10)","decl":{"start":{"line":49,"column":29},"end":{"line":49,"column":30}},"loc":{"start":{"line":49,"column":39},"end":{"line":49,"column":56}}},"4":{"name":"(anonymous_11)","decl":{"start":{"line":51,"column":29},"end":{"line":51,"column":30}},"loc":{"start":{"line":51,"column":39},"end":{"line":51,"column":56}}},"5":{"name":"(anonymous_12)","decl":{"start":{"line":63,"column":23},"end":{"line":63,"column":30}},"loc":{"start":{"line":63,"column":61},"end":{"line":85,"column":2}}},"6":{"name":"(anonymous_13)","decl":{"start":{"line":63,"column":61},"end":{"line":63,"column":null}},"loc":{"start":{"line":63,"column":61},"end":{"line":85,"column":1}}},"7":{"name":"(anonymous_14)","decl":{"start":{"line":87,"column":21},"end":{"line":87,"column":28}},"loc":{"start":{"line":87,"column":60},"end":{"line":100,"column":2}}},"8":{"name":"(anonymous_15)","decl":{"start":{"line":87,"column":60},"end":{"line":87,"column":null}},"loc":{"start":{"line":87,"column":60},"end":{"line":100,"column":1}}},"9":{"name":"(anonymous_16)","decl":{"start":{"line":102,"column":25},"end":{"line":102,"column":32}},"loc":{"start":{"line":102,"column":63},"end":{"line":115,"column":2}}},"10":{"name":"(anonymous_17)","decl":{"start":{"line":102,"column":63},"end":{"line":102,"column":null}},"loc":{"start":{"line":102,"column":63},"end":{"line":115,"column":1}}},"11":{"name":"(anonymous_18)","decl":{"start":{"line":118,"column":23},"end":{"line":118,"column":30}},"loc":{"start":{"line":118,"column":61},"end":{"line":137,"column":2}}},"12":{"name":"(anonymous_19)","decl":{"start":{"line":118,"column":61},"end":{"line":118,"column":null}},"loc":{"start":{"line":118,"column":61},"end":{"line":137,"column":1}}}},"branchMap":{"0":{"loc":{"start":{"line":22,"column":8},"end":{"line":24,"column":9}},"type":"if","locations":[{"start":{"line":22,"column":8},"end":{"line":24,"column":9}}]},"1":{"loc":{"start":{"line":26,"column":24},"end":{"line":26,"column":61}},"type":"cond-expr","locations":[{"start":{"line":26,"column":38},"end":{"line":26,"column":49}},{"start":{"line":26,"column":52},"end":{"line":26,"column":61}}]},"2":{"loc":{"start":{"line":29,"column":8},"end":{"line":32,"column":9}},"type":"if","locations":[{"start":{"line":29,"column":8},"end":{"line":32,"column":9}}]},"3":{"loc":{"start":{"line":29,"column":12},"end":{"line":29,"column":97}},"type":"binary-expr","locations":[{"start":{"line":29,"column":12},"end":{"line":29,"column":36}},{"start":{"line":29,"column":40},"end":{"line":29,"column":67}},{"start":{"line":29,"column":71},"end":{"line":29,"column":97}}]},"4":{"loc":{"start":{"line":34,"column":21},"end":{"line":34,"column":64}},"type":"cond-expr","locations":[{"start":{"line":34,"column":31},"end":{"line":34,"column":52}},{"start":{"line":34,"column":55},"end":{"line":34,"column":64}}]},"5":{"loc":{"start":{"line":48,"column":8},"end":{"line":52,"column":9}},"type":"if","locations":[{"start":{"line":48,"column":8},"end":{"line":52,"column":9}},{"start":{"line":50,"column":15},"end":{"line":52,"column":9}}]},"6":{"loc":{"start":{"line":48,"column":12},"end":{"line":48,"column":55}},"type":"binary-expr","locations":[{"start":{"line":48,"column":12},"end":{"line":48,"column":23}},{"start":{"line":48,"column":27},"end":{"line":48,"column":55}}]},"7":{"loc":{"start":{"line":50,"column":15},"end":{"line":52,"column":9}},"type":"if","locations":[{"start":{"line":50,"column":15},"end":{"line":52,"column":9}}]},"8":{"loc":{"start":{"line":50,"column":19},"end":{"line":50,"column":61}},"type":"binary-expr","locations":[{"start":{"line":50,"column":19},"end":{"line":50,"column":30}},{"start":{"line":50,"column":34},"end":{"line":50,"column":61}}]},"9":{"loc":{"start":{"line":68,"column":8},"end":{"line":70,"column":9}},"type":"if","locations":[{"start":{"line":68,"column":8},"end":{"line":70,"column":9}}]},"10":{"loc":{"start":{"line":74,"column":8},"end":{"line":76,"column":9}},"type":"if","locations":[{"start":{"line":74,"column":8},"end":{"line":76,"column":9}}]},"11":{"loc":{"start":{"line":124,"column":8},"end":{"line":126,"column":9}},"type":"if","locations":[{"start":{"line":124,"column":8},"end":{"line":126,"column":9}}]}},"s":{"0":6,"1":6,"2":6,"3":6,"4":6,"5":6,"6":6,"7":6,"8":3,"9":3,"10":3,"11":3,"12":3,"13":1,"14":3,"15":3,"16":3,"17":1,"18":1,"19":3,"20":3,"21":3,"22":7,"23":3,"24":0,"25":0,"26":3,"27":0,"28":0,"29":3,"30":0,"31":0,"32":6,"33":2,"34":2,"35":2,"36":2,"37":2,"38":1,"39":1,"40":1,"41":1,"42":1,"43":1,"44":0,"45":0,"46":6,"47":2,"48":2,"49":2,"50":2,"51":1,"52":1,"53":1,"54":6,"55":2,"56":2,"57":2,"58":2,"59":1,"60":1,"61":1,"62":6,"63":3,"64":3,"65":3,"66":3,"67":3,"68":3,"69":1,"70":2,"71":1,"72":1},"f":{"0":3,"1":3,"2":7,"3":0,"4":0,"5":2,"6":2,"7":2,"8":2,"9":2,"10":2,"11":3,"12":3},"b":{"0":[1],"1":[0,3],"2":[1],"3":[3,1,1],"4":[0,3],"5":[0,3],"6":[3,1],"7":[0],"8":[3,1],"9":[1],"10":[1],"11":[1]}}
,"C:\\Users\\Kacper\\Desktop\\Pracownia_webowych\\ProjektWebowe\\backend\\app_routes\\TargetsOnUsers\\index.ts": {"path":"C:\\Users\\Kacper\\Desktop\\Pracownia_webowych\\ProjektWebowe\\backend\\app_routes\\TargetsOnUsers\\index.ts","statementMap":{"0":{"start":{"line":1,"column":0},"end":{"line":1,"column":46}},"1":{"start":{"line":2,"column":0},"end":{"line":2,"column":61}},"2":{"start":{"line":6,"column":15},"end":{"line":6,"column":33}},"3":{"start":{"line":8,"column":15},"end":{"line":8,"column":23}},"4":{"start":{"line":50,"column":19},"end":{"line":50,"column":36}},"5":{"start":{"line":11,"column":0},"end":{"line":25,"column":3}},"6":{"start":{"line":11,"column":36},"end":{"line":25,"column":2}},"7":{"start":{"line":12,"column":17},"end":{"line":12,"column":25}},"8":{"start":{"line":14,"column":4},"end":{"line":16,"column":5}},"9":{"start":{"line":15,"column":6},"end":{"line":15,"column":79}},"10":{"start":{"line":18,"column":4},"end":{"line":24,"column":5}},"11":{"start":{"line":19,"column":23},"end":{"line":19,"column":67}},"12":{"start":{"line":20,"column":8},"end":{"line":20,"column":37}},"13":{"start":{"line":22,"column":8},"end":{"line":22,"column":27}},"14":{"start":{"line":23,"column":8},"end":{"line":23,"column":47}},"15":{"start":{"line":28,"column":0},"end":{"line":48,"column":3}},"16":{"start":{"line":28,"column":38},"end":{"line":48,"column":2}},"17":{"start":{"line":29,"column":19},"end":{"line":29,"column":79}},"18":{"start":{"line":30,"column":21},"end":{"line":30,"column":85}},"19":{"start":{"line":32,"column":4},"end":{"line":34,"column":5}},"20":{"start":{"line":33,"column":8},"end":{"line":33,"column":81}},"21":{"start":{"line":35,"column":4},"end":{"line":47,"column":5}},"22":{"start":{"line":36,"column":32},"end":{"line":43,"column":9}},"23":{"start":{"line":44,"column":7},"end":{"line":44,"column":46}},"24":{"start":{"line":46,"column":7},"end":{"line":46,"column":46}}},"fnMap":{"0":{"name":"(anonymous_7)","decl":{"start":{"line":11,"column":17},"end":{"line":11,"column":24}},"loc":{"start":{"line":11,"column":36},"end":{"line":25,"column":2}}},"1":{"name":"(anonymous_8)","decl":{"start":{"line":11,"column":36},"end":{"line":11,"column":null}},"loc":{"start":{"line":11,"column":36},"end":{"line":25,"column":1}}},"2":{"name":"(anonymous_9)","decl":{"start":{"line":28,"column":19},"end":{"line":28,"column":26}},"loc":{"start":{"line":28,"column":38},"end":{"line":48,"column":2}}},"3":{"name":"(anonymous_10)","decl":{"start":{"line":28,"column":38},"end":{"line":28,"column":null}},"loc":{"start":{"line":28,"column":38},"end":{"line":48,"column":1}}}},"branchMap":{"0":{"loc":{"start":{"line":14,"column":4},"end":{"line":16,"column":5}},"type":"if","locations":[{"start":{"line":14,"column":4},"end":{"line":16,"column":5}}]},"1":{"loc":{"start":{"line":14,"column":8},"end":{"line":14,"column":38}},"type":"binary-expr","locations":[{"start":{"line":14,"column":8},"end":{"line":14,"column":20}},{"start":{"line":14,"column":24},"end":{"line":14,"column":38}}]},"2":{"loc":{"start":{"line":29,"column":19},"end":{"line":29,"column":79}},"type":"cond-expr","locations":[{"start":{"line":29,"column":58},"end":{"line":29,"column":74}},{"start":{"line":29,"column":77},"end":{"line":29,"column":79}}]},"3":{"loc":{"start":{"line":30,"column":21},"end":{"line":30,"column":85}},"type":"cond-expr","locations":[{"start":{"line":30,"column":62},"end":{"line":30,"column":80}},{"start":{"line":30,"column":83},"end":{"line":30,"column":85}}]},"4":{"loc":{"start":{"line":32,"column":4},"end":{"line":34,"column":5}},"type":"if","locations":[{"start":{"line":32,"column":4},"end":{"line":34,"column":5}}]},"5":{"loc":{"start":{"line":32,"column":8},"end":{"line":32,"column":28}},"type":"binary-expr","locations":[{"start":{"line":32,"column":8},"end":{"line":32,"column":15}},{"start":{"line":32,"column":19},"end":{"line":32,"column":28}}]}},"s":{"0":6,"1":6,"2":6,"3":6,"4":6,"5":6,"6":3,"7":3,"8":3,"9":2,"10":1,"11":1,"12":1,"13":0,"14":0,"15":6,"16":3,"17":3,"18":3,"19":3,"20":2,"21":1,"22":1,"23":1,"24":0},"f":{"0":3,"1":3,"2":3,"3":3},"b":{"0":[2],"1":[3,2],"2":[1,2],"3":[1,2],"4":[2],"5":[3,1]}}
,"C:\\Users\\Kacper\\Desktop\\Pracownia_webowych\\ProjektWebowe\\backend\\app_routes\\User\\index.ts": {"path":"C:\\Users\\Kacper\\Desktop\\Pracownia_webowych\\ProjektWebowe\\backend\\app_routes\\User\\index.ts","statementMap":{"0":{"start":{"line":1,"column":0},"end":{"line":1,"column":46}},"1":{"start":{"line":2,"column":0},"end":{"line":2,"column":61}},"2":{"start":{"line":3,"column":0},"end":{"line":3,"column":60}},"3":{"start":{"line":4,"column":0},"end":{"line":4,"column":54}},"4":{"start":{"line":8,"column":15},"end":{"line":8,"column":33}},"5":{"start":{"line":9,"column":15},"end":{"line":9,"column":34}},"6":{"start":{"line":11,"column":15},"end":{"line":11,"column":23}},"7":{"start":{"line":155,"column":19},"end":{"line":155,"column":30}},"8":{"start":{"line":14,"column":0},"end":{"line":38,"column":3}},"9":{"start":{"line":14,"column":63},"end":{"line":38,"column":2}},"10":{"start":{"line":15,"column":4},"end":{"line":37,"column":5}},"11":{"start":{"line":16,"column":20},"end":{"line":16,"column":66}},"12":{"start":{"line":17,"column":22},"end":{"line":17,"column":75}},"13":{"start":{"line":19,"column":24},"end":{"line":19,"column":61}},"14":{"start":{"line":21,"column":27},"end":{"line":21,"column":29}},"15":{"start":{"line":23,"column":8},"end":{"line":26,"column":9}},"16":{"start":{"line":24,"column":49},"end":{"line":24,"column":71}},"17":{"start":{"line":25,"column":12},"end":{"line":25,"column":63}},"18":{"start":{"line":28,"column":21},"end":{"line":28,"column":64}},"19":{"start":{"line":29,"column":23},"end":{"line":29,"column":84}},"20":{"start":{"line":31,"column":8},"end":{"line":33,"column":11}},"21":{"start":{"line":35,"column":8},"end":{"line":35,"column":null}},"22":{"start":{"line":36,"column":8},"end":{"line":36,"column":47}},"23":{"start":{"line":40,"column":0},"end":{"line":71,"column":3}},"24":{"start":{"line":40,"column":61},"end":{"line":71,"column":2}},"25":{"start":{"line":41,"column":4},"end":{"line":70,"column":5}},"26":{"start":{"line":42,"column":23},"end":{"line":42,"column":33}},"27":{"start":{"line":43,"column":26},"end":{"line":43,"column":42}},"28":{"start":{"line":45,"column":8},"end":{"line":47,"column":9}},"29":{"start":{"line":46,"column":12},"end":{"line":46,"column":72}},"30":{"start":{"line":49,"column":21},"end":{"line":52,"column":10}},"31":{"start":{"line":54,"column":8},"end":{"line":56,"column":9}},"32":{"start":{"line":55,"column":12},"end":{"line":55,"column":69}},"33":{"start":{"line":58,"column":30},"end":{"line":58,"column":51}},"34":{"start":{"line":59,"column":28},"end":{"line":59,"column":94}},"35":{"start":{"line":59,"column":69},"end":{"line":59,"column":90}},"36":{"start":{"line":60,"column":30},"end":{"line":60,"column":81}},"37":{"start":{"line":62,"column":8},"end":{"line":66,"column":11}},"38":{"start":{"line":68,"column":8},"end":{"line":68,"column":29}},"39":{"start":{"line":69,"column":8},"end":{"line":69,"column":65}},"40":{"start":{"line":73,"column":0},"end":{"line":90,"column":3}},"41":{"start":{"line":73,"column":74},"end":{"line":90,"column":2}},"42":{"start":{"line":74,"column":4},"end":{"line":89,"column":5}},"43":{"start":{"line":75,"column":23},"end":{"line":75,"column":33}},"44":{"start":{"line":76,"column":26},"end":{"line":76,"column":42}},"45":{"start":{"line":77,"column":8},"end":{"line":79,"column":9}},"46":{"start":{"line":78,"column":12},"end":{"line":78,"column":72}},"47":{"start":{"line":81,"column":23},"end":{"line":81,"column":140}},"48":{"start":{"line":83,"column":8},"end":{"line":85,"column":11}},"49":{"start":{"line":87,"column":8},"end":{"line":87,"column":27}},"50":{"start":{"line":88,"column":8},"end":{"line":88,"column":47}},"51":{"start":{"line":92,"column":0},"end":{"line":116,"column":3}},"52":{"start":{"line":92,"column":60},"end":{"line":116,"column":2}},"53":{"start":{"line":93,"column":4},"end":{"line":115,"column":5}},"54":{"start":{"line":94,"column":21},"end":{"line":94,"column":29}},"55":{"start":{"line":96,"column":22},"end":{"line":96,"column":81}},"56":{"start":{"line":98,"column":8},"end":{"line":101,"column":9}},"57":{"start":{"line":99,"column":12},"end":{"line":99,"column":null}},"58":{"start":{"line":100,"column":12},"end":{"line":100,"column":18}},"59":{"start":{"line":106,"column":24},"end":{"line":106,"column":58}},"60":{"start":{"line":108,"column":8},"end":{"line":111,"column":11}},"61":{"start":{"line":113,"column":8},"end":{"line":113,"column":29}},"62":{"start":{"line":114,"column":8},"end":{"line":114,"column":83}},"63":{"start":{"line":118,"column":0},"end":{"line":130,"column":3}},"64":{"start":{"line":118,"column":63},"end":{"line":130,"column":2}},"65":{"start":{"line":119,"column":4},"end":{"line":129,"column":5}},"66":{"start":{"line":120,"column":22},"end":{"line":120,"column":73}},"67":{"start":{"line":122,"column":23},"end":{"line":122,"column":62}},"68":{"start":{"line":124,"column":8},"end":{"line":126,"column":11}},"69":{"start":{"line":128,"column":8},"end":{"line":128,"column":47}},"70":{"start":{"line":133,"column":0},"end":{"line":153,"column":3}},"71":{"start":{"line":133,"column":61},"end":{"line":153,"column":2}},"72":{"start":{"line":134,"column":4},"end":{"line":152,"column":5}},"73":{"start":{"line":135,"column":23},"end":{"line":135,"column":33}},"74":{"start":{"line":136,"column":21},"end":{"line":136,"column":29}},"75":{"start":{"line":138,"column":26},"end":{"line":138,"column":42}},"76":{"start":{"line":139,"column":8},"end":{"line":141,"column":9}},"77":{"start":{"line":140,"column":12},"end":{"line":140,"column":72}},"78":{"start":{"line":143,"column":23},"end":{"line":143,"column":83}},"79":{"start":{"line":146,"column":8},"end":{"line":148,"column":11}},"80":{"start":{"line":150,"column":8},"end":{"line":150,"column":null}},"81":{"start":{"line":151,"column":8},"end":{"line":151,"column":47}}},"fnMap":{"0":{"name":"(anonymous_7)","decl":{"start":{"line":14,"column":19},"end":{"line":14,"column":26}},"loc":{"start":{"line":14,"column":63},"end":{"line":38,"column":2}}},"1":{"name":"(anonymous_8)","decl":{"start":{"line":14,"column":63},"end":{"line":14,"column":null}},"loc":{"start":{"line":14,"column":63},"end":{"line":38,"column":1}}},"2":{"name":"(anonymous_9)","decl":{"start":{"line":40,"column":23},"end":{"line":40,"column":30}},"loc":{"start":{"line":40,"column":61},"end":{"line":71,"column":2}}},"3":{"name":"(anonymous_10)","decl":{"start":{"line":40,"column":61},"end":{"line":40,"column":null}},"loc":{"start":{"line":40,"column":61},"end":{"line":71,"column":1}}},"4":{"name":"(anonymous_11)","decl":{"start":{"line":59,"column":50},"end":{"line":59,"column":51}},"loc":{"start":{"line":59,"column":69},"end":{"line":59,"column":90}}},"5":{"name":"(anonymous_12)","decl":{"start":{"line":73,"column":36},"end":{"line":73,"column":43}},"loc":{"start":{"line":73,"column":74},"end":{"line":90,"column":2}}},"6":{"name":"(anonymous_13)","decl":{"start":{"line":73,"column":74},"end":{"line":73,"column":null}},"loc":{"start":{"line":73,"column":74},"end":{"line":90,"column":1}}},"7":{"name":"(anonymous_14)","decl":{"start":{"line":92,"column":21},"end":{"line":92,"column":28}},"loc":{"start":{"line":92,"column":60},"end":{"line":116,"column":2}}},"8":{"name":"(anonymous_15)","decl":{"start":{"line":92,"column":60},"end":{"line":92,"column":null}},"loc":{"start":{"line":92,"column":60},"end":{"line":116,"column":1}}},"9":{"name":"(anonymous_16)","decl":{"start":{"line":118,"column":25},"end":{"line":118,"column":32}},"loc":{"start":{"line":118,"column":63},"end":{"line":130,"column":2}}},"10":{"name":"(anonymous_17)","decl":{"start":{"line":118,"column":63},"end":{"line":118,"column":null}},"loc":{"start":{"line":118,"column":63},"end":{"line":130,"column":1}}},"11":{"name":"(anonymous_18)","decl":{"start":{"line":133,"column":23},"end":{"line":133,"column":30}},"loc":{"start":{"line":133,"column":61},"end":{"line":153,"column":2}}},"12":{"name":"(anonymous_19)","decl":{"start":{"line":133,"column":61},"end":{"line":133,"column":null}},"loc":{"start":{"line":133,"column":61},"end":{"line":153,"column":1}}}},"branchMap":{"0":{"loc":{"start":{"line":19,"column":24},"end":{"line":19,"column":61}},"type":"cond-expr","locations":[{"start":{"line":19,"column":38},"end":{"line":19,"column":49}},{"start":{"line":19,"column":52},"end":{"line":19,"column":61}}]},"1":{"loc":{"start":{"line":23,"column":8},"end":{"line":26,"column":9}},"type":"if","locations":[{"start":{"line":23,"column":8},"end":{"line":26,"column":9}}]},"2":{"loc":{"start":{"line":28,"column":21},"end":{"line":28,"column":64}},"type":"cond-expr","locations":[{"start":{"line":28,"column":31},"end":{"line":28,"column":52}},{"start":{"line":28,"column":55},"end":{"line":28,"column":64}}]},"3":{"loc":{"start":{"line":45,"column":8},"end":{"line":47,"column":9}},"type":"if","locations":[{"start":{"line":45,"column":8},"end":{"line":47,"column":9}}]},"4":{"loc":{"start":{"line":54,"column":8},"end":{"line":56,"column":9}},"type":"if","locations":[{"start":{"line":54,"column":8},"end":{"line":56,"column":9}}]},"5":{"loc":{"start":{"line":60,"column":30},"end":{"line":60,"column":81}},"type":"cond-expr","locations":[{"start":{"line":60,"column":50},"end":{"line":60,"column":77}},{"start":{"line":60,"column":80},"end":{"line":60,"column":81}}]},"6":{"loc":{"start":{"line":77,"column":8},"end":{"line":79,"column":9}},"type":"if","locations":[{"start":{"line":77,"column":8},"end":{"line":79,"column":9}}]},"7":{"loc":{"start":{"line":98,"column":8},"end":{"line":101,"column":9}},"type":"if","locations":[{"start":{"line":98,"column":8},"end":{"line":101,"column":9}}]},"8":{"loc":{"start":{"line":139,"column":8},"end":{"line":141,"column":9}},"type":"if","locations":[{"start":{"line":139,"column":8},"end":{"line":141,"column":9}}]}},"s":{"0":6,"1":6,"2":6,"3":6,"4":6,"5":6,"6":6,"7":6,"8":6,"9":2,"10":2,"11":2,"12":2,"13":2,"14":2,"15":2,"16":1,"17":1,"18":2,"19":2,"20":2,"21":0,"22":0,"23":6,"24":3,"25":3,"26":3,"27":3,"28":3,"29":1,"30":2,"31":2,"32":1,"33":1,"34":1,"35":0,"36":1,"37":1,"38":0,"39":0,"40":6,"41":2,"42":2,"43":2,"44":2,"45":2,"46":1,"47":1,"48":1,"49":0,"50":0,"51":6,"52":3,"53":3,"54":3,"55":3,"56":2,"57":1,"58":1,"59":1,"60":1,"61":1,"62":1,"63":6,"64":2,"65":2,"66":2,"67":2,"68":1,"69":1,"70":6,"71":3,"72":3,"73":3,"74":3,"75":3,"76":3,"77":1,"78":2,"79":1,"80":1,"81":1},"f":{"0":2,"1":2,"2":3,"3":3,"4":0,"5":2,"6":2,"7":3,"8":3,"9":2,"10":2,"11":3,"12":3},"b":{"0":[0,2],"1":[1],"2":[0,2],"3":[1],"4":[1],"5":[0,1],"6":[1],"7":[1],"8":[1]}}
,"C:\\Users\\Kacper\\Desktop\\Pracownia_webowych\\ProjektWebowe\\backend\\functions\\convertToInt.ts": {"path":"C:\\Users\\Kacper\\Desktop\\Pracownia_webowych\\ProjektWebowe\\backend\\functions\\convertToInt.ts","statementMap":{"0":{"start":{"line":6,"column":62},"end":{"line":6,"column":64}},"1":{"start":{"line":8,"column":4},"end":{"line":20,"column":5}},"2":{"start":{"line":9,"column":8},"end":{"line":19,"column":9}},"3":{"start":{"line":10,"column":26},"end":{"line":10,"column":34}},"4":{"start":{"line":11,"column":12},"end":{"line":18,"column":13}},"5":{"start":{"line":12,"column":33},"end":{"line":12,"column":52}},"6":{"start":{"line":13,"column":16},"end":{"line":17,"column":17}},"7":{"start":{"line":14,"column":20},"end":{"line":14,"column":49}},"8":{"start":{"line":16,"column":20},"end":{"line":16,"column":46}},"9":{"start":{"line":22,"column":4},"end":{"line":22,"column":24}},"10":{"start":{"line":5,"column":0},"end":{"line":5,"column":16}}},"fnMap":{"0":{"name":"convertToInt","decl":{"start":{"line":5,"column":16},"end":{"line":5,"column":28}},"loc":{"start":{"line":5,"column":45},"end":{"line":23,"column":1}}}},"branchMap":{"0":{"loc":{"start":{"line":9,"column":8},"end":{"line":19,"column":9}},"type":"if","locations":[{"start":{"line":9,"column":8},"end":{"line":19,"column":9}}]},"1":{"loc":{"start":{"line":11,"column":12},"end":{"line":18,"column":13}},"type":"if","locations":[{"start":{"line":11,"column":12},"end":{"line":18,"column":13}}]},"2":{"loc":{"start":{"line":13,"column":16},"end":{"line":17,"column":17}},"type":"if","locations":[{"start":{"line":13,"column":16},"end":{"line":17,"column":17}},{"start":{"line":15,"column":23},"end":{"line":17,"column":17}}]}},"s":{"0":8,"1":8,"2":9,"3":9,"4":9,"5":9,"6":9,"7":5,"8":4,"9":8,"10":6},"f":{"0":8},"b":{"0":[9],"1":[9],"2":[5,4]}}
,"C:\\Users\\Kacper\\Desktop\\Pracownia_webowych\\ProjektWebowe\\backend\\functions\\server.ts": {"path":"C:\\Users\\Kacper\\Desktop\\Pracownia_webowych\\ProjektWebowe\\backend\\functions\\server.ts","statementMap":{"0":{"start":{"line":1,"column":0},"end":{"line":1,"column":24}},"1":{"start":{"line":2,"column":0},"end":{"line":2,"column":30}},"2":{"start":{"line":3,"column":0},"end":{"line":3,"column":63}},"3":{"start":{"line":4,"column":0},"end":{"line":4,"column":49}},"4":{"start":{"line":5,"column":0},"end":{"line":5,"column":47}},"5":{"start":{"line":6,"column":0},"end":{"line":6,"column":51}},"6":{"start":{"line":7,"column":0},"end":{"line":7,"column":55}},"7":{"start":{"line":8,"column":0},"end":{"line":8,"column":63}},"8":{"start":{"line":9,"column":0},"end":{"line":9,"column":70}},"9":{"start":{"line":12,"column":16},"end":{"line":12,"column":25}},"10":{"start":{"line":14,"column":4},"end":{"line":20,"column":7}},"11":{"start":{"line":15,"column":8},"end":{"line":15,"column":58}},"12":{"start":{"line":16,"column":8},"end":{"line":16,"column":89}},"13":{"start":{"line":17,"column":8},"end":{"line":17,"column":null}},"14":{"start":{"line":18,"column":8},"end":{"line":18,"column":66}},"15":{"start":{"line":19,"column":8},"end":{"line":19,"column":15}},"16":{"start":{"line":23,"column":4},"end":{"line":23,"column":null}},"17":{"start":{"line":25,"column":4},"end":{"line":25,"column":28}},"18":{"start":{"line":27,"column":4},"end":{"line":31,"column":6}},"19":{"start":{"line":32,"column":4},"end":{"line":32,"column":30}},"20":{"start":{"line":33,"column":4},"end":{"line":33,"column":40}},"21":{"start":{"line":34,"column":4},"end":{"line":34,"column":38}},"22":{"start":{"line":35,"column":4},"end":{"line":35,"column":42}},"23":{"start":{"line":36,"column":4},"end":{"line":36,"column":46}},"24":{"start":{"line":37,"column":4},"end":{"line":37,"column":50}},"25":{"start":{"line":38,"column":4},"end":{"line":38,"column":59}},"26":{"start":{"line":40,"column":4},"end":{"line":40,"column":null}},"27":{"start":{"line":42,"column":0},"end":{"line":42,"column":null}}},"fnMap":{"0":{"name":"createServer","decl":{"start":{"line":11,"column":9},"end":{"line":11,"column":21}},"loc":{"start":{"line":11,"column":21},"end":{"line":41,"column":1}}},"1":{"name":"(anonymous_2)","decl":{"start":{"line":14,"column":12},"end":{"line":14,"column":22}},"loc":{"start":{"line":14,"column":36},"end":{"line":20,"column":5}}}},"branchMap":{},"s":{"0":6,"1":6,"2":6,"3":6,"4":6,"5":6,"6":6,"7":6,"8":6,"9":6,"10":6,"11":58,"12":58,"13":58,"14":58,"15":58,"16":6,"17":6,"18":6,"19":6,"20":6,"21":6,"22":6,"23":6,"24":6,"25":6,"26":6,"27":6},"f":{"0":6,"1":58},"b":{}}
,"C:\\Users\\Kacper\\Desktop\\Pracownia_webowych\\ProjektWebowe\\backend\\functions\\unsetKeys.ts": {"path":"C:\\Users\\Kacper\\Desktop\\Pracownia_webowych\\ProjektWebowe\\backend\\functions\\unsetKeys.ts","statementMap":{"0":{"start":{"line":2,"column":16},"end":{"line":2,"column":29}},"1":{"start":{"line":3,"column":4},"end":{"line":5,"column":7}},"2":{"start":{"line":4,"column":8},"end":{"line":4,"column":27}},"3":{"start":{"line":6,"column":4},"end":{"line":6,"column":18}},"4":{"start":{"line":1,"column":0},"end":{"line":1,"column":16}}},"fnMap":{"0":{"name":"unsetKeys","decl":{"start":{"line":1,"column":16},"end":{"line":1,"column":25}},"loc":{"start":{"line":1,"column":50},"end":{"line":7,"column":1}}},"1":{"name":"(anonymous_1)","decl":{"start":{"line":3,"column":17},"end":{"line":3,"column":20}},"loc":{"start":{"line":3,"column":23},"end":{"line":5,"column":5}}}},"branchMap":{},"s":{"0":11,"1":11,"2":25,"3":11,"4":6},"f":{"0":11,"1":25},"b":{}}
,"C:\\Users\\Kacper\\Desktop\\Pracownia_webowych\\ProjektWebowe\\backend\\middlewares\\autoConvertTypes\\index.ts": {"path":"C:\\Users\\Kacper\\Desktop\\Pracownia_webowych\\ProjektWebowe\\backend\\middlewares\\autoConvertTypes\\index.ts","statementMap":{"0":{"start":{"line":5,"column":24},"end":{"line":5,"column":33}},"1":{"start":{"line":6,"column":4},"end":{"line":6,"column":28}},"2":{"start":{"line":8,"column":4},"end":{"line":19,"column":5}},"3":{"start":{"line":9,"column":22},"end":{"line":9,"column":38}},"4":{"start":{"line":10,"column":8},"end":{"line":18,"column":9}},"5":{"start":{"line":11,"column":12},"end":{"line":11,"column":43}},"6":{"start":{"line":12,"column":15},"end":{"line":18,"column":9}},"7":{"start":{"line":13,"column":12},"end":{"line":13,"column":44}},"8":{"start":{"line":14,"column":15},"end":{"line":18,"column":9}},"9":{"start":{"line":15,"column":12},"end":{"line":15,"column":68}},"10":{"start":{"line":17,"column":12},"end":{"line":17,"column":56}},"11":{"start":{"line":21,"column":4},"end":{"line":21,"column":11}},"12":{"start":{"line":24,"column":0},"end":{"line":24,"column":32}}},"fnMap":{"0":{"name":"autoConvertTypes","decl":{"start":{"line":4,"column":9},"end":{"line":4,"column":25}},"loc":{"start":{"line":4,"column":79},"end":{"line":22,"column":1}}}},"branchMap":{"0":{"loc":{"start":{"line":10,"column":8},"end":{"line":18,"column":9}},"type":"if","locations":[{"start":{"line":10,"column":8},"end":{"line":18,"column":9}},{"start":{"line":12,"column":15},"end":{"line":18,"column":9}}]},"1":{"loc":{"start":{"line":12,"column":15},"end":{"line":18,"column":9}},"type":"if","locations":[{"start":{"line":12,"column":15},"end":{"line":18,"column":9}},{"start":{"line":14,"column":15},"end":{"line":18,"column":9}}]},"2":{"loc":{"start":{"line":14,"column":15},"end":{"line":18,"column":9}},"type":"if","locations":[{"start":{"line":14,"column":15},"end":{"line":18,"column":9}},{"start":{"line":16,"column":15},"end":{"line":18,"column":9}}]},"3":{"loc":{"start":{"line":17,"column":38},"end":{"line":17,"column":55}},"type":"cond-expr","locations":[{"start":{"line":17,"column":43},"end":{"line":17,"column":45}},{"start":{"line":17,"column":38},"end":{"line":17,"column":55}}]},"4":{"loc":{"start":{"line":17,"column":38},"end":{"line":17,"column":45}},"type":"binary-expr","locations":[{"start":{"line":17,"column":38},"end":{"line":17,"column":45}},{"start":{"line":17,"column":38},"end":{"line":17,"column":45}}]}},"s":{"0":58,"1":58,"2":58,"3":21,"4":21,"5":0,"6":21,"7":0,"8":21,"9":10,"10":11,"11":58,"12":6},"f":{"0":58},"b":{"0":[0,21],"1":[0,21],"2":[10,11],"3":[0,11],"4":[11,11]}}
}
