TN:
SF:__tests__\samples.ts
FNF:0
FNH:0
DA:1,4
DA:8,4
DA:15,4
DA:22,4
DA:29,4
DA:35,4
DA:41,4
DA:47,4
DA:55,4
DA:63,4
DA:70,4
DA:76,4
DA:83,4
DA:87,4
LF:14
LH:14
BRF:0
BRH:0
end_of_record
TN:
SF:app_routes\Location\index.ts
FN:11,(anonymous_7)
FN:11,(anonymous_8)
FN:51,(anonymous_9)
FN:51,(anonymous_10)
FN:71,(anonymous_11)
FN:71,(anonymous_12)
FN:87,(anonymous_13)
FN:87,(anonymous_14)
FN:102,(anonymous_15)
FN:102,(anonymous_16)
FNF:10
FNH:10
FNDA:2,(anonymous_7)
FNDA:2,(anonymous_8)
FNDA:2,(anonymous_9)
FNDA:2,(anonymous_10)
FNDA:2,(anonymous_11)
FNDA:2,(anonymous_12)
FNDA:2,(anonymous_13)
FNDA:2,(anonymous_14)
FNDA:3,(anonymous_15)
FNDA:3,(anonymous_16)
DA:1,4
DA:2,4
DA:3,4
DA:4,4
DA:7,4
DA:9,4
DA:11,4
DA:12,2
DA:13,2
DA:14,2
DA:15,2
DA:16,2
DA:19,2
DA:21,2
DA:22,0
DA:25,2
DA:26,1
DA:27,1
DA:30,2
DA:32,2
DA:33,0
DA:34,0
DA:35,0
DA:40,2
DA:42,2
DA:46,0
DA:47,0
DA:51,4
DA:52,2
DA:53,2
DA:55,2
DA:56,2
DA:57,1
DA:60,1
DA:62,1
DA:66,0
DA:67,0
DA:71,4
DA:72,2
DA:73,2
DA:75,2
DA:77,1
DA:82,1
DA:83,1
DA:87,4
DA:88,2
DA:89,2
DA:91,2
DA:93,1
DA:97,1
DA:102,4
DA:103,3
DA:104,3
DA:105,3
DA:107,3
DA:108,3
DA:109,1
DA:112,2
DA:115,1
DA:119,1
DA:123,4
LF:61
LH:53
BRDA:15,0,0,0
BRDA:15,0,1,2
BRDA:16,1,0,0
BRDA:16,1,1,2
BRDA:21,2,0,0
BRDA:25,3,0,1
BRDA:30,4,0,0
BRDA:30,4,1,2
BRDA:32,5,0,0
BRDA:56,6,0,1
BRDA:108,7,0,1
BRF:11
BRH:6
end_of_record
TN:
SF:app_routes\LocationsOnUsers\index.ts
FN:12,(anonymous_7)
FN:12,(anonymous_8)
FN:43,(anonymous_9)
FN:43,(anonymous_10)
FN:60,(anonymous_11)
FN:81,(anonymous_12)
FN:81,(anonymous_13)
FN:96,(anonymous_14)
FN:96,(anonymous_15)
FN:133,(anonymous_16)
FNF:10
FNH:0
FNDA:0,(anonymous_7)
FNDA:0,(anonymous_8)
FNDA:0,(anonymous_9)
FNDA:0,(anonymous_10)
FNDA:0,(anonymous_11)
FNDA:0,(anonymous_12)
FNDA:0,(anonymous_13)
FNDA:0,(anonymous_14)
FNDA:0,(anonymous_15)
FNDA:0,(anonymous_16)
DA:1,4
DA:2,4
DA:3,4
DA:4,4
DA:7,4
DA:9,4
DA:12,4
DA:13,0
DA:14,0
DA:15,0
DA:16,0
DA:18,0
DA:20,0
DA:21,0
DA:24,0
DA:25,0
DA:26,0
DA:29,0
DA:31,0
DA:33,0
DA:37,0
DA:38,0
DA:43,4
DA:44,0
DA:45,0
DA:47,0
DA:49,0
DA:51,0
DA:60,0
DA:62,0
DA:71,0
DA:76,0
DA:77,0
DA:81,4
DA:82,0
DA:83,0
DA:85,0
DA:87,0
DA:91,0
DA:96,4
DA:97,0
DA:98,0
DA:100,0
DA:101,0
DA:104,0
DA:123,0
DA:133,0
DA:135,0
DA:144,0
DA:146,0
DA:147,0
DA:151,4
LF:52
LH:11
BRDA:16,0,0,0
BRDA:16,0,1,0
BRDA:20,1,0,0
BRDA:24,2,0,0
BRDA:29,3,0,0
BRDA:29,3,1,0
BRDA:100,4,0,0
BRDA:100,5,0,0
BRDA:100,5,1,0
BRDA:100,5,2,0
BRF:10
BRH:0
end_of_record
TN:
SF:app_routes\Login\index.ts
FN:10,(anonymous_7)
FN:10,(anonymous_8)
FNF:2
FNH:0
FNDA:0,(anonymous_7)
FNDA:0,(anonymous_8)
DA:2,4
DA:3,4
DA:5,4
DA:6,4
DA:7,4
DA:8,4
DA:10,4
DA:11,0
DA:13,0
DA:14,0
DA:15,0
DA:16,0
DA:19,0
DA:20,0
DA:21,0
DA:24,0
DA:25,0
DA:27,0
DA:28,0
DA:32,4
LF:20
LH:8
BRDA:15,0,0,0
BRDA:20,1,0,0
BRF:2
BRH:0
end_of_record
TN:
SF:app_routes\Target\index.ts
FN:17,(anonymous_7)
FN:17,(anonymous_8)
FN:43,(anonymous_9)
FN:49,(anonymous_10)
FN:51,(anonymous_11)
FN:63,(anonymous_12)
FN:63,(anonymous_13)
FN:87,(anonymous_14)
FN:87,(anonymous_15)
FN:102,(anonymous_16)
FN:102,(anonymous_17)
FN:118,(anonymous_18)
FN:118,(anonymous_19)
FNF:13
FNH:11
FNDA:3,(anonymous_7)
FNDA:3,(anonymous_8)
FNDA:11,(anonymous_9)
FNDA:0,(anonymous_10)
FNDA:0,(anonymous_11)
FNDA:2,(anonymous_12)
FNDA:2,(anonymous_13)
FNDA:2,(anonymous_14)
FNDA:2,(anonymous_15)
FNDA:2,(anonymous_16)
FNDA:2,(anonymous_17)
FNDA:3,(anonymous_18)
FNDA:3,(anonymous_19)
DA:1,4
DA:2,4
DA:3,4
DA:4,4
DA:8,4
DA:10,4
DA:17,4
DA:18,3
DA:19,3
DA:20,3
DA:22,3
DA:23,1
DA:26,3
DA:27,3
DA:29,3
DA:30,1
DA:31,1
DA:34,3
DA:36,3
DA:43,11
DA:48,3
DA:49,0
DA:50,3
DA:51,0
DA:54,3
DA:57,0
DA:58,0
DA:63,4
DA:64,2
DA:65,2
DA:67,2
DA:68,2
DA:69,1
DA:72,1
DA:73,1
DA:74,1
DA:75,1
DA:78,1
DA:82,0
DA:83,0
DA:87,4
DA:88,2
DA:89,2
DA:90,2
DA:92,1
DA:97,1
DA:98,1
DA:102,4
DA:103,2
DA:104,2
DA:106,2
DA:108,1
DA:112,1
DA:113,1
DA:118,4
DA:119,3
DA:120,3
DA:121,3
DA:123,3
DA:124,3
DA:125,1
DA:128,2
DA:131,1
DA:135,1
DA:139,4
LF:65
LH:59
BRDA:22,0,0,1
BRDA:26,1,0,0
BRDA:26,1,1,3
BRDA:29,2,0,1
BRDA:29,3,0,3
BRDA:29,3,1,1
BRDA:29,3,2,1
BRDA:34,4,0,0
BRDA:34,4,1,3
BRDA:48,5,0,0
BRDA:48,5,1,3
BRDA:48,6,0,3
BRDA:48,6,1,1
BRDA:50,7,0,0
BRDA:50,8,0,3
BRDA:50,8,1,1
BRDA:68,9,0,1
BRDA:74,10,0,1
BRDA:124,11,0,1
BRF:19
BRH:15
end_of_record
TN:
SF:app_routes\TargetsOnUsers\index.ts
FN:11,(anonymous_7)
FN:11,(anonymous_8)
FN:28,(anonymous_9)
FN:28,(anonymous_10)
FNF:4
FNH:4
FNDA:3,(anonymous_7)
FNDA:3,(anonymous_8)
FNDA:3,(anonymous_9)
FNDA:3,(anonymous_10)
DA:1,4
DA:2,4
DA:6,4
DA:8,4
DA:11,4
DA:12,3
DA:14,3
DA:15,2
DA:18,1
DA:19,1
DA:20,1
DA:22,0
DA:23,0
DA:28,4
DA:29,3
DA:30,3
DA:32,3
DA:33,2
DA:35,1
DA:36,1
DA:44,1
DA:46,0
DA:50,4
LF:23
LH:20
BRDA:14,0,0,2
BRDA:14,1,0,3
BRDA:14,1,1,2
BRDA:29,2,0,1
BRDA:29,2,1,2
BRDA:30,3,0,1
BRDA:30,3,1,2
BRDA:32,4,0,2
BRDA:32,5,0,3
BRDA:32,5,1,1
BRF:10
BRH:10
end_of_record
TN:
SF:app_routes\User\index.ts
FN:14,(anonymous_7)
FN:14,(anonymous_8)
FN:40,(anonymous_9)
FN:40,(anonymous_10)
FN:59,(anonymous_11)
FN:73,(anonymous_12)
FN:73,(anonymous_13)
FN:92,(anonymous_14)
FN:92,(anonymous_15)
FN:118,(anonymous_16)
FN:118,(anonymous_17)
FN:133,(anonymous_18)
FN:133,(anonymous_19)
FNF:13
FNH:10
FNDA:2,(anonymous_7)
FNDA:2,(anonymous_8)
FNDA:3,(anonymous_9)
FNDA:3,(anonymous_10)
FNDA:0,(anonymous_11)
FNDA:0,(anonymous_12)
FNDA:0,(anonymous_13)
FNDA:3,(anonymous_14)
FNDA:3,(anonymous_15)
FNDA:2,(anonymous_16)
FNDA:2,(anonymous_17)
FNDA:3,(anonymous_18)
FNDA:3,(anonymous_19)
DA:1,4
DA:2,4
DA:3,4
DA:4,4
DA:8,4
DA:9,4
DA:11,4
DA:14,4
DA:15,2
DA:16,2
DA:17,2
DA:19,2
DA:21,2
DA:23,2
DA:24,1
DA:25,1
DA:28,2
DA:29,2
DA:31,2
DA:35,0
DA:36,0
DA:40,4
DA:41,3
DA:42,3
DA:43,3
DA:45,3
DA:46,1
DA:49,2
DA:54,2
DA:55,1
DA:58,1
DA:59,1
DA:60,1
DA:62,1
DA:68,0
DA:69,0
DA:73,4
DA:74,0
DA:75,0
DA:76,0
DA:77,0
DA:78,0
DA:81,0
DA:83,0
DA:87,0
DA:88,0
DA:92,4
DA:93,3
DA:94,3
DA:96,3
DA:98,2
DA:99,1
DA:100,1
DA:106,1
DA:108,1
DA:113,1
DA:114,1
DA:118,4
DA:119,2
DA:120,2
DA:122,2
DA:124,1
DA:128,1
DA:133,4
DA:134,3
DA:135,3
DA:136,3
DA:138,3
DA:139,3
DA:140,1
DA:143,2
DA:146,1
DA:150,1
DA:151,1
DA:155,4
LF:75
LH:62
BRDA:19,0,0,0
BRDA:19,0,1,2
BRDA:23,1,0,1
BRDA:28,2,0,0
BRDA:28,2,1,2
BRDA:45,3,0,1
BRDA:54,4,0,1
BRDA:60,5,0,0
BRDA:60,5,1,1
BRDA:77,6,0,0
BRDA:98,7,0,1
BRDA:139,8,0,1
BRF:12
BRH:8
end_of_record
TN:
SF:functions\convertToInt.ts
FN:5,convertToInt
FNF:1
FNH:1
FNDA:6,convertToInt
DA:5,4
DA:6,6
DA:8,6
DA:9,6
DA:10,6
DA:11,6
DA:12,6
DA:13,6
DA:14,3
DA:16,3
DA:22,6
LF:11
LH:11
BRDA:9,0,0,6
BRDA:11,1,0,6
BRDA:13,2,0,3
BRDA:13,2,1,3
BRF:4
BRH:4
end_of_record
TN:
SF:functions\server.ts
FN:11,createServer
FN:14,(anonymous_2)
FNF:2
FNH:2
FNDA:4,createServer
FNDA:42,(anonymous_2)
DA:1,4
DA:2,4
DA:3,4
DA:4,4
DA:5,4
DA:6,4
DA:7,4
DA:8,4
DA:9,4
DA:12,4
DA:14,4
DA:15,42
DA:16,42
DA:17,42
DA:18,42
DA:19,42
DA:23,4
DA:25,4
DA:27,4
DA:32,4
DA:33,4
DA:34,4
DA:35,4
DA:36,4
DA:37,4
DA:38,4
DA:40,4
DA:42,4
LF:28
LH:28
BRF:0
BRH:0
end_of_record
TN:
SF:functions\unsetKeys.ts
FN:1,unsetKeys
FN:3,(anonymous_1)
FNF:2
FNH:2
FNDA:7,unsetKeys
FNDA:16,(anonymous_1)
DA:1,4
DA:2,7
DA:3,7
DA:4,16
DA:6,7
LF:5
LH:5
BRF:0
BRH:0
end_of_record
TN:
SF:middlewares\autoConvertTypes\index.ts
FN:4,autoConvertTypes
FNF:1
FNH:1
FNDA:42,autoConvertTypes
DA:5,42
DA:6,42
DA:8,42
DA:9,13
DA:10,13
DA:11,0
DA:12,13
DA:13,0
DA:14,13
DA:15,5
DA:17,8
DA:21,42
DA:24,4
LF:13
LH:11
BRDA:10,0,0,0
BRDA:10,0,1,13
BRDA:12,1,0,0
BRDA:12,1,1,13
BRDA:14,2,0,5
BRDA:14,2,1,8
BRDA:17,3,0,0
BRDA:17,3,1,8
BRDA:17,4,0,8
BRDA:17,4,1,8
BRF:10
BRH:7
end_of_record
