TN:
SF:__tests__\samples.ts
FNF:0
FNH:0
DA:1,6
DA:8,6
DA:15,6
DA:22,6
DA:29,6
DA:35,6
DA:41,6
DA:47,6
DA:55,6
DA:63,6
DA:70,6
DA:76,6
DA:83,6
DA:87,6
DA:91,6
DA:97,6
DA:104,6
DA:111,6
DA:120,6
DA:125,6
DA:130,6
LF:21
LH:21
BRF:0
BRH:0
end_of_record
TN:
SF:app_routes\Location\index.ts
FN:12,(anonymous_8)
FN:12,(anonymous_9)
FN:52,(anonymous_10)
FN:52,(anonymous_11)
FN:72,(anonymous_12)
FN:72,(anonymous_13)
FN:90,(anonymous_14)
FN:90,(anonymous_15)
FN:105,(anonymous_16)
FN:105,(anonymous_17)
FNF:10
FNH:10
FNDA:3,(anonymous_8)
FNDA:3,(anonymous_9)
FNDA:2,(anonymous_10)
FNDA:2,(anonymous_11)
FNDA:2,(anonymous_12)
FNDA:2,(anonymous_13)
FNDA:2,(anonymous_14)
FNDA:2,(anonymous_15)
FNDA:3,(anonymous_16)
FNDA:3,(anonymous_17)
DA:1,6
DA:2,6
DA:3,6
DA:4,6
DA:6,6
DA:8,6
DA:10,6
DA:12,6
DA:13,3
DA:14,3
DA:15,3
DA:16,3
DA:17,3
DA:20,3
DA:22,3
DA:23,0
DA:26,3
DA:27,2
DA:28,2
DA:31,3
DA:33,3
DA:34,1
DA:35,1
DA:36,1
DA:41,3
DA:43,3
DA:47,0
DA:48,0
DA:52,6
DA:53,2
DA:54,2
DA:56,2
DA:57,2
DA:58,1
DA:61,1
DA:63,1
DA:67,0
DA:68,0
DA:72,6
DA:73,2
DA:74,2
DA:76,2
DA:78,1
DA:80,1
DA:85,1
DA:86,1
DA:90,6
DA:91,2
DA:92,2
DA:94,2
DA:96,1
DA:100,1
DA:105,6
DA:106,3
DA:107,3
DA:108,3
DA:110,3
DA:111,3
DA:112,1
DA:115,2
DA:118,1
DA:122,1
DA:126,6
LF:63
LH:58
BRDA:16,0,0,0
BRDA:16,0,1,3
BRDA:17,1,0,1
BRDA:17,1,1,2
BRDA:22,2,0,0
BRDA:26,3,0,2
BRDA:31,4,0,0
BRDA:31,4,1,3
BRDA:33,5,0,1
BRDA:57,6,0,1
BRDA:111,7,0,1
BRF:11
BRH:8
end_of_record
TN:
SF:app_routes\LocationsOnUsers\index.ts
FN:12,(anonymous_7)
FN:12,(anonymous_8)
FN:43,(anonymous_9)
FN:43,(anonymous_10)
FN:60,(anonymous_11)
FN:81,(anonymous_12)
FN:81,(anonymous_13)
FN:96,(anonymous_14)
FN:96,(anonymous_15)
FN:133,(anonymous_16)
FNF:10
FNH:10
FNDA:3,(anonymous_7)
FNDA:3,(anonymous_8)
FNDA:2,(anonymous_9)
FNDA:2,(anonymous_10)
FNDA:2,(anonymous_11)
FNDA:2,(anonymous_12)
FNDA:2,(anonymous_13)
FNDA:3,(anonymous_14)
FNDA:3,(anonymous_15)
FNDA:1,(anonymous_16)
DA:1,6
DA:2,6
DA:3,6
DA:4,6
DA:7,6
DA:9,6
DA:12,6
DA:13,3
DA:14,3
DA:15,3
DA:16,3
DA:18,3
DA:24,3
DA:25,1
DA:26,1
DA:29,3
DA:31,3
DA:33,3
DA:37,0
DA:38,0
DA:43,6
DA:44,2
DA:45,2
DA:47,2
DA:49,1
DA:51,1
DA:60,2
DA:62,1
DA:71,1
DA:76,1
DA:77,1
DA:81,6
DA:82,2
DA:83,2
DA:85,2
DA:87,1
DA:91,1
DA:96,6
DA:97,3
DA:98,3
DA:100,3
DA:101,1
DA:104,2
DA:123,1
DA:133,1
DA:135,1
DA:144,1
DA:146,1
DA:147,1
DA:151,6
LF:50
LH:48
BRDA:16,0,0,0
BRDA:16,0,1,3
BRDA:24,1,0,1
BRDA:29,2,0,0
BRDA:29,2,1,3
BRDA:100,3,0,1
BRDA:100,4,0,3
BRDA:100,4,1,3
BRDA:100,4,2,2
BRF:9
BRH:7
end_of_record
TN:
SF:app_routes\Login\index.ts
FN:9,(anonymous_7)
FN:9,(anonymous_8)
FNF:2
FNH:2
FNDA:3,(anonymous_7)
FNDA:3,(anonymous_8)
DA:2,6
DA:3,6
DA:5,6
DA:6,6
DA:7,6
DA:9,6
DA:10,3
DA:12,3
DA:13,3
DA:14,3
DA:15,1
DA:18,2
DA:19,2
DA:20,1
DA:23,1
DA:24,1
DA:26,0
DA:27,0
DA:31,6
LF:19
LH:17
BRDA:14,0,0,1
BRDA:19,1,0,1
BRF:2
BRH:2
end_of_record
TN:
SF:app_routes\Target\index.ts
FN:17,(anonymous_7)
FN:17,(anonymous_8)
FN:43,(anonymous_9)
FN:49,(anonymous_10)
FN:51,(anonymous_11)
FN:63,(anonymous_12)
FN:63,(anonymous_13)
FN:87,(anonymous_14)
FN:87,(anonymous_15)
FN:102,(anonymous_16)
FN:102,(anonymous_17)
FN:118,(anonymous_18)
FN:118,(anonymous_19)
FNF:13
FNH:11
FNDA:3,(anonymous_7)
FNDA:3,(anonymous_8)
FNDA:9,(anonymous_9)
FNDA:0,(anonymous_10)
FNDA:0,(anonymous_11)
FNDA:2,(anonymous_12)
FNDA:2,(anonymous_13)
FNDA:2,(anonymous_14)
FNDA:2,(anonymous_15)
FNDA:2,(anonymous_16)
FNDA:2,(anonymous_17)
FNDA:3,(anonymous_18)
FNDA:3,(anonymous_19)
DA:1,6
DA:2,6
DA:3,6
DA:4,6
DA:8,6
DA:10,6
DA:17,6
DA:18,3
DA:19,3
DA:20,3
DA:22,3
DA:23,1
DA:26,3
DA:27,3
DA:29,3
DA:30,1
DA:31,1
DA:34,3
DA:36,3
DA:43,9
DA:48,3
DA:49,0
DA:50,3
DA:51,0
DA:54,3
DA:57,0
DA:58,0
DA:63,6
DA:64,2
DA:65,2
DA:67,2
DA:68,2
DA:69,1
DA:72,1
DA:73,1
DA:74,1
DA:75,1
DA:78,1
DA:82,0
DA:83,0
DA:87,6
DA:88,2
DA:89,2
DA:90,2
DA:92,1
DA:97,1
DA:98,1
DA:102,6
DA:103,2
DA:104,2
DA:106,2
DA:108,1
DA:112,1
DA:113,1
DA:118,6
DA:119,3
DA:120,3
DA:121,3
DA:123,3
DA:124,3
DA:125,1
DA:128,2
DA:131,1
DA:135,1
DA:139,6
LF:65
LH:59
BRDA:22,0,0,1
BRDA:26,1,0,0
BRDA:26,1,1,3
BRDA:29,2,0,1
BRDA:29,3,0,3
BRDA:29,3,1,1
BRDA:29,3,2,1
BRDA:34,4,0,0
BRDA:34,4,1,3
BRDA:48,5,0,0
BRDA:48,5,1,3
BRDA:48,6,0,3
BRDA:48,6,1,1
BRDA:50,7,0,0
BRDA:50,8,0,3
BRDA:50,8,1,1
BRDA:68,9,0,1
BRDA:74,10,0,1
BRDA:124,11,0,1
BRF:19
BRH:15
end_of_record
TN:
SF:app_routes\TargetsOnUsers\index.ts
FN:11,(anonymous_7)
FN:11,(anonymous_8)
FN:28,(anonymous_9)
FN:28,(anonymous_10)
FNF:4
FNH:4
FNDA:3,(anonymous_7)
FNDA:3,(anonymous_8)
FNDA:3,(anonymous_9)
FNDA:3,(anonymous_10)
DA:1,6
DA:2,6
DA:6,6
DA:8,6
DA:11,6
DA:12,3
DA:14,3
DA:15,2
DA:18,1
DA:19,1
DA:20,1
DA:22,0
DA:23,0
DA:28,6
DA:29,3
DA:30,3
DA:32,3
DA:33,2
DA:35,1
DA:36,1
DA:44,1
DA:46,0
DA:50,6
LF:23
LH:20
BRDA:14,0,0,2
BRDA:14,1,0,3
BRDA:14,1,1,2
BRDA:29,2,0,1
BRDA:29,2,1,2
BRDA:30,3,0,1
BRDA:30,3,1,2
BRDA:32,4,0,2
BRDA:32,5,0,3
BRDA:32,5,1,1
BRF:10
BRH:10
end_of_record
TN:
SF:app_routes\User\index.ts
FN:14,(anonymous_7)
FN:14,(anonymous_8)
FN:40,(anonymous_9)
FN:40,(anonymous_10)
FN:59,(anonymous_11)
FN:73,(anonymous_12)
FN:73,(anonymous_13)
FN:92,(anonymous_14)
FN:92,(anonymous_15)
FN:118,(anonymous_16)
FN:118,(anonymous_17)
FN:133,(anonymous_18)
FN:133,(anonymous_19)
FNF:13
FNH:12
FNDA:2,(anonymous_7)
FNDA:2,(anonymous_8)
FNDA:3,(anonymous_9)
FNDA:3,(anonymous_10)
FNDA:0,(anonymous_11)
FNDA:2,(anonymous_12)
FNDA:2,(anonymous_13)
FNDA:3,(anonymous_14)
FNDA:3,(anonymous_15)
FNDA:2,(anonymous_16)
FNDA:2,(anonymous_17)
FNDA:3,(anonymous_18)
FNDA:3,(anonymous_19)
DA:1,6
DA:2,6
DA:3,6
DA:4,6
DA:8,6
DA:9,6
DA:11,6
DA:14,6
DA:15,2
DA:16,2
DA:17,2
DA:19,2
DA:21,2
DA:23,2
DA:24,1
DA:25,1
DA:28,2
DA:29,2
DA:31,2
DA:35,0
DA:36,0
DA:40,6
DA:41,3
DA:42,3
DA:43,3
DA:45,3
DA:46,1
DA:49,2
DA:54,2
DA:55,1
DA:58,1
DA:59,1
DA:60,1
DA:62,1
DA:68,0
DA:69,0
DA:73,6
DA:74,2
DA:75,2
DA:76,2
DA:77,2
DA:78,1
DA:81,1
DA:83,1
DA:87,0
DA:88,0
DA:92,6
DA:93,3
DA:94,3
DA:96,3
DA:98,2
DA:99,1
DA:100,1
DA:106,1
DA:108,1
DA:113,1
DA:114,1
DA:118,6
DA:119,2
DA:120,2
DA:122,2
DA:124,1
DA:128,1
DA:133,6
DA:134,3
DA:135,3
DA:136,3
DA:138,3
DA:139,3
DA:140,1
DA:143,2
DA:146,1
DA:150,1
DA:151,1
DA:155,6
LF:75
LH:69
BRDA:19,0,0,0
BRDA:19,0,1,2
BRDA:23,1,0,1
BRDA:28,2,0,0
BRDA:28,2,1,2
BRDA:45,3,0,1
BRDA:54,4,0,1
BRDA:60,5,0,0
BRDA:60,5,1,1
BRDA:77,6,0,1
BRDA:98,7,0,1
BRDA:139,8,0,1
BRF:12
BRH:9
end_of_record
TN:
SF:functions\convertToInt.ts
FN:5,convertToInt
FNF:1
FNH:1
FNDA:8,convertToInt
DA:5,6
DA:6,8
DA:8,8
DA:9,9
DA:10,9
DA:11,9
DA:12,9
DA:13,9
DA:14,5
DA:16,4
DA:22,8
LF:11
LH:11
BRDA:9,0,0,9
BRDA:11,1,0,9
BRDA:13,2,0,5
BRDA:13,2,1,4
BRF:4
BRH:4
end_of_record
TN:
SF:functions\mailSender.ts
FN:4,sendEmailToTargetLikers
FNF:1
FNH:1
FNDA:1,sendEmailToTargetLikers
DA:1,6
DA:2,6
DA:3,6
DA:5,1
DA:6,1
DA:11,1
DA:22,1
DA:23,0
DA:30,0
DA:33,1
DA:35,0
DA:39,6
LF:12
LH:9
BRF:0
BRH:0
end_of_record
TN:
SF:functions\server.ts
FN:11,createServer
FN:14,(anonymous_2)
FNF:2
FNH:2
FNDA:6,createServer
FNDA:58,(anonymous_2)
DA:1,6
DA:2,6
DA:3,6
DA:4,6
DA:5,6
DA:6,6
DA:7,6
DA:8,6
DA:9,6
DA:12,6
DA:14,6
DA:15,58
DA:16,58
DA:17,58
DA:18,58
DA:19,58
DA:23,6
DA:25,6
DA:27,6
DA:32,6
DA:33,6
DA:34,6
DA:35,6
DA:36,6
DA:37,6
DA:38,6
DA:40,6
DA:42,6
LF:28
LH:28
BRF:0
BRH:0
end_of_record
TN:
SF:functions\unsetKeys.ts
FN:1,unsetKeys
FN:3,(anonymous_1)
FNF:2
FNH:2
FNDA:11,unsetKeys
FNDA:25,(anonymous_1)
DA:1,6
DA:2,11
DA:3,11
DA:4,25
DA:6,11
LF:5
LH:5
BRF:0
BRH:0
end_of_record
TN:
SF:middlewares\autoConvertTypes\index.ts
FN:4,autoConvertTypes
FNF:1
FNH:1
FNDA:58,autoConvertTypes
DA:5,58
DA:6,58
DA:8,58
DA:9,21
DA:10,21
DA:11,0
DA:12,21
DA:13,0
DA:14,21
DA:15,10
DA:17,11
DA:21,58
DA:24,6
LF:13
LH:11
BRDA:10,0,0,0
BRDA:10,0,1,21
BRDA:12,1,0,0
BRDA:12,1,1,21
BRDA:14,2,0,10
BRDA:14,2,1,11
BRDA:17,3,0,0
BRDA:17,3,1,11
BRDA:17,4,0,11
BRDA:17,4,1,11
BRF:10
BRH:7
end_of_record
